= Host-specific information ====================================================
$> hostname; uname -msr
e1z3r2p21.42.us.org
Darwin 17.4.0 x86_64
$> date
Sun Aug  4 17:03:17 PDT 2019
$> gcc --version
Configured with: --prefix=/Library/Developer/CommandLineTools/usr --with-gxx-include-dir=/usr/include/c++/4.2.1
Apple LLVM version 9.1.0 (clang-902.0.39.1)
Target: x86_64-apple-darwin17.4.0
Thread model: posix
InstalledDir: /Library/Developer/CommandLineTools/usr/bin
$> clang --version
Apple LLVM version 9.1.0 (clang-902.0.39.1)
Target: x86_64-apple-darwin17.4.0
Thread model: posix
InstalledDir: /Library/Developer/CommandLineTools/usr/bin

= User files collection ========================================================
Collecting user files from Vogsphere
Repository URL: auto-exam/2019/c-exam-alone-in-the-dark-beginner/practice-exam_20190804/evjohnst22

= Git history ==================================================================
$> git -C /var/folders/y4/xt9p0n35269dmw4_6kblxrfr0000gp/T/tmpDeMR5P/user log --pretty='%H - %an, %ad : %s'
841bc0a7deb78888059c2e8f7628a01d04940f51 - Evan Johnston, Sun Aug 4 17:01:26 2019 -0700 : .
b67448e35196180d1fbf49fef4bd14637d3f7231 - Evan Johnston, Sun Aug 4 17:01:25 2019 -0700 : .
d9fca736f101f446454a569bb1a1ef0602575a05 - Evan Johnston, Sun Aug 4 16:59:23 2019 -0700 : .
52801f58c5b585edea4f3e57f7d55f8e2053bb33 - Evan Johnston, Sun Aug 4 16:57:25 2019 -0700 : .
 
= Collected files ==========================================
$> ls -lAR /var/folders/y4/xt9p0n35269dmw4_6kblxrfr0000gp/T/tmpDeMR5P/user
total 8
-rw-r--r--  1 deepthought  deepthought  871 Aug  4 17:03 __GIT_HISTORY
drwxr-xr-x  3 deepthought  deepthought  102 Aug  4 17:03 hello
drwxr-xr-x  3 deepthought  deepthought  102 Aug  4 17:03 ulstr
drwxr-xr-x  3 deepthought  deepthought  102 Aug  4 17:03 union

/var/folders/y4/xt9p0n35269dmw4_6kblxrfr0000gp/T/tmpDeMR5P/user/hello:
total 8
-rw-r--r--  1 deepthought  deepthought  118 Aug  4 17:03 hello.c

/var/folders/y4/xt9p0n35269dmw4_6kblxrfr0000gp/T/tmpDeMR5P/user/ulstr:
total 8
-rw-r--r--  1 deepthought  deepthought  417 Aug  4 17:03 ulstr.c

/var/folders/y4/xt9p0n35269dmw4_6kblxrfr0000gp/T/tmpDeMR5P/user/union:
total 8
-rw-r--r--  1 deepthought  deepthought  489 Aug  4 17:03 union.c
 
= union ========================================================================
$> gcc -Wextra -Wall -Werror union.c -o user_exe 

= Test 1 ===================================================
$> ./wkvufnsjy1xl8vfao1h6wrni 
$> diff -U 3 user_output_test1 test1.output | cat -e

Diff OK :D
= Test 2 ===================================================
$> ./jfmt0inhfzf63m6paugseor3 "	 " " 		  "
$> diff -U 3 user_output_test2 test2.output | cat -e

Diff OK :D
= Test 3 ===================================================
$> ./jca95w8lzxyc29nfx7vazaiy "eOXvuIhmfn8R"
$> diff -U 3 user_output_test3 test3.output | cat -e

Diff OK :D
= Test 4 ===================================================
$> ./xoijkk5qd8vv6xdwi74up2au "znqjok5xMiZId" "6tli2"
$> diff -U 3 user_output_test4 test4.output | cat -e

Diff OK :D
= Test 5 ===================================================
$> ./fvvmcdz3ymth8qa9oipj1zhh "CLbB" "ldLA"
$> diff -U 3 user_output_test5 test5.output | cat -e

Diff OK :D
= Test 6 ===================================================
$> ./zpg01pk3pw4iw1crf7o20vka "IfnzgqFPhkjBilZ" "Nfj"
$> diff -U 3 user_output_test6 test6.output | cat -e

Diff OK :D
= Test 7 ===================================================
$> ./w37lti06u39ewc5jlx1p4j28 "Y5MGo4zCT7lNH" "1rnzjUmdlE"
$> diff -U 3 user_output_test7 test7.output | cat -e

Diff OK :D
= Test 8 ===================================================
$> ./zhyjnnzpl8m3hh6cefhbzoaj "7moSCDXJljIkPOsBL" "4pld"
$> diff -U 3 user_output_test8 test8.output | cat -e

Diff OK :D
= Test 9 ===================================================
$> ./3up5kc5h3d8kmt3jdpxu349c "lT6SY" "FY2sTPJe"
$> diff -U 3 user_output_test9 test9.output | cat -e

Diff OK :D
= Test 10 ==================================================
$> ./osxnc3xiwiqi10ea1ievxx3l "caAr" "XLQgqRw8lD71frsaU"
$> diff -U 3 user_output_test10 test10.output | cat -e

Diff OK :D
= Test 11 ==================================================
$> ./v1je1gj2az1zmliboxqduq0r "R1czNl" "2LlUCzJh0qgFo"
$> diff -U 3 user_output_test11 test11.output | cat -e

Diff OK :D
= Test 12 ==================================================
$> ./x63osiuunijasfai3hnpkprc "3WtiwV1xATcpN" "daW"
$> diff -U 3 user_output_test12 test12.output | cat -e

Diff OK :D
= Test 13 ==================================================
$> ./7kpt5ej6jbkparjnjn05pzl3 "sbO1rUYehCR4xK7jI" "w1NIzBZh"
$> diff -U 3 user_output_test13 test13.output | cat -e

Diff OK :D
= Test 14 ==================================================
$> ./uxbkbu6s7jtkius6k648qv3g "wuvIF8EGfsT" "F307r"
$> diff -U 3 user_output_test14 test14.output | cat -e

Diff OK :D
= Test 15 ==================================================
$> ./l8ejsfpg2s92efnt8k4wrwm0 "naNYQufL0SqBpAr" "Hf9g1YV5ezN6tvh"
$> diff -U 3 user_output_test15 test15.output | cat -e

Diff OK :D
= Test 16 ==================================================
$> ./34mm2op0c8rt6fbap2rdis72 "2zohgXWu9mv" "PMG8W"
$> diff -U 3 user_output_test16 test16.output | cat -e

Diff OK :D
= Test 17 ==================================================
$> ./qt0cut170etplcbiq39z5o3i "R2dgiv8" "3UWFpILNKkD"
$> diff -U 3 user_output_test17 test17.output | cat -e

Diff OK :D
= Test 18 ==================================================
$> ./6w22ynmsbjjcu94kvq9wu7si "RFKAS" "h7gH"
$> diff -U 3 user_output_test18 test18.output | cat -e

Diff OK :D
= Test 19 ==================================================
$> ./jspsh2rrhxb38bws8m0voemx "CM0qY" "KVPDlC7u"
$> diff -U 3 user_output_test19 test19.output | cat -e

Diff OK :D
= Test 20 ==================================================
$> ./8tpdr9g5xbidx1obznfqvmzp "aPAh" "N7W5C3jYwz8is2Jq"
$> diff -U 3 user_output_test20 test20.output | cat -e

Diff OK :D
Grade: 1

= Final grade: 1 ===============================================================
