= Host-specific information ====================================================
$> hostname; uname -msr
e1z2r1p3.42.us.org
Darwin 17.5.0 x86_64
$> date
Sun Sep  1 14:47:09 PDT 2019
$> gcc --version
Configured with: --prefix=/Library/Developer/CommandLineTools/usr --with-gxx-include-dir=/usr/include/c++/4.2.1
Apple LLVM version 10.0.0 (clang-1000.10.44.4)
Target: x86_64-apple-darwin17.5.0
Thread model: posix
InstalledDir: /Library/Developer/CommandLineTools/usr/bin
$> clang --version
Apple LLVM version 10.0.0 (clang-1000.10.44.4)
Target: x86_64-apple-darwin17.5.0
Thread model: posix
InstalledDir: /Library/Developer/CommandLineTools/usr/bin

= User files collection ========================================================
Collecting user files from Vogsphere
Repository URL: auto-exam/2019/c-exam-alone-in-the-dark-beginner/practice-exam_20190901/evjohnst7

= Git history ==================================================================
$> git -C /var/folders/4s/24p_1t_56s16wj0xn6_3xs900000gp/T/tmpd_tobE/user log --pretty='%H - %an, %ad : %s'
c09046c614341106efebc1077863189caf9af1d2 - Evan Johnston, Sun Sep 1 14:45:18 2019 -0700 : .
 
= Collected files ==========================================
$> ls -lAR /var/folders/4s/24p_1t_56s16wj0xn6_3xs900000gp/T/tmpd_tobE/user
total 8
-rw-r--r--  1 deepthought  deepthought  215 Sep  1 14:47 __GIT_HISTORY
drwxr-xr-x  3 deepthought  deepthought  102 Sep  1 14:47 ft_countdown

/var/folders/4s/24p_1t_56s16wj0xn6_3xs900000gp/T/tmpd_tobE/user/ft_countdown:
total 8
-rw-r--r--  1 deepthought  deepthought  116 Sep  1 14:47 ft_countdown.c
 
= ft_countdown =================================================================
$> gcc -Wextra -Wall -Werror ft_countdown.c -o user_exe 

= Test 1 ===================================================
$> ./wssl9k99ijlqh458tyxhltcz
$> diff -U 3 user_output_test1 test1.output | cat -e

Diff OK :D
Grade: 1

= Final grade: 1 ===============================================================
