= Host-specific information ====================================================
$> hostname; uname -msr
e1z3r2p11.42.us.org
Darwin 17.7.0 x86_64
$> date
Sat Aug  3 18:19:16 PDT 2019
$> gcc --version
Configured with: --prefix=/Applications/Xcode.app/Contents/Developer/usr --with-gxx-include-dir=/usr/include/c++/4.2.1
Apple LLVM version 9.1.0 (clang-902.0.39.2)
Target: x86_64-apple-darwin17.7.0
Thread model: posix
InstalledDir: /Applications/Xcode.app/Contents/Developer/Toolchains/XcodeDefault.xctoolchain/usr/bin
$> clang --version
Apple LLVM version 9.1.0 (clang-902.0.39.2)
Target: x86_64-apple-darwin17.7.0
Thread model: posix
InstalledDir: /Applications/Xcode.app/Contents/Developer/Toolchains/XcodeDefault.xctoolchain/usr/bin

= User files collection ========================================================
Collecting user files from Vogsphere
Repository URL: auto-exam/2019/c-exam-alone-in-the-dark-beginner/practice-exam_20190804/evjohnst7

= Git history ==================================================================
$> git -C /var/folders/m2/g20gl5js4hbbp0h966h1wjb00000gp/T/tmpFcRFvP/user log --pretty='%H - %an, %ad : %s'
62fb0a96f85cb5644ddb3c2b1a26028d8eea0079 - Evan Johnston, Sat Aug 3 18:17:26 2019 -0700 : .
81a4dd2af926d44548ba19cc3e3cf8acba72f96f - Evan Johnston, Sat Aug 3 18:17:24 2019 -0700 : .
d5ad12a2f2f06528a66ee9f503ba02d0719b09ed - Evan Johnston, Sat Aug 3 18:15:22 2019 -0700 : .
edaa62ee08b20b54362d4bcb9f8e701d8c285acd - Evan Johnston, Sat Aug 3 18:15:10 2019 -0700 : .
 
= Collected files ==========================================
$> ls -lAR /var/folders/m2/g20gl5js4hbbp0h966h1wjb00000gp/T/tmpFcRFvP/user
total 8
-rw-r--r--  1 deepthought  deepthought  860 Aug  3 18:19 __GIT_HISTORY
drwxr-xr-x  3 deepthought  deepthought  102 Aug  3 18:19 camel_to_snake
drwxr-xr-x  3 deepthought  deepthought  102 Aug  3 18:19 ft_swap
drwxr-xr-x  3 deepthought  deepthought  102 Aug  3 18:19 only_z

/var/folders/m2/g20gl5js4hbbp0h966h1wjb00000gp/T/tmpFcRFvP/user/camel_to_snake:
total 8
-rw-r--r--  1 deepthought  deepthought  353 Aug  3 18:19 camel_to_snake.c

/var/folders/m2/g20gl5js4hbbp0h966h1wjb00000gp/T/tmpFcRFvP/user/ft_swap:
total 8
-rw-r--r--  1 deepthought  deepthought  103 Aug  3 18:19 ft_swap.c

/var/folders/m2/g20gl5js4hbbp0h966h1wjb00000gp/T/tmpFcRFvP/user/only_z:
total 8
-rw-r--r--  1 deepthought  deepthought  104 Aug  3 18:19 only_z.c
 
= camel_to_snake ===============================================================
$> gcc -Wextra -Wall -Werror camel_to_snake.c -o user_exe 

= Test 1 ===================================================
$> ./xtapno467esaq5kl2a5bx97d ""
$> diff -U 3 user_output_test1 test1.output | cat -e

Diff OK :D
= Test 2 ===================================================
$> ./qeknzih8eqm8mzcu9ykqqouq pohdqefyjUenpozwjiZonvcsytqpwxhgdCybgaozxjqkwtrfdsKmsgyheraocxndPgvkzrulfsyomhnNjghx
$> diff -U 3 user_output_test2 test2.output | cat -e

Diff OK :D
= Test 3 ===================================================
$> ./vp58jigo0dcpt9unlpwwoekr ublcxwfgevdqtXociezhqsdmtfkynbUlvagxqmjperwdtcNsgmzjdclik
$> diff -U 3 user_output_test3 test3.output | cat -e

Diff OK :D
= Test 4 ===================================================
$> ./8nw70aqcl2psy6evhlax9gff jsfwktnplohOpgysuifxtqlHxzfyuodkvwlnVyabpgewo
$> diff -U 3 user_output_test4 test4.output | cat -e

Diff OK :D
= Test 5 ===================================================
$> ./h9j74oaqyvm9r177y3y8eqye cwdKrlqgyovnxtupaeBhavqswoifgckytnxNezrmviDqoixubkzhcwIgqSgjfzitaouhycexvwZsvcnowjlpidk
$> diff -U 3 user_output_test5 test5.output | cat -e

Diff OK :D
= Test 6 ===================================================
$> ./1s1n1en324i2l168xsvvzu5v avuifhgkKwobtYzxtefshpjokcqiJwbhflouatremdskUqsXuchvrfqsJltyzhxbrYluhFumhqbpdrvGeylmwxjvaqiKvngapdoyexiutrDosvtupzjrmxgMesudot
$> diff -U 3 user_output_test6 test6.output | cat -e

Diff OK :D
= Test 7 ===================================================
$> ./wrbzwvotpai8dwegmn4x8cjz njqMojnixcpztfdswqrQynixlvdzogCqhryjwiexnPvuknbEhwjobtlmfqruiIlyxraunjhdkbzSdpUyaTzpygrxoscifmwqIlvaymxtqczwKpmeq
$> diff -U 3 user_output_test7 test7.output | cat -e

Diff OK :D
= Test 8 ===================================================
$> ./syebd4wktu2ams9b7h7p7af9 mwzciryhEcndhoxpkaigfwsvtDgqbwcnkjomsVxcjhibgfpktaYiufsCabznouQmbtdfgsMwfjshudvkarociqSjgKtfuOjpygkcTypkhvxnjlbLigyfebrscjvuadwhGxencl
$> diff -U 3 user_output_test8 test8.output | cat -e

Diff OK :D
= Test 9 ===================================================
$> ./lgwckm6pbdmy0a6ltuw4y158 zybtqxajluFdcLyewcrbpgXqrzEruyjlfiVminyoqacpFtybalkihvqnuWhnfgcsrxivzoaWzaopijGzvxLabfcovhgyxnrpPqxmkihzJznhgvCoydqSkzebDbxrcoai
$> diff -U 3 user_output_test9 test9.output | cat -e

Diff OK :D
= Test 10 ==================================================
$> ./j3ctjbsfsw6os7377cxbonex gyqoxkcsdnmlvazfNfowtqKlsbivjwuxDjioaztwlnxVcklfbapzwVginmeakujbdBypqnfvlrCoiqavjeuMtafgWjvblaneocfygxNlasbxkMujiztnqoydslhcObxzhqkeBkiLainqvwfyxtocjgQysojfvbplzek
$> diff -U 3 user_output_test10 test10.output | cat -e

Diff OK :D
Grade: 1

= Final grade: 1 ===============================================================
