= Host-specific information ====================================================
$> hostname; uname -msr
e1z3r5p14.42.us.org
Darwin 17.7.0 x86_64
$> date
Sun Aug  4 17:15:29 PDT 2019
$> gcc --version
Configured with: --prefix=/Library/Developer/CommandLineTools/usr --with-gxx-include-dir=/usr/include/c++/4.2.1
Apple LLVM version 10.0.0 (clang-1000.10.44.4)
Target: x86_64-apple-darwin17.7.0
Thread model: posix
InstalledDir: /Library/Developer/CommandLineTools/usr/bin
$> clang --version
Apple LLVM version 10.0.0 (clang-1000.10.44.4)
Target: x86_64-apple-darwin17.7.0
Thread model: posix
InstalledDir: /Library/Developer/CommandLineTools/usr/bin

= User files collection ========================================================
Collecting user files from Vogsphere
Repository URL: auto-exam/2019/c-exam-alone-in-the-dark-beginner/practice-exam_20190805/evjohnst

= Git history ==================================================================
$> git -C /var/folders/h7/qhwmyqyj555gqfp5rtmzgbcc0000gp/T/tmpN5SSSJ/user log --pretty='%H - %an, %ad : %s'
2b00a1f73813aa5e4ab567f5449e26ffe7823830 - Evan Johnston, Sun Aug 4 17:13:37 2019 -0700 : .
1dfe28357710e2f352bd463c7188a39327a25c40 - Evan Johnston, Sun Aug 4 17:11:35 2019 -0700 : .
c2e61e6321e13d6a60781a946a9b866fc31561d5 - Evan Johnston, Sun Aug 4 17:09:37 2019 -0700 : .
 
= Collected files ==========================================
$> ls -lAR /var/folders/h7/qhwmyqyj555gqfp5rtmzgbcc0000gp/T/tmpN5SSSJ/user
total 8
-rw-r--r--  1 deepthought  deepthought  653 Aug  4 17:15 __GIT_HISTORY
drwxr-xr-x  3 deepthought  deepthought  102 Aug  4 17:15 first_word
drwxr-xr-x  3 deepthought  deepthought  102 Aug  4 17:15 hello
drwxr-xr-x  3 deepthought  deepthought  102 Aug  4 17:15 swap_bits

/var/folders/h7/qhwmyqyj555gqfp5rtmzgbcc0000gp/T/tmpN5SSSJ/user/first_word:
total 8
-rw-r--r--  1 deepthought  deepthought  329 Aug  4 17:15 first_word.c

/var/folders/h7/qhwmyqyj555gqfp5rtmzgbcc0000gp/T/tmpN5SSSJ/user/hello:
total 8
-rw-r--r--  1 deepthought  deepthought  118 Aug  4 17:15 hello.c

/var/folders/h7/qhwmyqyj555gqfp5rtmzgbcc0000gp/T/tmpN5SSSJ/user/swap_bits:
total 8
-rw-r--r--  1 deepthought  deepthought  497 Aug  4 17:15 swap_bits.c
 
= swap_bits ====================================================================
$> gcc -Wextra -Wall -Werror main.c swap_bits.c -o user_exe 

= Test 1 ===================================================
$> ./glqrxd09b7k7ss922obrjkn3
$> diff -U 3 user_output_test1 test1.output | cat -e

Diff OK :D
Grade: 1

= Final grade: 1 ===============================================================
