= Host-specific information ====================================================
$> hostname; uname -msr
e1z2r10p7.42.us.org
Darwin 17.4.0 x86_64
$> date
Thu Aug  1 21:43:26 PDT 2019
$> gcc --version
Configured with: --prefix=/Library/Developer/CommandLineTools/usr --with-gxx-include-dir=/usr/include/c++/4.2.1
Apple LLVM version 9.1.0 (clang-902.0.39.2)
Target: x86_64-apple-darwin17.4.0
Thread model: posix
InstalledDir: /Library/Developer/CommandLineTools/usr/bin
$> clang --version
Apple LLVM version 9.1.0 (clang-902.0.39.2)
Target: x86_64-apple-darwin17.4.0
Thread model: posix
InstalledDir: /Library/Developer/CommandLineTools/usr/bin

= User files collection ========================================================
Collecting user files from Vogsphere
Repository URL: auto-exam/2019/c-exam-alone-in-the-dark-intermediate/practice-exam_20190802/evjohnst6

= Git history ==================================================================
$> git -C /var/folders/x2/pm8jjsps09z8dtl_6cvtj8000000gp/T/tmpRbhrmL/user log --pretty='%H - %an, %ad : %s'
b39752520eef5de5782211ac2feb7f544ec0483c - Evan Johnston, Thu Aug 1 21:43:25 2019 -0700 : .
 
= Collected files ==========================================
$> ls -lAR /var/folders/x2/pm8jjsps09z8dtl_6cvtj8000000gp/T/tmpRbhrmL/user
total 8
-rw-r--r--  1 deepthought  deepthought  233 Aug  1 21:43 __GIT_HISTORY
drwxr-xr-x  3 deepthought  deepthought  102 Aug  1 21:43 equation

/var/folders/x2/pm8jjsps09z8dtl_6cvtj8000000gp/T/tmpRbhrmL/user/equation:
total 8
-rw-r--r--  1 deepthought  deepthought  481 Aug  1 21:43 equation.c
 
= equation =====================================================================
$> gcc -Wextra -Wall -Werror equation.c main.c -o user_exe 

= Test 1 ===================================================
$> ./a60b93uk5pda1vgcyiwc2mf5 0
$> diff -U 3 user_output_test1 test1.output | cat -e

Diff OK :D
= Test 2 ===================================================
$> ./zvsjkdx0fvihfr32dya5yyfl 3
$> diff -U 3 user_output_test2 test2.output | cat -e

Diff OK :D
= Test 3 ===================================================
$> ./lorinyq4knfnjzorh4ojjuq3 31
$> diff -U 3 user_output_test3 test3.output | cat -e

Diff OK :D
= Test 4 ===================================================
$> ./9aj6raen2mqdivpr19b79ra0 42
$> diff -U 3 user_output_test4 test4.output | cat -e

Diff OK :D
= Test 5 ===================================================
$> ./c13nc2lvhheysx9g9t8jjccb 54
$> diff -U 3 user_output_test5 test5.output | cat -e

Diff OK :D
= Test 6 ===================================================
$> ./90t3qp2ptutr5q7aj2nt8u9a 21
$> diff -U 3 user_output_test6 test6.output | cat -e

Diff OK :D
= Test 7 ===================================================
$> ./94mbfkja6dha9xz6g2e3fr08 111
$> diff -U 3 user_output_test7 test7.output | cat -e

Diff OK :D
= Test 8 ===================================================
$> ./qjgcrjk8act1w6dtgc9krya4 133
$> diff -U 3 user_output_test8 test8.output | cat -e

Diff OK :D
= Test 9 ===================================================
$> ./m4doqy7n6s8p3ky8fli3470z 198
$> diff -U 3 user_output_test9 test9.output | cat -e

Diff OK :D
Grade: 1

= Final grade: 1 ===============================================================
