= Host-specific information ====================================================
$> hostname; uname -msr
e1z2r7p9.42.us.org
Darwin 17.7.0 x86_64
$> date
Thu Aug  1 21:19:46 PDT 2019
$> gcc --version
Configured with: --prefix=/Library/Developer/CommandLineTools/usr --with-gxx-include-dir=/usr/include/c++/4.2.1
Apple LLVM version 9.1.0 (clang-902.0.39.2)
Target: x86_64-apple-darwin17.7.0
Thread model: posix
InstalledDir: /Library/Developer/CommandLineTools/usr/bin
$> clang --version
Apple LLVM version 9.1.0 (clang-902.0.39.2)
Target: x86_64-apple-darwin17.7.0
Thread model: posix
InstalledDir: /Library/Developer/CommandLineTools/usr/bin

= User files collection ========================================================
Collecting user files from Vogsphere
Repository URL: auto-exam/2019/c-exam-alone-in-the-dark-intermediate/practice-exam_20190802/evjohnst5

= Git history ==================================================================
$> git -C /var/folders/1f/_qd3k8c53d3cx81qpkmp0wy00000gp/T/tmp8i7Yi_/user log --pretty='%H - %an, %ad : %s'
ac27f86af41003da3fade9712ffe6ed02c6caccd - Evan Johnston, Thu Aug 1 21:17:51 2019 -0700 : .
 
= Collected files ==========================================
$> ls -lAR /var/folders/1f/_qd3k8c53d3cx81qpkmp0wy00000gp/T/tmp8i7Yi_/user
total 8
-rw-r--r--  1 deepthought  deepthought  251 Aug  1 21:19 __GIT_HISTORY
drwxr-xr-x  3 deepthought  deepthought  102 Aug  1 21:19 print_doublon

/var/folders/1f/_qd3k8c53d3cx81qpkmp0wy00000gp/T/tmp8i7Yi_/user/print_doublon:
total 8
-rw-r--r--  1 deepthought  deepthought  719 Aug  1 21:19 print_doublon.c
 
= print_doublon ================================================================
$> gcc -Wextra -Wall -Werror print_doublon.c main.c -o user_exe 

= Test 1 ===================================================
$> ./xixmw98r124rwunpp9g740ux test_00_1.txt test_00_2.txt
$> diff -U 3 user_output_test1 test1.output | cat -e

Diff OK :D
= Test 2 ===================================================
$> ./houjnuqn38760uj228g9hcc4 test_00_1.txt test_01_2.txt
$> diff -U 3 user_output_test2 test2.output | cat -e

Diff OK :D
= Test 3 ===================================================
$> ./dqnb6z4t6ghgb601l5pmkmk7 test_02_1.txt test_02_2.txt
$> diff -U 3 user_output_test3 test3.output | cat -e

Diff OK :D
Grade: 1

= Final grade: 1 ===============================================================
