= Host-specific information ====================================================
$> hostname; uname -msr
e1z3r1p16.42.us.org
Darwin 17.5.0 x86_64
$> date
Sat Aug  3 18:29:42 PDT 2019
$> gcc --version
Configured with: --prefix=/Library/Developer/CommandLineTools/usr --with-gxx-include-dir=/usr/include/c++/4.2.1
Apple LLVM version 10.0.0 (clang-1000.10.44.4)
Target: x86_64-apple-darwin17.5.0
Thread model: posix
InstalledDir: /Library/Developer/CommandLineTools/usr/bin
$> clang --version
Apple LLVM version 10.0.0 (clang-1000.10.44.4)
Target: x86_64-apple-darwin17.5.0
Thread model: posix
InstalledDir: /Library/Developer/CommandLineTools/usr/bin

= User files collection ========================================================
Collecting user files from Vogsphere
Repository URL: auto-exam/2019/c-exam-alone-in-the-dark-beginner/practice-exam_20190804/evjohnst8

= Git history ==================================================================
$> git -C /var/folders/vq/089bph554sv95h_1pwx_pvvm0000gp/T/tmp2_BhGY/user log --pretty='%H - %an, %ad : %s'
aad3d564be332ad8e8e2d747e27fc1f1fb796909 - Evan Johnston, Sat Aug 3 18:27:52 2019 -0700 : .
085f77321c32d79085b23a66aad69e8f9a8cee3d - Evan Johnston, Sat Aug 3 18:27:51 2019 -0700 : .
2f474a62d802050d9e3b3a5df9b01ce5708684c3 - Evan Johnston, Sat Aug 3 18:25:49 2019 -0700 : .
030fcdc241830c2790fe64390e2a769d1eab6635 - Evan Johnston, Sat Aug 3 18:25:37 2019 -0700 : .
 
= Collected files ==========================================
$> ls -lAR /var/folders/vq/089bph554sv95h_1pwx_pvvm0000gp/T/tmp2_BhGY/user
total 8
-rw-r--r--  1 deepthought  deepthought  890 Aug  3 18:29 __GIT_HISTORY
drwxr-xr-x  3 deepthought  deepthought  102 Aug  3 18:29 ft_strcpy
drwxr-xr-x  3 deepthought  deepthought  102 Aug  3 18:29 maff_alpha
drwxr-xr-x  3 deepthought  deepthought  102 Aug  3 18:29 print_bits

/var/folders/vq/089bph554sv95h_1pwx_pvvm0000gp/T/tmp2_BhGY/user/ft_strcpy:
total 8
-rw-r--r--  1 deepthought  deepthought  455 Aug  3 18:29 ft_strcpy.c

/var/folders/vq/089bph554sv95h_1pwx_pvvm0000gp/T/tmp2_BhGY/user/maff_alpha:
total 8
-rw-r--r--  1 deepthought  deepthought  132 Aug  3 18:29 maff_alpha.c

/var/folders/vq/089bph554sv95h_1pwx_pvvm0000gp/T/tmp2_BhGY/user/print_bits:
total 8
-rw-r--r--  1 deepthought  deepthought  315 Aug  3 18:29 print_bits.c
 
= print_bits ===================================================================
$> gcc -Wextra -Wall -Werror main.c print_bits.c -o user_exe 

= Test 1 ===================================================
$> ./8tw4aatbq944d10y6hp8j3ra
$> diff -U 3 user_output_test1 test1.output | cat -e

Diff OK :D
Grade: 1

= Final grade: 1 ===============================================================
