= Host-specific information ====================================================
$> hostname; uname -msr
e1z1r6p20.42.us.org
Darwin 17.5.0 x86_64
$> date
Sun Sep  1 14:28:31 PDT 2019
$> gcc --version
Configured with: --prefix=/Library/Developer/CommandLineTools/usr --with-gxx-include-dir=/usr/include/c++/4.2.1
Apple LLVM version 9.1.0 (clang-902.0.39.1)
Target: x86_64-apple-darwin17.5.0
Thread model: posix
InstalledDir: /Library/Developer/CommandLineTools/usr/bin
$> clang --version
Apple LLVM version 9.1.0 (clang-902.0.39.1)
Target: x86_64-apple-darwin17.5.0
Thread model: posix
InstalledDir: /Library/Developer/CommandLineTools/usr/bin

= User files collection ========================================================
Collecting user files from Vogsphere
Repository URL: auto-exam/2019/c-exam-alone-in-the-dark-beginner/practice-exam_20190901/evjohnst6

= Git history ==================================================================
$> git -C /var/folders/gn/53ypm7jn67x4_n38_j_g1ndh0000gp/T/tmpbhKTtv/user log --pretty='%H - %an, %ad : %s'
2004e307a65e913c951fe15fa0a7f2217c3c441c - Evan Johnston, Sun Sep 1 14:26:39 2019 -0700 : .
 
= Collected files ==========================================
$> ls -lAR /var/folders/gn/53ypm7jn67x4_n38_j_g1ndh0000gp/T/tmpbhKTtv/user
total 8
-rw-r--r--  1 deepthought  deepthought  203 Sep  1 14:28 __GIT_HISTORY
drwxr-xr-x  3 deepthought  deepthought  102 Sep  1 14:28 only_a

/var/folders/gn/53ypm7jn67x4_n38_j_g1ndh0000gp/T/tmpbhKTtv/user/only_a:
total 8
-rw-r--r--  1 deepthought  deepthought  104 Sep  1 14:28 only_a.c
 
= only_a =======================================================================
$> gcc -Wextra -Wall -Werror only_a.c -o user_exe 

= Test 1 ===================================================
$> ./aq0tw3yxw0cyxcfv8nmn2lup 
$> diff -U 3 user_output_test1 test1.output | cat -e

Diff OK :D
Grade: 1

= Final grade: 1 ===============================================================
