= Host-specific information ====================================================
$> hostname; uname -msr
e1z2r5p13.42.us.org
Darwin 17.7.0 x86_64
$> date
Sun Sep  1 19:09:47 PDT 2019
$> gcc --version
Configured with: --prefix=/Library/Developer/CommandLineTools/usr --with-gxx-include-dir=/usr/include/c++/4.2.1
Apple LLVM version 9.1.0 (clang-902.0.39.2)
Target: x86_64-apple-darwin17.7.0
Thread model: posix
InstalledDir: /Library/Developer/CommandLineTools/usr/bin
$> clang --version
Apple LLVM version 9.1.0 (clang-902.0.39.2)
Target: x86_64-apple-darwin17.7.0
Thread model: posix
InstalledDir: /Library/Developer/CommandLineTools/usr/bin

= User files collection ========================================================
Collecting user files from Vogsphere
Repository URL: auto-exam/2019/c-exam-alone-in-the-dark-beginner/practice-exam_20190902/evjohnst2

= Git history ==================================================================
$> git -C /var/folders/t5/_z1xvdnj2wj15scj5tyh2rq40000gp/T/tmpztL0gy/user log --pretty='%H - %an, %ad : %s'
e3224dc0d4f715de23c43acf5cfa1c339928618c - Evan Johnston, Sun Sep 1 19:04:20 2019 -0700 : .
6065b723cdf8531da444847e4e4ba154f21a80c2 - Evan Johnston, Sun Sep 1 19:02:19 2019 -0700 : .
6cdbc0a6347ba20cce98a8a16a3bccfa4c837d6e - Evan Johnston, Sun Sep 1 19:02:17 2019 -0700 : .
e47c43655c638c2af3444e94c6db4ef93a8eaa7f - Evan Johnston, Sun Sep 1 19:00:16 2019 -0700 : .
06c7ba8774f0894f8694c24b24f8393e221390e7 - Evan Johnston, Sun Sep 1 18:52:07 2019 -0700 : .
e4ffa11c50ee329f5a93634fa7cd0e4f49fe6d17 - Evan Johnston, Sun Sep 1 18:50:06 2019 -0700 : .
8332447b76377926ae1dc6676c1f6ac26a2833c0 - Evan Johnston, Sun Sep 1 18:41:59 2019 -0700 : .
9e551f9d3a713ce7a9468e9b9d0340256fefb289 - Evan Johnston, Sun Sep 1 18:41:45 2019 -0700 : .
 
= Collected files ==========================================
$> ls -lAR /var/folders/t5/_z1xvdnj2wj15scj5tyh2rq40000gp/T/tmpztL0gy/user
total 8
-rw-r--r--  1 deepthought  deepthought  1846 Sep  1 19:09 __GIT_HISTORY
drwxr-xr-x  3 deepthought  deepthought   102 Sep  1 19:09 add_prime_sum
drwxr-xr-x  3 deepthought  deepthought   102 Sep  1 19:09 aff_z
drwxr-xr-x  3 deepthought  deepthought   102 Sep  1 19:09 check_mate
drwxr-xr-x  3 deepthought  deepthought   102 Sep  1 19:09 ft_strlen
drwxr-xr-x  3 deepthought  deepthought   102 Sep  1 19:09 reverse_bits
drwxr-xr-x  3 deepthought  deepthought   102 Sep  1 19:09 rostring

/var/folders/t5/_z1xvdnj2wj15scj5tyh2rq40000gp/T/tmpztL0gy/user/add_prime_sum:
total 8
-rw-r--r--  1 deepthought  deepthought  721 Sep  1 19:09 add_prime_sum.c

/var/folders/t5/_z1xvdnj2wj15scj5tyh2rq40000gp/T/tmpztL0gy/user/aff_z:
total 8
-rw-r--r--  1 deepthought  deepthought  107 Sep  1 19:09 aff_z.c

/var/folders/t5/_z1xvdnj2wj15scj5tyh2rq40000gp/T/tmpztL0gy/user/check_mate:
total 8
-rw-r--r--  1 deepthought  deepthought  2039 Sep  1 19:09 check_mate.c

/var/folders/t5/_z1xvdnj2wj15scj5tyh2rq40000gp/T/tmpztL0gy/user/ft_strlen:
total 8
-rw-r--r--  1 deepthought  deepthought  118 Sep  1 19:09 ft_strlen.c

/var/folders/t5/_z1xvdnj2wj15scj5tyh2rq40000gp/T/tmpztL0gy/user/reverse_bits:
total 8
-rw-r--r--  1 deepthought  deepthought  393 Sep  1 19:09 reverse_bits.c

/var/folders/t5/_z1xvdnj2wj15scj5tyh2rq40000gp/T/tmpztL0gy/user/rostring:
total 8
-rw-r--r--  1 deepthought  deepthought  1008 Sep  1 19:09 rostring.c
 
= check_mate ===================================================================
$> gcc -Wextra -Wall -Werror check_mate.c -o user_exe 

= Test 1 ===================================================
$> ./nh3dn3p1guo9f1fxhrkgjbq6 
$> diff -U 3 user_output_test1 test1.output | cat -e

Diff OK :D
= Test 2 ===================================================
$> ./0onnegmilccpl08lshdem114 '...B.' '.B...' '$%^&*' '...K.' '.....'
$> diff -U 3 user_output_test2 test2.output | cat -e

Diff OK :D
= Test 3 ===================================================
$> ./8k1vxq33jolhmq2d3nzzwncv  "...B." ".T..." "....." "...K." "....."
$> diff -U 3 user_output_test3 test3.output | cat -e

Diff OK :D
= Test 4 ===================================================
$> ./3bvj76gd5vbmuvie7alcnxl7 "K"
$> diff -U 3 user_output_test4 test4.output | cat -e

Diff OK :D
= Test 5 ===================================================
$> ./jfgabd9bqk9k1yui9qxdbnyd "BPKP" "PRP." ".Q.." "..P."
$> diff -U 3 user_output_test5 test5.output | cat -e

Diff OK :D
= Test 6 ===================================================
$> ./5q2kx1jy755vkw1hrv1rsh8f "B....." "......" "......" "......" "......" ".....K"
$> diff -U 3 user_output_test6 test6.output | cat -e

Diff OK :D
= Test 7 ===================================================
$> ./s4hwsgkgnfzo6ycwju9gf6ks "K....." "......" "......" "......" "......" ".....B"
$> diff -U 3 user_output_test7 test7.output | cat -e

Diff OK :D
= Test 8 ===================================================
$> ./f1ftzhfkaj4drzb5ll1lzukx '........' '........' '.P....P.' '...B.B..' '....Q...' '..R..R..' '......K.' '...R....'
$> diff -U 3 user_output_test8 test8.output | cat -e

Diff OK :D
Grade: 1

= Final grade: 1 ===============================================================
