= Host-specific information ====================================================
$> hostname; uname -msr
e1z1r6p20.42.us.org
Darwin 17.5.0 x86_64
$> date
Sun Aug  4 17:17:31 PDT 2019
$> gcc --version
Configured with: --prefix=/Library/Developer/CommandLineTools/usr --with-gxx-include-dir=/usr/include/c++/4.2.1
Apple LLVM version 9.1.0 (clang-902.0.39.1)
Target: x86_64-apple-darwin17.5.0
Thread model: posix
InstalledDir: /Library/Developer/CommandLineTools/usr/bin
$> clang --version
Apple LLVM version 9.1.0 (clang-902.0.39.1)
Target: x86_64-apple-darwin17.5.0
Thread model: posix
InstalledDir: /Library/Developer/CommandLineTools/usr/bin

= User files collection ========================================================
Collecting user files from Vogsphere
Repository URL: auto-exam/2019/c-exam-alone-in-the-dark-beginner/practice-exam_20190805/evjohnst

= Git history ==================================================================
$> git -C /var/folders/gn/53ypm7jn67x4_n38_j_g1ndh0000gp/T/tmpIqdhas/user log --pretty='%H - %an, %ad : %s'
8a7c54efa708cc58fac37659a98c45d4fc8b98dd - Evan Johnston, Sun Aug 4 17:15:39 2019 -0700 : .
2b00a1f73813aa5e4ab567f5449e26ffe7823830 - Evan Johnston, Sun Aug 4 17:13:37 2019 -0700 : .
1dfe28357710e2f352bd463c7188a39327a25c40 - Evan Johnston, Sun Aug 4 17:11:35 2019 -0700 : .
c2e61e6321e13d6a60781a946a9b866fc31561d5 - Evan Johnston, Sun Aug 4 17:09:37 2019 -0700 : .
 
= Collected files ==========================================
$> ls -lAR /var/folders/gn/53ypm7jn67x4_n38_j_g1ndh0000gp/T/tmpIqdhas/user
total 8
-rw-r--r--  1 deepthought  deepthought  889 Aug  4 17:17 __GIT_HISTORY
drwxr-xr-x  3 deepthought  deepthought  102 Aug  4 17:17 first_word
drwxr-xr-x  3 deepthought  deepthought  102 Aug  4 17:17 hello
drwxr-xr-x  3 deepthought  deepthought  102 Aug  4 17:17 print_hex
drwxr-xr-x  3 deepthought  deepthought  102 Aug  4 17:17 swap_bits

/var/folders/gn/53ypm7jn67x4_n38_j_g1ndh0000gp/T/tmpIqdhas/user/first_word:
total 8
-rw-r--r--  1 deepthought  deepthought  329 Aug  4 17:17 first_word.c

/var/folders/gn/53ypm7jn67x4_n38_j_g1ndh0000gp/T/tmpIqdhas/user/hello:
total 8
-rw-r--r--  1 deepthought  deepthought  118 Aug  4 17:17 hello.c

/var/folders/gn/53ypm7jn67x4_n38_j_g1ndh0000gp/T/tmpIqdhas/user/print_hex:
total 8
-rw-r--r--  1 deepthought  deepthought  425 Aug  4 17:17 print_hex.c

/var/folders/gn/53ypm7jn67x4_n38_j_g1ndh0000gp/T/tmpIqdhas/user/swap_bits:
total 8
-rw-r--r--  1 deepthought  deepthought  497 Aug  4 17:17 swap_bits.c
 
= print_hex ====================================================================
$> gcc -Wextra -Wall -Werror print_hex.c -o user_exe 

= Test 1 ===================================================
$> ./cwqlrrc5ut66svw3xy22vqho 
$> diff -U 3 user_output_test1 test1.output | cat -e

Diff OK :D
= Test 2 ===================================================
$> ./21x31g5sjtb7dvqj80yaao7d "21" "2313"
$> diff -U 3 user_output_test2 test2.output | cat -e

Diff OK :D
= Test 3 ===================================================
$> ./mmzia9ir5pbjtv8d8nxgn0kx 2147483647
$> diff -U 3 user_output_test3 test3.output | cat -e

Diff OK :D
= Test 4 ===================================================
$> ./517jaembclogli25ke6imgov 0
$> diff -U 3 user_output_test4 test4.output | cat -e

Diff OK :D
= Test 5 ===================================================
$> ./58asez5axrfi45akgwujz8i2 1161495082
$> diff -U 3 user_output_test5 test5.output | cat -e

Diff OK :D
= Test 6 ===================================================
$> ./wfdvqvxf9zw938lke1ddr3w6 733294822
$> diff -U 3 user_output_test6 test6.output | cat -e

Diff OK :D
= Test 7 ===================================================
$> ./qvz4uqkgyz4rc6oouy6btv8l 1865330523
$> diff -U 3 user_output_test7 test7.output | cat -e

Diff OK :D
= Test 8 ===================================================
$> ./1uadjzdy0pyz79aimwtlo4rv 1358690193
$> diff -U 3 user_output_test8 test8.output | cat -e

Diff OK :D
= Test 9 ===================================================
$> ./19lmvlpcvqay06a59kjgq015 1895485737
$> diff -U 3 user_output_test9 test9.output | cat -e

Diff OK :D
= Test 10 ==================================================
$> ./0351ekvpmwc18eksyja8tf0f 1017286891
$> diff -U 3 user_output_test10 test10.output | cat -e

Diff OK :D
= Test 11 ==================================================
$> ./dcrbecd4xnzfgg4n2ajd6jte 1361379404
$> diff -U 3 user_output_test11 test11.output | cat -e

Diff OK :D
= Test 12 ==================================================
$> ./rp5j66o3ihw9v10qwk66wkl5 1469367773
$> diff -U 3 user_output_test12 test12.output | cat -e

Diff OK :D
= Test 13 ==================================================
$> ./l5mrny02pbum4zb1ht22zctc 875767004
$> diff -U 3 user_output_test13 test13.output | cat -e

Diff OK :D
= Test 14 ==================================================
$> ./o5ralflnn42ayq1ppdt6e712 1976373360
$> diff -U 3 user_output_test14 test14.output | cat -e

Diff OK :D
= Test 15 ==================================================
$> ./370i2oxkvcwcpgcvygcaqr10 29860561
$> diff -U 3 user_output_test15 test15.output | cat -e

Diff OK :D
= Test 16 ==================================================
$> ./tjrakkyaa6f71ucxozno1ivz 250529999
$> diff -U 3 user_output_test16 test16.output | cat -e

Diff OK :D
= Test 17 ==================================================
$> ./euda70bncasee2neh4c16v2o 904682833
$> diff -U 3 user_output_test17 test17.output | cat -e

Diff OK :D
= Test 18 ==================================================
$> ./37dhwtseuu128d6deppv5p9r 164944854
$> diff -U 3 user_output_test18 test18.output | cat -e

Diff OK :D
= Test 19 ==================================================
$> ./koy9syr8kbyoe025j1l0b10b 219194700
$> diff -U 3 user_output_test19 test19.output | cat -e

Diff OK :D
= Test 20 ==================================================
$> ./y44do03tpeyf7566lp0k1rzf 1004672953
$> diff -U 3 user_output_test20 test20.output | cat -e

Diff OK :D
Grade: 1

= Final grade: 1 ===============================================================
