= Host-specific information ====================================================
$> hostname; uname -msr
e1z2r5p47.42.us.org
Darwin 17.4.0 x86_64
$> date
Sun Aug  4 17:23:37 PDT 2019
$> gcc --version
Configured with: --prefix=/Library/Developer/CommandLineTools/usr --with-gxx-include-dir=/usr/include/c++/4.2.1
Apple LLVM version 9.0.0 (clang-900.0.39.2)
Target: x86_64-apple-darwin17.4.0
Thread model: posix
InstalledDir: /Library/Developer/CommandLineTools/usr/bin
$> clang --version
Apple LLVM version 9.0.0 (clang-900.0.39.2)
Target: x86_64-apple-darwin17.4.0
Thread model: posix
InstalledDir: /Library/Developer/CommandLineTools/usr/bin

= User files collection ========================================================
Collecting user files from Vogsphere
Repository URL: auto-exam/2019/c-exam-alone-in-the-dark-beginner/practice-exam_20190805/evjohnst2

= Git history ==================================================================
$> git -C /var/folders/cc/y659_x910r12lfnlpl4w5zfh0000gp/T/tmp5fFjY7/user log --pretty='%H - %an, %ad : %s'
e38fe0a57e54ce8113d7a7d1e2e3b7b0131aefb9 - Evan Johnston, Sun Aug 4 17:21:59 2019 -0700 : .
 
= Collected files ==========================================
$> ls -lAR /var/folders/cc/y659_x910r12lfnlpl4w5zfh0000gp/T/tmp5fFjY7/user
total 8
-rw-r--r--  1 deepthought  deepthought  201 Aug  4 17:23 __GIT_HISTORY
drwxr-xr-x  3 deepthought  deepthought  102 Aug  4 17:23 hello

/var/folders/cc/y659_x910r12lfnlpl4w5zfh0000gp/T/tmp5fFjY7/user/hello:
total 8
-rw-r--r--  1 deepthought  deepthought  118 Aug  4 17:23 hello.c
 
= hello ========================================================================
$> gcc -Wextra -Wall -Werror hello.c -o user_exe 

= Test 1 ===================================================
$> ./iyr0379v4dk7ke2ya87b0x4b test1.prm
$> diff -U 3 user_output_test1 test1.output | cat -e

Diff OK :D
Grade: 1

= Final grade: 1 ===============================================================
