= Host-specific information ====================================================
$> hostname; uname -msr
e1z3r5p7.42.us.org
Darwin 17.7.0 x86_64
$> date
Sat Aug  3 17:43:54 PDT 2019
$> gcc --version
Configured with: --prefix=/Library/Developer/CommandLineTools/usr --with-gxx-include-dir=/usr/include/c++/4.2.1
Apple LLVM version 10.0.0 (clang-1000.10.44.4)
Target: x86_64-apple-darwin17.7.0
Thread model: posix
InstalledDir: /Library/Developer/CommandLineTools/usr/bin
$> clang --version
Apple LLVM version 10.0.0 (clang-1000.10.44.4)
Target: x86_64-apple-darwin17.7.0
Thread model: posix
InstalledDir: /Library/Developer/CommandLineTools/usr/bin

= User files collection ========================================================
Collecting user files from Vogsphere
Repository URL: auto-exam/2019/c-exam-alone-in-the-dark-beginner/practice-exam_20190804/evjohnst4

= Git history ==================================================================
$> git -C /var/folders/5n/0qjtcl_d3xj7ch_dqxgtmkm80000gp/T/tmpX7JThs/user log --pretty='%H - %an, %ad : %s'
e1c8660695e84c61253691c686ad2c10c0ac2da2 - Evan Johnston, Sat Aug 3 17:43:53 2019 -0700 : .
 
= Collected files ==========================================
$> ls -lAR /var/folders/5n/0qjtcl_d3xj7ch_dqxgtmkm80000gp/T/tmpX7JThs/user
total 8
-rw-r--r--  1 deepthought  deepthought  217 Aug  3 17:43 __GIT_HISTORY
drwxr-xr-x  3 deepthought  deepthought  102 Aug  3 17:43 maff_revalpha

/var/folders/5n/0qjtcl_d3xj7ch_dqxgtmkm80000gp/T/tmpX7JThs/user/maff_revalpha:
total 8
-rw-r--r--  1 deepthought  deepthought  132 Aug  3 17:43 maff_revalpha.c
 
= maff_revalpha ================================================================
$> gcc -Wextra -Wall -Werror maff_revalpha.c -o user_exe 

= Test 1 ===================================================
$> ./oc44fjruaebg9j42rau9xrxz
$> diff -U 3 user_output_test1 test1.output | cat -e

Diff OK :D
Grade: 1

= Final grade: 1 ===============================================================
