= Host-specific information ====================================================
$> hostname; uname -msr
e1z2r8p25.42.us.org
Darwin 17.7.0 x86_64
$> date
Sat Aug  3 17:52:02 PDT 2019
$> gcc --version
Configured with: --prefix=/Library/Developer/CommandLineTools/usr --with-gxx-include-dir=/usr/include/c++/4.2.1
Apple LLVM version 10.0.0 (clang-1000.10.44.4)
Target: x86_64-apple-darwin17.7.0
Thread model: posix
InstalledDir: /Library/Developer/CommandLineTools/usr/bin
$> clang --version
Apple LLVM version 10.0.0 (clang-1000.10.44.4)
Target: x86_64-apple-darwin17.7.0
Thread model: posix
InstalledDir: /Library/Developer/CommandLineTools/usr/bin

= User files collection ========================================================
Collecting user files from Vogsphere
Repository URL: auto-exam/2019/c-exam-alone-in-the-dark-beginner/practice-exam_20190804/evjohnst4

= Git history ==================================================================
$> git -C /var/folders/zh/sjxxqg8926v2y4n_xztp008c0000gp/T/tmp1zJW88/user log --pretty='%H - %an, %ad : %s'
59ae5a8abde20b5802beb1935910dd6b41dbe8d1 - Evan Johnston, Sat Aug 3 17:50:12 2019 -0700 : .
e18fe54caf2037f5a6bb31937397b2e4de74282c - Evan Johnston, Sat Aug 3 17:50:11 2019 -0700 : .
aa36c99ef9bce62f1e7981476ab798ed509d9f87 - Evan Johnston, Sat Aug 3 17:48:10 2019 -0700 : .
9739640ca2acd302cd8da9f043a6f4c5109101cb - Evan Johnston, Sat Aug 3 17:48:08 2019 -0700 : .
57705c294b71429d3636449807587dcf8070fbb8 - Evan Johnston, Sat Aug 3 17:46:09 2019 -0700 : .
8b3ae30358dea1955627904fcca6f6ddd00b426b - Evan Johnston, Sat Aug 3 17:44:06 2019 -0700 : .
7b49d0a4733ecac73fd864dd61ebb0d053d4040f - Evan Johnston, Sat Aug 3 17:44:04 2019 -0700 : .
e1c8660695e84c61253691c686ad2c10c0ac2da2 - Evan Johnston, Sat Aug 3 17:43:53 2019 -0700 : .
 
= Collected files ==========================================
$> ls -lAR /var/folders/zh/sjxxqg8926v2y4n_xztp008c0000gp/T/tmp1zJW88/user
total 8
-rw-r--r--  1 deepthought  deepthought  1836 Aug  3 17:52 __GIT_HISTORY
drwxr-xr-x  3 deepthought  deepthought   102 Aug  3 17:52 ft_rrange
drwxr-xr-x  3 deepthought  deepthought   102 Aug  3 17:52 ft_split
drwxr-xr-x  3 deepthought  deepthought   102 Aug  3 17:52 ft_strlen
drwxr-xr-x  3 deepthought  deepthought   102 Aug  3 17:52 is_power_of_2
drwxr-xr-x  3 deepthought  deepthought   102 Aug  3 17:52 maff_revalpha

/var/folders/zh/sjxxqg8926v2y4n_xztp008c0000gp/T/tmp1zJW88/user/ft_rrange:
total 8
-rw-r--r--  1 deepthought  deepthought  790 Aug  3 17:52 ft_rrange.c

/var/folders/zh/sjxxqg8926v2y4n_xztp008c0000gp/T/tmp1zJW88/user/ft_split:
total 8
-rw-r--r--  1 deepthought  deepthought  1854 Aug  3 17:52 ft_split.c

/var/folders/zh/sjxxqg8926v2y4n_xztp008c0000gp/T/tmp1zJW88/user/ft_strlen:
total 8
-rw-r--r--  1 deepthought  deepthought  118 Aug  3 17:52 ft_strlen.c

/var/folders/zh/sjxxqg8926v2y4n_xztp008c0000gp/T/tmp1zJW88/user/is_power_of_2:
total 8
-rw-r--r--  1 deepthought  deepthought  329 Aug  3 17:52 is_power_of_2.c

/var/folders/zh/sjxxqg8926v2y4n_xztp008c0000gp/T/tmp1zJW88/user/maff_revalpha:
total 8
-rw-r--r--  1 deepthought  deepthought  132 Aug  3 17:52 maff_revalpha.c
 
= ft_split =====================================================================
$> gcc -Wextra -Wall -Werror ft_split.c main.c -o user_exe 

= Test 1 ===================================================
$> ./8lfw3lhmbvs8wcrwwcpd3ovs ""
$> diff -U 3 user_output_test1 test1.output | cat -e

Diff OK :D
= Test 2 ===================================================
$> ./gkvefciqhquo6uec6zo4u4pk "  "
$> diff -U 3 user_output_test2 test2.output | cat -e

Diff OK :D
= Test 3 ===================================================
$> ./ddk53m8iwpjys6gruv34h76x "  	 	
	"
$> diff -U 3 user_output_test3 test3.output | cat -e

Diff OK :D
= Test 4 ===================================================
$> ./ygalobgl7o7ktxrfryqcf6qw "3EiOz"
$> diff -U 3 user_output_test4 test4.output | cat -e

Diff OK :D
= Test 5 ===================================================
$> ./5fv9iiq9fhd2m3y618fy86tk "doz2BlYh5Zs7y6"
$> diff -U 3 user_output_test5 test5.output | cat -e

Diff OK :D
= Test 6 ===================================================
$> ./ezqxht075df905dmuatgq37j "		
  UgkNwOmDb
	DJO7qrvGKpEL5VHZMoN7Kl3G18Lx	 	rZvB5ljeSpYx  
 
SjZpvrxa   	 0FgxRmL
 
	  IpLbM85 
DjvObnHPrOvLXW0 
	
pe2OM6VdiZ0zQlPybZBo
 


 uDMYy   l83AZMHs5GFjEzfcq
 nAPRdXk0QNj 			1zISfj0
  	 1jshwuvG9E8	 

		ruKmObSfywk1UT		 "
$> diff -U 3 user_output_test6 test6.output | cat -e

Diff OK :D
= Test 7 ===================================================
$> ./jscwhgqt5z4drwg5aqn673xl " 	 SuPjosDn	
 	RyBzqCTDgZ06  			RK7kCMam   GPiIJ YGS3rRAK1Mqu
	 	EXpubo5AI		
4dG1kU6xZqpOV0g
LqZoh2jVnkbTP		 OTV3SKe89 0YBH 
 
MJOQ91tL5pDsjQS"
$> diff -U 3 user_output_test7 test7.output | cat -e

Diff OK :D
= Test 8 ===================================================
$> ./pryzfbrwntvzdjsw2pat5p7h "

	
PCSRYwmXU0zfvt7qG  
	 	JTCNqgU9V 8oGQIbvxN0X5	exLyCs

 	xAthS0JcZPqkLr
	 tNxF1y3WpoDdg 
	

	YnVEvL7	
  RSWtEFo3LQVY4PEX5uKdbLDR
 	 	xrLRZdOK6aCjpnI8MVaBNSxOZofiQ
   15F4scf

OX6
	 	J2qsYNB  yB4F 	 

 l5nRCJrdTiDkL	
	  NK5xiH1fswWEmncvS	 

 
"
$> diff -U 3 user_output_test8 test8.output | cat -e

Diff OK :D
= Test 9 ===================================================
$> ./1ey93edheh5sx3rczpdq3p1v "	dvV
   	M4BbgqJIQEY3W  
 	Afl21hdrKH6g 
aFBDJL 
 	
jimY  

  RvHrK0htqbu5	
3Vku jisRkv 		 	
UcAj6589eRT 


 	"
$> diff -U 3 user_output_test9 test9.output | cat -e

Diff OK :D
Grade: 1

= Final grade: 1 ===============================================================
