= Host-specific information ====================================================
$> hostname; uname -msr
e1z2r12p2.42.us.org
Darwin 17.4.0 x86_64
$> date
Sat Jun 29 13:55:18 PDT 2019
$> gcc --version
Configured with: --prefix=/Library/Developer/CommandLineTools/usr --with-gxx-include-dir=/usr/include/c++/4.2.1
Apple LLVM version 9.0.0 (clang-900.0.39.2)
Target: x86_64-apple-darwin17.4.0
Thread model: posix
InstalledDir: /Library/Developer/CommandLineTools/usr/bin
$> clang --version
Apple LLVM version 9.0.0 (clang-900.0.39.2)
Target: x86_64-apple-darwin17.4.0
Thread model: posix
InstalledDir: /Library/Developer/CommandLineTools/usr/bin

= User files collection ========================================================
Collecting user files from Vogsphere
Repository URL: auto-exam/2019/c-exam-alone-in-the-dark-beginner/practice-exam_20190629/evjohnst

= Git history ==================================================================
$> git -C /var/folders/0y/5p95x7cd3vb2gty2by7vtc1c0000gp/T/tmpSjXgMz/user log --pretty='%H - %an, %ad : %s'
461a57fe51e92d61cb2810519afa75fd6b85b94b - Evan Johnston, Sat Jun 29 13:55:14 2019 -0700 : .
999331387aa2319be8eed08f4603680b96399afd - Evan Johnston, Sat Jun 29 13:53:00 2019 -0700 : .
b61c6ae2335a65f36eee743b6f2bea431fbcc6a7 - Evan Johnston, Sat Jun 29 13:35:59 2019 -0700 : .
cd2c5af04eb2e0cfee4067c37e9af2325428d610 - Evan Johnston, Sat Jun 29 13:19:53 2019 -0700 : .
988c8c8dfe45b63e28bd1f4fef57fe2696b50e3a - Evan Johnston, Sat Jun 29 13:03:08 2019 -0700 : .
5af8bb468b255d301f887980237228c27fd511ae - Evan Johnston, Sat Jun 29 12:47:38 2019 -0700 : .
9866cc28f2127292e284da40de1aa56e279c1db5 - Evan Johnston, Sat Jun 29 12:46:28 2019 -0700 : .
 
= Collected files ==========================================
$> ls -lAR /var/folders/0y/5p95x7cd3vb2gty2by7vtc1c0000gp/T/tmpSjXgMz/user
total 8
-rw-r--r--  1 deepthought  deepthought  1726 Jun 29 13:55 __GIT_HISTORY
drwxr-xr-x  3 deepthought  deepthought   102 Jun 29 13:55 ft_itoa_base
drwxr-xr-x  3 deepthought  deepthought   102 Jun 29 13:55 ft_rrange
drwxr-xr-x  3 deepthought  deepthought   102 Jun 29 13:55 ft_strpbrk
drwxr-xr-x  3 deepthought  deepthought   102 Jun 29 13:55 only_z
drwxr-xr-x  3 deepthought  deepthought   102 Jun 29 13:55 options
drwxr-xr-x  3 deepthought  deepthought   102 Jun 29 13:55 rev_wstr
drwxr-xr-x  3 deepthought  deepthought   102 Jun 29 13:55 rot_13

/var/folders/0y/5p95x7cd3vb2gty2by7vtc1c0000gp/T/tmpSjXgMz/user/ft_itoa_base:
total 8
-rw-r--r--  1 deepthought  deepthought  1282 Jun 29 13:55 ft_itoa_base.c

/var/folders/0y/5p95x7cd3vb2gty2by7vtc1c0000gp/T/tmpSjXgMz/user/ft_rrange:
total 8
-rw-r--r--  1 deepthought  deepthought  757 Jun 29 13:55 ft_rrange.c

/var/folders/0y/5p95x7cd3vb2gty2by7vtc1c0000gp/T/tmpSjXgMz/user/ft_strpbrk:
total 8
-rw-r--r--  1 deepthought  deepthought  722 Jun 29 13:55 ft_strpbrk.c

/var/folders/0y/5p95x7cd3vb2gty2by7vtc1c0000gp/T/tmpSjXgMz/user/only_z:
total 8
-rw-r--r--  1 deepthought  deepthought  71 Jun 29 13:55 only_z.c

/var/folders/0y/5p95x7cd3vb2gty2by7vtc1c0000gp/T/tmpSjXgMz/user/options:
total 8
-rw-r--r--  1 deepthought  deepthought  917 Jun 29 13:55 options.c

/var/folders/0y/5p95x7cd3vb2gty2by7vtc1c0000gp/T/tmpSjXgMz/user/rev_wstr:
total 8
-rw-r--r--  1 deepthought  deepthought  526 Jun 29 13:55 rev_wstr.c

/var/folders/0y/5p95x7cd3vb2gty2by7vtc1c0000gp/T/tmpSjXgMz/user/rot_13:
total 8
-rw-r--r--  1 deepthought  deepthought  472 Jun 29 13:55 rot_13.c
 
= options ======================================================================
$> gcc -Wextra -Wall -Werror options.c -o user_exe 

= Test 1 ===================================================
$> ./yrdr54e914skui9edrzjb301 
$> diff -U 3 user_output_test1 test1.output | cat -e

Diff OK :D
= Test 2 ===================================================
$> ./4npvaak23hsjkesd4rm1xc8f -abcz -w -ijfek -lildali -pirmakn -apizobouzaguoca
$> diff -U 3 user_output_test2 test2.output | cat -e

Diff OK :D
= Test 3 ===================================================
$> ./16t5o55h9q5xexvdoswoh26b -z bonjour -cd -e
$> diff -U 3 user_output_test3 test3.output | cat -e

Diff OK :D
= Test 4 ===================================================
$> ./pqkzb7dsvl4kehpruglz3vv8 -a --a
$> diff -U 3 user_output_test4 test4.output | cat -e

Diff OK :D
= Test 5 ===================================================
$> ./dzl32fvhs93zjjbnq0f7i2qp -ab% -zd
$> diff -U 3 user_output_test5 test5.output | cat -e

Diff OK :D
= Test 6 ===================================================
$> ./tpaxz1csc5u0swa8554m9gl3 -abcdefgijklmnopqrstuvwxyz
$> diff -U 3 user_output_test6 test6.output | cat -e

Diff OK :D
= Test 7 ===================================================
$> ./2ywmh62ck8oxtgrjcn69qo61 Bonjour
$> diff -U 3 user_output_test7 test7.output | cat -e

Diff OK :D
= Test 8 ===================================================
$> ./als3bp9taf1d0kt0jw1bp6zw -
$> diff -U 3 user_output_test8 test8.output | cat -e

Diff OK :D
Grade: 1

= Final grade: 1 ===============================================================
