= Host-specific information ====================================================
$> hostname; uname -msr
e1z2r2p15.42.us.org
Darwin 17.2.0 x86_64
$> date
Thu Aug  1 22:27:54 PDT 2019
$> gcc --version
Configured with: --prefix=/Library/Developer/CommandLineTools/usr --with-gxx-include-dir=/usr/include/c++/4.2.1
Apple LLVM version 10.0.0 (clang-1000.10.44.2)
Target: x86_64-apple-darwin17.2.0
Thread model: posix
InstalledDir: /Library/Developer/CommandLineTools/usr/bin
$> clang --version
Apple LLVM version 10.0.0 (clang-1000.10.44.2)
Target: x86_64-apple-darwin17.2.0
Thread model: posix
InstalledDir: /Library/Developer/CommandLineTools/usr/bin

= User files collection ========================================================
Collecting user files from Vogsphere
Repository URL: auto-exam/2019/c-exam-alone-in-the-dark-intermediate/practice-exam_20190802/evjohnst8

= Git history ==================================================================
$> git -C /var/folders/0w/sh_hxw5j2vn87cy1j1g7vbpc0000gp/T/tmpPwHa5Y/user log --pretty='%H - %an, %ad : %s'
3d2deac3c148fc3ea7e447d0faf625d6350b6b10 - Evan Johnston, Thu Aug 1 22:27:53 2019 -0700 : .
 
= Collected files ==========================================
$> ls -lAR /var/folders/0w/sh_hxw5j2vn87cy1j1g7vbpc0000gp/T/tmpPwHa5Y/user
total 8
-rw-r--r--  1 deepthought  deepthought  253 Aug  1 22:27 __GIT_HISTORY
drwxr-xr-x  3 deepthought  deepthought  102 Aug  1 22:27 find_pivot

/var/folders/0w/sh_hxw5j2vn87cy1j1g7vbpc0000gp/T/tmpPwHa5Y/user/find_pivot:
total 8
-rw-r--r--  1 deepthought  deepthought  1582 Aug  1 22:27 find_pivot.c
 
= find_pivot ===================================================================
$> gcc -Wextra -Wall -Werror find_pivot.c main.c -o user_exe 

= Test 1 ===================================================
$> ./pyzs5298lx6915nmahc8k0w4 test_00.txt
$> diff -U 3 user_output_test1 test1.output | cat -e

Diff OK :D
= Test 2 ===================================================
$> ./g64phykcqzinf3cc63ioj9oq test_01.txt
$> diff -U 3 user_output_test2 test2.output | cat -e

Diff OK :D
= Test 3 ===================================================
$> ./jcqzzmwbivo1a008wjnu4pey test_02.txt
$> diff -U 3 user_output_test3 test3.output | cat -e

Diff OK :D
= Test 4 ===================================================
$> ./7smpsf052ixxim8punxu6g7u test_03.txt
$> diff -U 3 user_output_test4 test4.output | cat -e

Diff OK :D
= Test 5 ===================================================
$> ./d2xs0f392km2iho1qngn90j0 test_04.txt
$> diff -U 3 user_output_test5 test5.output | cat -e

Diff OK :D
= Test 6 ===================================================
$> ./hbnktqouwa3r8wke0i28275v test_05.txt
$> diff -U 3 user_output_test6 test6.output | cat -e

Diff OK :D
= Test 7 ===================================================
$> ./bvrg2jyamcbsq0dbtav93rq2 test_06.txt
$> diff -U 3 user_output_test7 test7.output | cat -e

Diff OK :D
= Test 8 ===================================================
$> ./glne9b6lpybtual3lii00b3j test_07.txt
$> diff -U 3 user_output_test8 test8.output | cat -e

Diff OK :D
= Test 9 ===================================================
$> ./99z9o7l4fd9g0dkp0k8c1hsp test_08.txt
$> diff -U 3 user_output_test9 test9.output | cat -e

Diff OK :D
Grade: 1

= Final grade: 1 ===============================================================
