= Host-specific information ====================================================
$> hostname; uname -msr
e1z2r7p30.42.us.org
Darwin 17.4.0 x86_64
$> date
Wed Jun 19 16:05:02 PDT 2019
$> gcc --version
Configured with: --prefix=/Library/Developer/CommandLineTools/usr --with-gxx-include-dir=/usr/include/c++/4.2.1
Apple LLVM version 9.0.0 (clang-900.0.39.2)
Target: x86_64-apple-darwin17.4.0
Thread model: posix
InstalledDir: /Library/Developer/CommandLineTools/usr/bin
$> clang --version
Apple LLVM version 9.0.0 (clang-900.0.39.2)
Target: x86_64-apple-darwin17.4.0
Thread model: posix
InstalledDir: /Library/Developer/CommandLineTools/usr/bin

= User files collection ========================================================
Collecting user files from Vogsphere
Repository URL: auto-exam/2019/c-exam-alone-in-the-dark-intermediate/practice-exam_20190619/evjohnst12

= Git history ==================================================================
$> git -C /var/folders/dv/c524903s3pvc9zj3lqs7m4040000gp/T/tmpVMpgSe/user log --pretty='%H - %an, %ad : %s'
7a239d388398425b1c49688cb631dba2e65a96aa - Evan Johnston, Wed Jun 19 16:05:00 2019 -0700 : .
5dae1592e0fdc0a808848dc701bb53ed979c3ea1 - Evan Johnston, Wed Jun 19 16:00:32 2019 -0700 : .
 
= Collected files ==========================================
$> ls -lAR /var/folders/dv/c524903s3pvc9zj3lqs7m4040000gp/T/tmpVMpgSe/user
total 8
-rw-r--r--  1 deepthought  deepthought  523 Jun 19 16:05 __GIT_HISTORY
drwxr-xr-x  3 deepthought  deepthought  102 Jun 19 16:05 print_doublon
drwxr-xr-x  3 deepthought  deepthought  102 Jun 19 16:05 stack

/var/folders/dv/c524903s3pvc9zj3lqs7m4040000gp/T/tmpVMpgSe/user/print_doublon:
total 8
-rw-r--r--  1 deepthought  deepthought  719 Jun 19 16:05 print_doublon.c

/var/folders/dv/c524903s3pvc9zj3lqs7m4040000gp/T/tmpVMpgSe/user/stack:
total 8
-rw-r--r--  1 deepthought  deepthought  1791 Jun 19 16:05 stack.c
 
= stack ========================================================================
$> gcc -Wextra -Wall -Werror main.c stack.c -o user_exe 

= Test 1 ===================================================
$> ./j50bei8cauodlee18rwbxs4j NULL
$> diff -U 3 user_output_test1 test1.output | cat -e

Diff OK :D
= Test 2 ===================================================
$> ./vyqv2a5p8xy6whom3v7owswv 1 2 3 4 5
$> diff -U 3 user_output_test2 test2.output | cat -e

Diff OK :D
= Test 3 ===================================================
$> ./q7mo7kjhsitvoqjcu6lwqdor We wants it, we needs it. Must have the precious. They stole it from us. Sneaky little hobbitses. Wicked, tricksy, false!
$> diff -U 3 user_output_test3 test3.output | cat -e

Diff OK :D
= Test 4 ===================================================
$> ./eb7s70b4bmmbbs9v6g4gr8mo 42
$> diff -U 3 user_output_test4 test4.output | cat -e

Diff OK :D
= Test 5 ===================================================
$> ./4ip5y3o926qrbquoqfw0lgwd I have a bad feeling about this
$> diff -U 3 user_output_test5 test5.output | cat -e

Diff OK :D
Grade: 1

= Final grade: 1 ===============================================================
