= Host-specific information ====================================================
$> hostname; uname -msr
e1z2r8p12.42.us.org
Darwin 17.2.0 x86_64
$> date
Sun Aug  4 14:13:51 PDT 2019
$> gcc --version
Configured with: --prefix=/Library/Developer/CommandLineTools/usr --with-gxx-include-dir=/usr/include/c++/4.2.1
Apple LLVM version 9.0.0 (clang-900.0.38)
Target: x86_64-apple-darwin17.2.0
Thread model: posix
InstalledDir: /Library/Developer/CommandLineTools/usr/bin
$> clang --version
Apple LLVM version 9.0.0 (clang-900.0.38)
Target: x86_64-apple-darwin17.2.0
Thread model: posix
InstalledDir: /Library/Developer/CommandLineTools/usr/bin

= User files collection ========================================================
Collecting user files from Vogsphere
Repository URL: auto-exam/2019/c-exam-alone-in-the-dark-beginner/practice-exam_20190804/evjohnst16

= Git history ==================================================================
$> git -C /var/folders/m3/4wwzzk7n4_jgcy0zcdxj9zjm0000gp/T/tmpRKGTbM/user log --pretty='%H - %an, %ad : %s'
7eda8db901814bf8f1f3a016199fafef6d5fa2c0 - Evan Johnston, Sun Aug 4 13:49:16 2019 -0700 : .
ad072940d7123349868eb8b41b45dbf34f0ce1b7 - Evan Johnston, Sun Aug 4 13:49:15 2019 -0700 : .
2e4fe746c21ec77d321b55ad24bf4ce8cf261bdc - Evan Johnston, Sun Aug 4 13:49:04 2019 -0700 : .
 
= Collected files ==========================================
$> ls -lAR /var/folders/m3/4wwzzk7n4_jgcy0zcdxj9zjm0000gp/T/tmpRKGTbM/user
total 8
-rw-r--r--  1 deepthought  deepthought  689 Aug  4 14:13 __GIT_HISTORY
drwxr-xr-x  3 deepthought  deepthought  102 Aug  4 14:13 aff_last_param
drwxr-xr-x  3 deepthought  deepthought  102 Aug  4 14:13 fizzbuzz

/var/folders/m3/4wwzzk7n4_jgcy0zcdxj9zjm0000gp/T/tmpRKGTbM/user/aff_last_param:
total 8
-rw-r--r--  1 deepthought  deepthought  259 Aug  4 14:13 aff_last_param.c

/var/folders/m3/4wwzzk7n4_jgcy0zcdxj9zjm0000gp/T/tmpRKGTbM/user/fizzbuzz:
total 8
-rw-r--r--  1 deepthought  deepthought  421 Aug  4 14:13 fizzbuzz.c
 
= fizzbuzz =====================================================================
$> gcc -Wextra -Wall -Werror fizzbuzz.c -o user_exe 

= Test 1 ===================================================
$> ./u7p0rjaej0etwquixp8n44ss 
$> diff -U 3 user_output_test1 test1.output | cat -e

Diff OK :D
Grade: 1

= Final grade: 1 ===============================================================
