= Host-specific information ====================================================
$> hostname; uname -msr
e1z1r7p11.42.us.org
Darwin 17.5.0 x86_64
$> date
Thu Aug  1 12:14:19 PDT 2019
$> gcc --version
Configured with: --prefix=/Library/Developer/CommandLineTools/usr --with-gxx-include-dir=/usr/include/c++/4.2.1
Apple LLVM version 9.1.0 (clang-902.0.39.1)
Target: x86_64-apple-darwin17.5.0
Thread model: posix
InstalledDir: /Library/Developer/CommandLineTools/usr/bin
$> clang --version
Apple LLVM version 9.1.0 (clang-902.0.39.1)
Target: x86_64-apple-darwin17.5.0
Thread model: posix
InstalledDir: /Library/Developer/CommandLineTools/usr/bin

= User files collection ========================================================
Collecting user files from Vogsphere
Repository URL: auto-exam/2019/c-exam-alone-in-the-dark-beginner/practice-exam_20190801/evjohnst2

= Git history ==================================================================
$> git -C /var/folders/lf/mnv_0ky56898dp1n3w_8n05w0000gp/T/tmp11FOmI/user log --pretty='%H - %an, %ad : %s'
e8a03be5bcb24c200918e9cfa7ee932b242b498e - Evan Johnston, Thu Aug 1 12:12:29 2019 -0700 : .
508ed01e8205e43f1904d755470c7ed0da4b586e - Evan Johnston, Thu Aug 1 11:54:09 2019 -0700 : .
02eaccc563375be02a99780f72a9bc061c7f7214 - Evan Johnston, Thu Aug 1 11:52:08 2019 -0700 : .
7c9c5a83d5be1db426955d141b3984afcbaf0e89 - Evan Johnston, Thu Aug 1 11:33:38 2019 -0700 : .
 
= Collected files ==========================================
$> ls -lAR /var/folders/lf/mnv_0ky56898dp1n3w_8n05w0000gp/T/tmp11FOmI/user
total 8
-rw-r--r--  1 deepthought  deepthought  880 Aug  1 12:14 __GIT_HISTORY
drwxr-xr-x  3 deepthought  deepthought  102 Aug  1 12:14 ft_print_numbers
drwxr-xr-x  3 deepthought  deepthought  102 Aug  1 12:14 ft_strlen
drwxr-xr-x  3 deepthought  deepthought  102 Aug  1 12:14 ft_strspn

/var/folders/lf/mnv_0ky56898dp1n3w_8n05w0000gp/T/tmp11FOmI/user/ft_print_numbers:
total 8
-rw-r--r--  1 deepthought  deepthought  231 Aug  1 12:14 ft_print_numbers.c

/var/folders/lf/mnv_0ky56898dp1n3w_8n05w0000gp/T/tmp11FOmI/user/ft_strlen:
total 8
-rw-r--r--  1 deepthought  deepthought  118 Aug  1 12:14 ft_strlen.c

/var/folders/lf/mnv_0ky56898dp1n3w_8n05w0000gp/T/tmp11FOmI/user/ft_strspn:
total 8
-rw-r--r--  1 deepthought  deepthought  559 Aug  1 12:14 ft_strspn.c
 
= ft_strspn ====================================================================
$> gcc -Wextra -Wall -Werror main.c ft_strspn.c -o user_exe 

= Test 1 ===================================================
$> ./voolsagdlsq9av4spfzjzpsy 'chat' 'chien'
$> diff -U 3 user_output_test1 test1.output | cat -e

Diff OK :D
= Test 2 ===================================================
$> ./51gdc5o1zswv61qgwyxgp7e1 'ABCDEFG019874' 'ABCD'
$> diff -U 3 user_output_test2 test2.output | cat -e

Diff OK :D
= Test 3 ===================================================
$> ./tnlpzcycdt2os5wtf65q5qw2 ' ' '1234567890'
$> diff -U 3 user_output_test3 test3.output | cat -e

Diff OK :D
= Test 4 ===================================================
$> ./6mf5442ei47th73j8t1yvwji '1234567890' ' '
$> diff -U 3 user_output_test4 test4.output | cat -e

Diff OK :D
= Test 5 ===================================================
$> ./sjg3s5hgaco3y2rnjto494l8 ';fjhbsdnc xwpusgrhbs' 'opsiyhgvdzbnciox'
$> diff -U 3 user_output_test5 test5.output | cat -e

Diff OK :D
= Test 6 ===================================================
$> ./yk0wrzzswe3v95c65b3yug9j '0987654321' '1234567890'
$> diff -U 3 user_output_test6 test6.output | cat -e

Diff OK :D
= Test 7 ===================================================
$> ./50qkrapzmaaaf1ovnzpwj3fs '/bin/ls/' '/bien/ls/~'
$> diff -U 3 user_output_test7 test7.output | cat -e

Diff OK :D
= Test 8 ===================================================
$> ./9siguwceld3h3ypz6ec5dj0s '~`,./<>?!@#$%^&*()-+_{}[]|\' 'abcdefghijklmnopqrstuvzxyz'
$> diff -U 3 user_output_test8 test8.output | cat -e

Diff OK :D
= Test 9 ===================================================
$> ./lkwya894q3rtwddqbrm2qe1f 'Farenheit' 'Degree'
$> diff -U 3 user_output_test9 test9.output | cat -e

Diff OK :D
= Test 10 ==================================================
$> ./9lvrpguhxf6wabp0lpha8rem 'Et quoniam inedia gravi adflictabantur, locum petivere Paleas nomine, vergentem in mare, valido muro firmatum, ubi conduntur nunc usque commeatus distribui militibus omne latus Isauriae defendentibus adsueti. circumstetere igitur hoc munimentum per triduum et trinoctium et cum neque adclivitas ipsa sine discrimine adiri letali, nec cuniculis quicquam geri posset, nec procederet ullum obsidionale commentum, maesti excedunt postrema vi subigente maiora viribus adgressuri.' 'Et quoniam inedia gravi adflictabantur, locum petivere Paleas nomine, vergentem in mare, valido muro firmatum, ubi conduntur nunc usque commeatus distribui militibus omne latus Isauriae defendentibus adsueti. circumstetere igitur hoc munimentum per triduum et trinoctium et cum neque adclivitas ipsa sine discrimine adiri letali, nec cuniculis quicquam geri posset, nec procederet ullum obsidionale commentum, maesti excedunt postrema vi subigente maiora viribus adgressuri.'
$> diff -U 3 user_output_test10 test10.output | cat -e

Diff OK :D
Grade: 1

= Final grade: 1 ===============================================================
