= Host-specific information ====================================================
$> hostname; uname -msr
e1z3r4p23.42.us.org
Darwin 17.4.0 x86_64
$> date
Wed Jun 19 16:15:34 PDT 2019
$> gcc --version
Configured with: --prefix=/Library/Developer/CommandLineTools/usr --with-gxx-include-dir=/usr/include/c++/4.2.1
Apple LLVM version 9.1.0 (clang-902.0.39.2)
Target: x86_64-apple-darwin17.4.0
Thread model: posix
InstalledDir: /Library/Developer/CommandLineTools/usr/bin
$> clang --version
Apple LLVM version 9.1.0 (clang-902.0.39.2)
Target: x86_64-apple-darwin17.4.0
Thread model: posix
InstalledDir: /Library/Developer/CommandLineTools/usr/bin

= User files collection ========================================================
Collecting user files from Vogsphere
Repository URL: auto-exam/2019/c-exam-alone-in-the-dark-intermediate/practice-exam_20190619/evjohnst12

= Git history ==================================================================
$> git -C /var/folders/96/mj5m_99d2f5_62wrxj0xxzkw0000gp/T/tmpcMzlAg/user log --pretty='%H - %an, %ad : %s'
168b6a13019f5946ad3130f5e84b775fb38af516 - Evan Johnston, Wed Jun 19 16:15:33 2019 -0700 : .
0a2e236ff7df6fc28ad06ec2b367cf7326129eaf - Evan Johnston, Wed Jun 19 16:13:16 2019 -0700 : .
c7a3138daa0e7b8a498700ac8007b5d8aa91b65f - Evan Johnston, Wed Jun 19 16:11:01 2019 -0700 : .
081a287d0f82239cf876d0a4ccc44c8c302a6ae7 - Evan Johnston, Wed Jun 19 16:08:49 2019 -0700 : .
7a239d388398425b1c49688cb631dba2e65a96aa - Evan Johnston, Wed Jun 19 16:05:00 2019 -0700 : .
5dae1592e0fdc0a808848dc701bb53ed979c3ea1 - Evan Johnston, Wed Jun 19 16:00:32 2019 -0700 : .
 
= Collected files ==========================================
$> ls -lAR /var/folders/96/mj5m_99d2f5_62wrxj0xxzkw0000gp/T/tmpcMzlAg/user
total 8
-rw-r--r--  1 deepthought  deepthought  1559 Jun 19 16:15 __GIT_HISTORY
drwxr-xr-x  3 deepthought  deepthought   102 Jun 19 16:15 gold_gain
drwxr-xr-x  3 deepthought  deepthought   102 Jun 19 16:15 infin_add
drwxr-xr-x  3 deepthought  deepthought   102 Jun 19 16:15 is_looping
drwxr-xr-x  3 deepthought  deepthought   102 Jun 19 16:15 print_doublon
drwxr-xr-x  3 deepthought  deepthought   102 Jun 19 16:15 stack
drwxr-xr-x  3 deepthought  deepthought   102 Jun 19 16:15 volume_histogram

/var/folders/96/mj5m_99d2f5_62wrxj0xxzkw0000gp/T/tmpcMzlAg/user/gold_gain:
total 8
-rw-r--r--  1 deepthought  deepthought  551 Jun 19 16:15 gold_gain.c

/var/folders/96/mj5m_99d2f5_62wrxj0xxzkw0000gp/T/tmpcMzlAg/user/infin_add:
total 8
-rw-r--r--  1 deepthought  deepthought  2241 Jun 19 16:15 infin_add.c

/var/folders/96/mj5m_99d2f5_62wrxj0xxzkw0000gp/T/tmpcMzlAg/user/is_looping:
total 8
-rw-r--r--  1 deepthought  deepthought  1824 Jun 19 16:15 is_looping.c

/var/folders/96/mj5m_99d2f5_62wrxj0xxzkw0000gp/T/tmpcMzlAg/user/print_doublon:
total 8
-rw-r--r--  1 deepthought  deepthought  719 Jun 19 16:15 print_doublon.c

/var/folders/96/mj5m_99d2f5_62wrxj0xxzkw0000gp/T/tmpcMzlAg/user/stack:
total 8
-rw-r--r--  1 deepthought  deepthought  1791 Jun 19 16:15 stack.c

/var/folders/96/mj5m_99d2f5_62wrxj0xxzkw0000gp/T/tmpcMzlAg/user/volume_histogram:
total 8
-rw-r--r--  1 deepthought  deepthought  1243 Jun 19 16:15 volume_histogram.c
 
= infin_add ====================================================================
$> gcc -Wextra -Wall -Werror infin_add.c -o user_exe 

= Test 1 ===================================================
$> ./o2cjlv8pu6hltqwwn3r4tczj "0" "0"
$> diff -U 3 user_output_test1 test1.output | cat -e

Diff OK :D
= Test 2 ===================================================
$> ./vu02jyzspugd7y5ep8ftzopi "1" "0"
$> diff -U 3 user_output_test2 test2.output | cat -e

Diff OK :D
= Test 3 ===================================================
$> ./dqwfhq7dbw3y34efnsyvkvpx "0" "-2"
$> diff -U 3 user_output_test3 test3.output | cat -e

Diff OK :D
= Test 4 ===================================================
$> ./uja3muy7wwm5r9lqv99y3iko "21" "42"
$> diff -U 3 user_output_test4 test4.output | cat -e

Diff OK :D
= Test 5 ===================================================
$> ./kvd485lo006qy4gbezvymem1 "4894398524132130" "5906754239"
$> diff -U 3 user_output_test5 test5.output | cat -e

Diff OK :D
= Test 6 ===================================================
$> ./a990lxngysb4nwmtu5gtqrm7 "-4495409524185401471245" "1320806358203958045104122132132146"
$> diff -U 3 user_output_test6 test6.output | cat -e

Diff OK :D
= Test 7 ===================================================
$> ./8qdziey1y2dc1l9w15g2kyj8 "-395450348096354305805" "-65849062158917658342568439612590230455643092"
$> diff -U 3 user_output_test7 test7.output | cat -e

Diff OK :D
Grade: 1

= Final grade: 1 ===============================================================
