= Host-specific information ====================================================
$> hostname; uname -msr
e1z3r2p5.42.us.org
Darwin 17.4.0 x86_64
$> date
Thu Aug  1 22:21:40 PDT 2019
$> gcc --version
Configured with: --prefix=/Library/Developer/CommandLineTools/usr --with-gxx-include-dir=/usr/include/c++/4.2.1
Apple LLVM version 9.1.0 (clang-902.0.39.1)
Target: x86_64-apple-darwin17.4.0
Thread model: posix
InstalledDir: /Library/Developer/CommandLineTools/usr/bin
$> clang --version
Apple LLVM version 9.1.0 (clang-902.0.39.1)
Target: x86_64-apple-darwin17.4.0
Thread model: posix
InstalledDir: /Library/Developer/CommandLineTools/usr/bin

= User files collection ========================================================
Collecting user files from Vogsphere
Repository URL: auto-exam/2019/c-exam-alone-in-the-dark-intermediate/practice-exam_20190802/evjohnst7

= Git history ==================================================================
$> git -C /var/folders/21/d9tv_7356rz506_y7h_znfgr0000gp/T/tmpeY36I9/user log --pretty='%H - %an, %ad : %s'
c2b7011c5ff833f3836aa951cc31ff91ed92f41b - Evan Johnston, Thu Aug 1 22:19:49 2019 -0700 : .
4510578560867b7da46a704c9eacb3aca165606b - Evan Johnston, Thu Aug 1 22:13:42 2019 -0700 : .
2a158a639f95ada4ba380e063717a9e199fb1504 - Evan Johnston, Thu Aug 1 22:11:41 2019 -0700 : .
a1edaebf79b7eb02b9ca6820e270d9ac54b4acef - Evan Johnston, Thu Aug 1 22:03:20 2019 -0700 : .
 
= Collected files ==========================================
$> ls -lAR /var/folders/21/d9tv_7356rz506_y7h_znfgr0000gp/T/tmpeY36I9/user
total 8
-rw-r--r--  1 deepthought  deepthought  960 Aug  1 22:21 __GIT_HISTORY
drwxr-xr-x  3 deepthought  deepthought  102 Aug  1 22:21 count_alpha
drwxr-xr-x  3 deepthought  deepthought  102 Aug  1 22:21 count_of_2
drwxr-xr-x  3 deepthought  deepthought  102 Aug  1 22:21 reverse_tree

/var/folders/21/d9tv_7356rz506_y7h_znfgr0000gp/T/tmpeY36I9/user/count_alpha:
total 8
-rw-r--r--  1 deepthought  deepthought  602 Aug  1 22:21 count_alpha.c

/var/folders/21/d9tv_7356rz506_y7h_znfgr0000gp/T/tmpeY36I9/user/count_of_2:
total 8
-rw-r--r--  1 deepthought  deepthought  397 Aug  1 22:21 count_of_2.c

/var/folders/21/d9tv_7356rz506_y7h_znfgr0000gp/T/tmpeY36I9/user/reverse_tree:
total 8
-rw-r--r--  1 deepthought  deepthought  1641 Aug  1 22:21 reverse_tree.c
 
= reverse_tree =================================================================
$> gcc -Wextra -Wall -Werror main.c reverse_tree.c -o user_exe 

= Test 1 ===================================================
$> ./zbvgpr08x5h0fiezi375uo3c 0
$> diff -U 3 user_output_test1 test1.output | cat -e

Diff OK :D
= Test 2 ===================================================
$> ./owd76fdyxe38kw4uqoxnyoq3 1
$> diff -U 3 user_output_test2 test2.output | cat -e

Diff OK :D
= Test 3 ===================================================
$> ./tgrvjzfdqm5j61nf36h6lmu9 2
$> diff -U 3 user_output_test3 test3.output | cat -e

Diff OK :D
= Test 4 ===================================================
$> ./2ffr9k9nhsv6iznr8808rbwh 3
$> diff -U 3 user_output_test4 test4.output | cat -e

Diff OK :D
= Test 5 ===================================================
$> ./t52ild4lsqzxmcz9gkfn4zp6 4
$> diff -U 3 user_output_test5 test5.output | cat -e

Diff OK :D
= Test 6 ===================================================
$> ./rs4zdxpe4dkg8hqs1ilek8x7 5
$> diff -U 3 user_output_test6 test6.output | cat -e

Diff OK :D
= Test 7 ===================================================
$> ./cdfa86lrhoe95u8ldfbxt96k 6
$> diff -U 3 user_output_test7 test7.output | cat -e

Diff OK :D
= Test 8 ===================================================
$> ./nd1zbm9rpas99l1daglnyiv5 7
$> diff -U 3 user_output_test8 test8.output | cat -e

Diff OK :D
= Test 9 ===================================================
$> ./oz0olfrk08nzitcvth4mjkda 8
$> diff -U 3 user_output_test9 test9.output | cat -e

Diff OK :D
= Test 10 ==================================================
$> ./t3gfut92xyqd1ph5aec8l605 9
$> diff -U 3 user_output_test10 test10.output | cat -e

Diff OK :D
= Test 11 ==================================================
$> ./0iwxbipsnf9h4m4zs1u40pyg 10
$> diff -U 3 user_output_test11 test11.output | cat -e

Diff OK :D
= Test 12 ==================================================
$> ./2jxkeuiwki9diyolb2haiokx 11
$> diff -U 3 user_output_test12 test12.output | cat -e

Diff OK :D
= Test 13 ==================================================
$> ./5ku8wnawcj7dkb80euioy5rc 12
$> diff -U 3 user_output_test13 test13.output | cat -e

Diff OK :D
= Test 14 ==================================================
$> ./hw33p5rkhdjsq28ddwavtx2j 13
$> diff -U 3 user_output_test14 test14.output | cat -e

Diff OK :D
= Test 15 ==================================================
$> ./ygygvt02dp2kns4kgyocw2ir 14
$> diff -U 3 user_output_test15 test15.output | cat -e

Diff OK :D
= Test 16 ==================================================
$> ./wj1bycgla6cnwtkhqkvhg6z1 15
$> diff -U 3 user_output_test16 test16.output | cat -e

Diff OK :D
= Test 17 ==================================================
$> ./qaa464ewxjclf2ndotzt4tjv 16
$> diff -U 3 user_output_test17 test17.output | cat -e

Diff OK :D
= Test 18 ==================================================
$> ./2ftqob6zegb1spyqqknxqak8 17
$> diff -U 3 user_output_test18 test18.output | cat -e

Diff OK :D
= Test 19 ==================================================
$> ./vnoj1ebvvujqbmyaagiuthyl 47
$> diff -U 3 user_output_test19 test19.output | cat -e

Diff OK :D
= Test 20 ==================================================
$> ./91jlh6zi37hyn4alq6p1a65p 42
$> diff -U 3 user_output_test20 test20.output | cat -e

Diff OK :D
Grade: 1

= Final grade: 1 ===============================================================
