= Host-specific information ====================================================
$> hostname; uname -msr
e1z1r7p25.42.us.org
Darwin 17.5.0 x86_64
$> date
Thu Aug  1 17:01:10 PDT 2019
$> gcc --version
Configured with: --prefix=/Library/Developer/CommandLineTools/usr --with-gxx-include-dir=/usr/include/c++/4.2.1
Apple LLVM version 9.1.0 (clang-902.0.39.1)
Target: x86_64-apple-darwin17.5.0
Thread model: posix
InstalledDir: /Library/Developer/CommandLineTools/usr/bin
$> clang --version
Apple LLVM version 9.1.0 (clang-902.0.39.1)
Target: x86_64-apple-darwin17.5.0
Thread model: posix
InstalledDir: /Library/Developer/CommandLineTools/usr/bin

= User files collection ========================================================
Collecting user files from Vogsphere
Repository URL: auto-exam/2019/c-exam-alone-in-the-dark-intermediate/practice-exam_20190802/evjohnst

= Git history ==================================================================
$> git -C /var/folders/ls/yk27hl5d2kd8z7jnlz8vfb0w0000gp/T/tmpw9Qy0z/user log --pretty='%H - %an, %ad : %s'
f4efe9509074c38434cbe4e07a134cb2a7737915 - Evan Johnston, Thu Aug 1 17:01:07 2019 -0700 : .
 
= Collected files ==========================================
$> ls -lAR /var/folders/ls/yk27hl5d2kd8z7jnlz8vfb0w0000gp/T/tmpw9Qy0z/user
total 8
-rw-r--r--  1 deepthought  deepthought  246 Aug  1 17:01 __GIT_HISTORY
drwxr-xr-x  3 deepthought  deepthought  102 Aug  1 17:01 is_anagram

/var/folders/ls/yk27hl5d2kd8z7jnlz8vfb0w0000gp/T/tmpw9Qy0z/user/is_anagram:
total 8
-rw-r--r--  1 deepthought  deepthought  780 Aug  1 17:01 is_anagram.c
 
= is_anagram ===================================================================
$> gcc -Wextra -Wall -Werror is_anagram.c main.c -o user_exe 

= Test 1 ===================================================
$> ./kpvlwssjhl0mh8nfklrd2ol4 test_correct_a_00.txt test_correct_b_00.txt
$> diff -U 3 user_output_test1 test1.output | cat -e

Diff OK :D
= Test 2 ===================================================
$> ./thgqmvgs7j2ad5qfgo1mlem5 test_correct_a_01.txt test_correct_b_01.txt
$> diff -U 3 user_output_test2 test2.output | cat -e

Diff OK :D
= Test 3 ===================================================
$> ./qlhnxyktc95ub5ypdwy56lr2 test_correct_a_02.txt test_correct_b_02.txt
$> diff -U 3 user_output_test3 test3.output | cat -e

Diff OK :D
= Test 4 ===================================================
$> ./pol4ja3zrxpi0vank5gnq6i3 test_incorrect_a_02.txt test_incorrect_b_02.txt
$> diff -U 3 user_output_test4 test4.output | cat -e

Diff OK :D
= Test 5 ===================================================
$> ./2ie01qiw6xdo90laj7fmxngy test_incorrect_a_03.txt test_incorrect_b_03.txt
$> diff -U 3 user_output_test5 test5.output | cat -e

Diff OK :D
Grade: 1

= Final grade: 1 ===============================================================
