= Host-specific information ====================================================
$> hostname; uname -msr
e1z3r5p20.42.us.org
Darwin 17.4.0 x86_64
$> date
Mon Sep  2 11:15:40 PDT 2019
$> gcc --version
Configured with: --prefix=/Library/Developer/CommandLineTools/usr --with-gxx-include-dir=/usr/include/c++/4.2.1
Apple LLVM version 9.1.0 (clang-902.0.39.1)
Target: x86_64-apple-darwin17.4.0
Thread model: posix
InstalledDir: /Library/Developer/CommandLineTools/usr/bin
$> clang --version
Apple LLVM version 9.1.0 (clang-902.0.39.1)
Target: x86_64-apple-darwin17.4.0
Thread model: posix
InstalledDir: /Library/Developer/CommandLineTools/usr/bin

= User files collection ========================================================
Collecting user files from Vogsphere
Repository URL: auto-exam/2019/c-exam-alone-in-the-dark-beginner/practice-exam_20190902/evjohnst10

= Git history ==================================================================
$> git -C /var/folders/99/4n6mlb890fs_jf57q_3th5kw0000gp/T/tmpgFL98V/user log --pretty='%H - %an, %ad : %s'
ecc21a04484e4bf365d8fa814c00e11446bfb8f1 - Evan Johnston, Mon Sep 2 11:13:50 2019 -0700 : .
123d5825b1ef16cc74fb994dc33f7bbcf1d84f13 - Evan Johnston, Mon Sep 2 11:13:49 2019 -0700 : .
cd5a8cd8b7d9469b1881b0e25a76aaa5c2229c0d - Evan Johnston, Mon Sep 2 11:13:37 2019 -0700 : .
 
= Collected files ==========================================
$> ls -lAR /var/folders/99/4n6mlb890fs_jf57q_3th5kw0000gp/T/tmpgFL98V/user
total 8
-rw-r--r--  1 deepthought  deepthought  619 Sep  2 11:15 __GIT_HISTORY
drwxr-xr-x  3 deepthought  deepthought  102 Sep  2 11:15 ft_swap
drwxr-xr-x  3 deepthought  deepthought  102 Sep  2 11:15 only_z

/var/folders/99/4n6mlb890fs_jf57q_3th5kw0000gp/T/tmpgFL98V/user/ft_swap:
total 8
-rw-r--r--  1 deepthought  deepthought  103 Sep  2 11:15 ft_swap.c

/var/folders/99/4n6mlb890fs_jf57q_3th5kw0000gp/T/tmpgFL98V/user/only_z:
total 8
-rw-r--r--  1 deepthought  deepthought  104 Sep  2 11:15 only_z.c
 
= ft_swap ======================================================================
$> gcc -Wextra -Wall -Werror ft_swap.c main.c -o user_exe 

= Test 1 ===================================================
$> ./1jzy1p9bu7u1yn97twj5hr4c "-1167864139" "-613493860"
$> diff -U 3 user_output_test1 test1.output | cat -e

Diff OK :D
= Test 2 ===================================================
$> ./v5meev6i8i2giaja8edqt6kk "1986627315" "-2042610801"
$> diff -U 3 user_output_test2 test2.output | cat -e

Diff OK :D
= Test 3 ===================================================
$> ./slo0b5wewcdz47vp5qwxg4v2 "-1913724875" "1654399359"
$> diff -U 3 user_output_test3 test3.output | cat -e

Diff OK :D
= Test 4 ===================================================
$> ./kssbp2ckrgoddbfaoqi8ka0z "-45581442" "474916546"
$> diff -U 3 user_output_test4 test4.output | cat -e

Diff OK :D
= Test 5 ===================================================
$> ./k5bud0ouhw7r9lgmflbmm8i1 "-406540449" "1609335663"
$> diff -U 3 user_output_test5 test5.output | cat -e

Diff OK :D
= Test 6 ===================================================
$> ./5ydpi8f93y5v2zygvkwnsycl "-505084140" "-193523263"
$> diff -U 3 user_output_test6 test6.output | cat -e

Diff OK :D
= Test 7 ===================================================
$> ./qsgoj9ysy1sa2r86ri71gohi "-211619508" "777263814"
$> diff -U 3 user_output_test7 test7.output | cat -e

Diff OK :D
= Test 8 ===================================================
$> ./rk66igtw6hwdlk0uhqj6qv1a "83154397" "2021819837"
$> diff -U 3 user_output_test8 test8.output | cat -e

Diff OK :D
= Test 9 ===================================================
$> ./08r1fcmjuwo8tkrqaio1ateq "93342852" "23468331"
$> diff -U 3 user_output_test9 test9.output | cat -e

Diff OK :D
Grade: 1

= Final grade: 1 ===============================================================
