= Host-specific information ====================================================
$> hostname; uname -msr
e1z1r7p15.42.us.org
Darwin 17.5.0 x86_64
$> date
Thu Aug  1 14:07:31 PDT 2019
$> gcc --version
Configured with: --prefix=/Library/Developer/CommandLineTools/usr --with-gxx-include-dir=/usr/include/c++/4.2.1
Apple LLVM version 9.1.0 (clang-902.0.39.1)
Target: x86_64-apple-darwin17.5.0
Thread model: posix
InstalledDir: /Library/Developer/CommandLineTools/usr/bin
$> clang --version
Apple LLVM version 9.1.0 (clang-902.0.39.1)
Target: x86_64-apple-darwin17.5.0
Thread model: posix
InstalledDir: /Library/Developer/CommandLineTools/usr/bin

= User files collection ========================================================
Collecting user files from Vogsphere
Repository URL: auto-exam/2019/c-exam-alone-in-the-dark-beginner/practice-exam_20190801/evjohnst5

= Git history ==================================================================
$> git -C /var/folders/cz/d9g97_910v1czv1ghh921tbw0000gp/T/tmpH6mnwn/user log --pretty='%H - %an, %ad : %s'
79d8e751185a4f39c6fd6efb588ddabbf1f58ced - Evan Johnston, Thu Aug 1 14:05:41 2019 -0700 : .
aca3018c0ba50a620a334290d27099f38a702322 - Evan Johnston, Thu Aug 1 14:05:39 2019 -0700 : .
343826b2e66292f570a5e85ac37ab0272f3369e8 - Evan Johnston, Thu Aug 1 14:03:25 2019 -0700 : .
5c9f40b2539171fa04dfbc0da4388614d92f2127 - Evan Johnston, Thu Aug 1 14:02:49 2019 -0700 : .
aac6ad03c8b0db4bac2ca220c19f62e591eaaa95 - Evan Johnston, Thu Aug 1 14:00:48 2019 -0700 : .
abdd1e62bed77185577933e9c42df29ec45261ed - Evan Johnston, Thu Aug 1 14:00:47 2019 -0700 : .
945fedd54f9425fbd7a804c63a6cfff1e9091e60 - Evan Johnston, Thu Aug 1 14:00:35 2019 -0700 : .
 
= Collected files ==========================================
$> ls -lAR /var/folders/cz/d9g97_910v1czv1ghh921tbw0000gp/T/tmpH6mnwn/user
total 8
-rw-r--r--  1 deepthought  deepthought  1492 Aug  1 14:07 __GIT_HISTORY
drwxr-xr-x  3 deepthought  deepthought   102 Aug  1 14:07 ft_swap
drwxr-xr-x  3 deepthought  deepthought   102 Aug  1 14:07 max
drwxr-xr-x  3 deepthought  deepthought   102 Aug  1 14:07 only_z
drwxr-xr-x  3 deepthought  deepthought   102 Aug  1 14:07 str_capitalizer

/var/folders/cz/d9g97_910v1czv1ghh921tbw0000gp/T/tmpH6mnwn/user/ft_swap:
total 8
-rw-r--r--  1 deepthought  deepthought  103 Aug  1 14:07 ft_swap.c

/var/folders/cz/d9g97_910v1czv1ghh921tbw0000gp/T/tmpH6mnwn/user/max:
total 8
-rw-r--r--  1 deepthought  deepthought  436 Aug  1 14:07 max.c

/var/folders/cz/d9g97_910v1czv1ghh921tbw0000gp/T/tmpH6mnwn/user/only_z:
total 8
-rw-r--r--  1 deepthought  deepthought  104 Aug  1 14:07 only_z.c

/var/folders/cz/d9g97_910v1czv1ghh921tbw0000gp/T/tmpH6mnwn/user/str_capitalizer:
total 8
-rw-r--r--  1 deepthought  deepthought  696 Aug  1 14:07 str_capitalizer.c
 
= str_capitalizer ==============================================================
$> gcc -Wextra -Wall -Werror str_capitalizer.c -o user_exe 

= Test 1 ===================================================
$> ./1e14m7suzz0nktrmjvohzhth 
$> diff -U 3 user_output_test1 test1.output | cat -e

Diff OK :D
= Test 2 ===================================================
$> ./y8eyy8j9g1pckdg3c7ghad40 
$> diff -U 3 user_output_test2 test2.output | cat -e

Diff OK :D
= Test 3 ===================================================
$> ./l5xl1z72628kesg1jz3hl1j8 "DFnVmUM4l"
$> diff -U 3 user_output_test3 test3.output | cat -e

Diff OK :D
= Test 4 ===================================================
$> ./z5py1dzzi9seoez9x7nvocfc "*84hLtsZf7Q5keOz0G@jSt2IAihqxusK8Q43W4X90OQ:lQM8EecKs6uCVN+c5p1EX  		7DJP6RoVQ3CWkdpvq  "
$> diff -U 3 user_output_test4 test4.output | cat -e

Diff OK :D
= Test 5 ===================================================
$> ./6g4cj9yzf5zxr9jprtal7emx "		SwUZDt8kbmlv +x4MltwYZdGaD2"
$> diff -U 3 user_output_test5 test5.output | cat -e

Diff OK :D
= Test 6 ===================================================
$> ./vikobm0csj3s2f7of2qvp40v ">RaOVz8oqKZ6Cbkm	tMPB4HEXi-YAdMy8IZUHvsjhgVx	8WhVrSZG8B5R IuoY4rPbjng "
$> diff -U 3 user_output_test6 test6.output | cat -e

Diff OK :D
= Test 7 ===================================================
$> ./gg5bo5q6d6z09d5k42xvo45c "  5xruZQFK	jpZQnWNwXm9sJ 	?"
$> diff -U 3 user_output_test7 test7.output | cat -e

Diff OK :D
= Test 8 ===================================================
$> ./oscz11sogyavnl618zwlteq3 "028FINUT3WhiYHv <Rl7AcYZX4m61Js3pO		  5eY43N6RA	/hcCGimp	84xJBy827NovIXzWidp1CBnM	+nM8PdekC@"
$> diff -U 3 user_output_test8 test8.output | cat -e

Diff OK :D
= Test 9 ===================================================
$> ./3c5yxjlazk5oy0hiarl89umk "?GBnOK5u0HekRVN2s=b4tKqrWxZBd7iMNf1QDzfOlA8LGuq=cldbMszF6SVmOKg2-P1EN2AUJFTfWv6:XBInJf/gELA	,LX4ZeUpmli	hvxzRVm 0"
$> diff -U 3 user_output_test9 test9.output | cat -e

Diff OK :D
= Test 10 ==================================================
$> ./n42hizctit165r1l6yjvemvm  "QfO0h 	 PIFT0UY573EOxG	d0x3Tp8VWbfOB  		 X1In9j4YMSow BLzs5j	ld67J9NBx SGel2dxEjTLv  		 " "xBf7rGhnT9k 	Bnm2RsTpYDyIE				Mz7IGCW5cmg4ei 	  	KUox		 	 lUrs6ipkGtC PFotaYyKNVS 	 	K0Aie	   CpILZ3VScFMPt	  KoTuE	 " "eOKlfG6vnT	    HQFzorfx3  vlD4qNKkQZnF	JoOr0PfEihWY Z9sS2e7qx8NnEF 	 " "fCczgk2OQIa016	 	tgT  	Z5oDBR147FEuiGTX	 	5EHlIyeVRM4uQA	  		X5N8By94wLDe	 xHPs7fyKwjQ	   	hgj2J		 	DbTjhyz6rwV9t  	  " "byQt3Mj 		g0iXb				Lib2UZIRAQfn1	 EMls	  	LXyfhRuYnj5UevJw	 		 0HW	fwTG0FP3AzMkb8HOE			7Ypa4k6		 	" "zRL8qaV4T	Sez6wQWfob   KQyD5qYfR   	tjRWJpNuxgM   39zVywiq5hNUJnFLS L1Bf	 		 2CQmRgEd	UrTX			 	ailmY2 	8C7		" "lU23VSacIpv4yJ8 	rOxC6mjpin4	X1dUkxplEfzt0Ju9Q	 	 	" "4dtLM5V	H82K5XJQIRLj					ZkST " "n5r8Mg07   pOmQ94v  ibr6u5GQ 	28aPQXklzhVE 4xko2QEDZm 				90vZC7 	 " "qRAXtaoQ0x9V6FfMZ	 	JRxvM5YwLqspkbIQ	  	 ECeWSt7 				Br5MdiWRwXNcl 	 BaF6cA7CdgpLxMeU 		 " "hQBnA4U0uyZ9Js  	 bh4Vj6Or2Cc5q	pF3T	 	 GI9eTwlbu5 	 GmQJSy63TZwzdptDc 	   cXxH7B0AZRiNt8f2U 			 Zt2CiUsTVG		" "JrE1T7PGRQx9i		 fExQAT			  HxR86lE1QBcfLYn  		" "cHeG5kAmZSwJu			IoPhDa	Wvd "
$> diff -U 3 user_output_test10 test10.output | cat -e

Diff OK :D
= Test 11 ==================================================
$> ./vx1v40arb15wh88cxmb8xy63  "2knpwUIs  K0p5tvzc	 p4LflxunXCPi9Vqd 		H0QSdR	 rbW3SLP	 	J81Gxq4X f7bMsWlJSugcAkL		 TMwmHiayknulEL	  	 JnPbT7l	P2DTlbKfE6 	 " "n2Ew or1RcCaFD	 yKm1   ZyI7sCF			 sklZ	 	  LvCtWMdcXV5mYn 	mFU8waM0ET6jHQh	 " "1dzmne7vsN				 Pmb12uIhoQ64	  	D12p67IJGWEA oxIbqzP9nfs4 TMkjNR  eMJLUhS8EdCFtZv 	ARX7orca5zT	QYoqrRx1wnWHp8A					" "XuC0Del81Lj			 ykUotC2L 	  3hXtNYI8gpjBbZ 	 qWJgI9E2KiL	 	JxN9hZjIsT2Aa 	I0a5DcmG eybkdg6zCjhiVXIOw    " "0Eup78wZWogd 	   uRZEe q4L0Qs1zu8E5	   " "WganCwMGxk 	  K1xuzLhk	    ZlDoW6ncdqu5C 		fKqL4vnxPlYHT 	 3GAR8YhtC		DrY 		MQgY4Py	" "EDkFu3aO	 			WMqT7FpcjL3	 	 	kaTmnNto9	EcaWVpT	mtuy1D7MEZGnBs9I   0CMpb96aXsgt  MXtL	RuzMS57Q	" "8UHSi 	 	 DVxc1PZjwHCqQd	 	m6FhG		  	GSPVRK	   	AfG9m	  	uJL4bROV6A5WNr02M 41NWe7SQ0dmMK5XyZ		 	 " "AFb5iHZSNQ0 			 YetVBlIDq5swPmNZ    3GgbpILmU1oHEJya8			E3MupPlbHWR	Yt72	   ARo1X	 	 U1IkMS0YuDx73A	  	 rez1583x0 " "5FyZJMufdObh10A 		 y2sY4vZ170xnS5lzM 	8nZbwqFdK0AU3hv2i		 	 " "q8oNyGLVut   hwxElaH 				5so1Q 		  d8FUfaSY	uqM6FXdsODy9B	GlBz "
$> diff -U 3 user_output_test11 test11.output | cat -e

Diff OK :D
= Test 12 ==================================================
$> ./dofo2jr53en76f9arbo87lbk  "DZVE0UTXjHscpKO	 	JXrcIvi89 			 mu8y9JR	  wYX1Sykl6oGL	r6JGqoVE  			f9sG27k35phHzrIPq	    SuOJmXwGl		  sy4z2PDSAvrI   ru8fq	" "E7OX3SAK			 OmUcv6tunlLyqIKiz  yqjV4hT7ID2M   whP38QbZesa   		WB6HT	 cHrKupwh7d	   " "cZA3FB7nUxp  	 fX7B 		  HmCJ	tzPH6qOhnQp		kzTnxv8I52Koh	  	 I90XWf8JUmiDF					HBGqKLoM3CTZ94Ai 		itTySI8cF04qfCoG 	yPaF	" "M68Nsp9ayw	XoivfknQb75Fts2K4  	 	oCRugUwbfmv7P  	HaV3W	  " "RPrUqkNf0vsod		 		IkGQinAaCLFR4OHM sU8x90l72d	 GLoDOac8CJyv7Zt	isxqnQlmHo8  txi2Kp		 		SLkEhyilPv 	  jyXr74ElKH G0I2h	 	OFloCy " "4EPGsJH RdcvjtQ3JMSaB  	Ari 			3io21JOsfkx8YFCS	  HnpdYRGlwt56i3 		m1bGpw4nZzF				 NT02del9cb  7Okodf		 		ayr 				" "XEIflH  	 DcC 0iR2	rCSAYBRpcZMP1   	" "sx3    nhuzFtp 			9oH		 " "Jd0aB6DvMwtyG	 		6vg 		XYtm4BAZ8bD  tIuz 	 peBbIsMSiHzLQfV  dgAnrIfxKh	  	K2OApdky3uENcZV1   " "hUT4EetN071u     xygwH   	aKSfUGLyIl1B cKSGqFUaTbjRN6M	kQ5HD6Rhg		bFx	 	 " "MrQqE8f   	 xiYrcqfCgJNG8			 TUcS1mdhjqp9f  	 	DilxUgC2V0yAH	   " "XLs 	 	 lajxtbJ14GU		 9wKmtcrVTM3sq4A   b5Aj IxnLtd 	 	rwj76WgudMk8Lb 	  " "SH6IZKL8jDN 	QrNgA7tBcK42WZ9L3 		 	IGQ	   vY2xSKt7aBjzP9   	IqyBXGEoTtW   		" "LetmAEvOSDUyn					H1zUZG  nAXiN78eSbf	iGFI	 	 Nzma   	 XrnbFcAPKB1p		0xdWz68g 			 " "9v7sG	V3JikmU oQfI149xsnBCH					oJWu6X	qJlSsDEvL2GIMV 		n5jqzWU6 BXuM " "fJ25tMF3CE	  	bqXz4EY UC7eyvZYghsTlnOjX   6hgAI i9Hgc1Y8px4daS   BQjVD4WRG0UsKt 	" "Yl417jWzgZEwVeKb	  MXth4HObWpof			 H8EDbaWiCP4SLXeT	   	fe3ap9wBE 			" "HapLtG3rJmC		rN0fhaqSiBcoF67uU	 	 BG5Aa1Nz9oqIiHrEK  		WlNiAxS7Jk 	 "
$> diff -U 3 user_output_test12 test12.output | cat -e

Diff OK :D
= Test 13 ==================================================
$> ./omu3d93ux5tfkej93c3h14kz  "lkIv5FYnyog7xuR	iMm2z7TheGu0     Csh		SLmUWvDBuP8Xoce5  iLN  	 Zak5E1	xwBIJGU1MFkK 	Solzc	  	4lZ91TurXja3JLt  kTd68lSaexWonUrI  	" "bFz0pMr8GsfWH61Y	 	 	GyZLITn4lpdjm	  	bygk 	 3Iex4wb 	NVPD6ETlx	 		w5Ks " "0XfdxVc 	  hOKaqGU17HvMY  		 dQVSgAmOyhM  		" "So2  eZPO6UCEiVv4F 		 	ipI8V		 	0nIuZbh5M   " "bt83VImXyC6cdEfRe 	 xuBW0lhsZDy	klFtI    jEBXM Q7wa1okiCDTq	" "Gr8gI3	Ti4		 YiSH	 	DTVf	XZ3DG4qCm 	4LRFE	3evkjyl7I9S4UiO  	  " "Nuh0klqLot5K  JDzlY4nZwCRmF	 	 sGyTR		gTDk0XMeCFvxd9UP 	 wJaNAU5I	CumUa9bk3Lv7ic			ycaT1RP9pbt  sL8cI5jpYh6NV4HAi		 jGcI86Lr 	 	 " "DgYw5n hr2sJHc9TNvb	  tXNxsevJK 	PbIi  " "GjSPNDi hKotgqL6zOnETli4			tIZix2Tr6fR	3QafNBS67q 	" "9YTfQSwRuVI8sPX	 K9XfVSIw8yaMgjrWO	TXcnDawBr			Ie5Nj6 k4PYqyX   	"
$> diff -U 3 user_output_test13 test13.output | cat -e

Diff OK :D
= Test 14 ==================================================
$> ./dxuzo4ewf5grztgftlo99wl3  "LbW2XSRErBfDJ4  	  7N6xldFT	  	E5DnNw	 	  " "bxkVKQD 	 	Ist0HcS6u1L 	  Ddc0Fg6AoqGr 			YVkID17hUm				 " "Y6WZrICDMu 		 izPFVXCfDdOw9t	XauEk nTuUsRlQ3mSOCyrX		lOVrWP		" "9DRMaVzCIZWpG 	B5sF  	2aB9ALjh1uvWt5 bc6		  	tC2jVLG46X5		" "kOhS 		CLcuG3  qEn5wCHDWV4 8ycoFC 		LtdQ8q				" "nsq8ibRAFW	 	yPx	qnhiIOU 	 	y2p3OibXoCP4FjTDQ	kvNPyRcpmCu8lYVZ	 	 " "irkc	 	 	p2Hn		 	 cg1ezEpVd0Sax   fTNsmUd4E8	   6LHDd8G1	 CNHIhx3ZU6OAcQvq4  		6BzPc 	UGJDusnVQo	nri1MjyCtQI  FL8d9t 	 	" "6XTcG3t		 	 3gfS8EOnbc	WYq  ABQmh1OX	 ZmHxt1zro4SUFp8    wI54NidKp6   " "PxX5 		  e8bagOqpTuMQzV  		 j69	" "84UyJ9bHCvAiVcq  	06HAxR   ZabItslezRdm LMzS1xgUb5oJ 	  GIemUkLHcu   	OzZxi				WrMH8KlSQh		 	L8MExCa  " "q4jIJuW				 Uuq1dD7wftWe 		 	rEbsHAFaqR1U2QO 1vH4xb8F	 qmOn4JTKX9SkPi  	 " "pSnBeJi  		Fo2VYZwe0Gkp	 	mJy		 DK5unedc40VXxw		 	bJRAya0zMoh		" "RG2I   	2ljZqMoXkuWvs   sRQKOlAg  			5W3rn7SF0Lp2		n527WeM4VIq9sjTK  	  sBGtUfl  	nWajHFkqc8 	 UIOxDAi15qQdG7 vwKyECLWug	 " "oZUs1JPvznBI	 			4en7tbfIESc			  1lKSbtgeFY54XHQj  DdLK gCXx8cm9yvb	gQp	 		U59sKkW6tIaAO4uef			 9gtnNZxJq0mGkI 	 r86Be  " "qEh5lw9 		 4zrKJ0SRmlX		 uXRMqN	 	uBrExamqHLG6ObiMC	iXR9ZxJFwulQ3p7 mJo " "z7RoemdOYnCvKkP zhsQUAClfWOZ4ei				 F2iXB5Q	l1MfqHkZuLQ 		 bgLNs3JZ1c7WfiVO	t4oD5XdC  SvVUC37WJAge 	VOYEIQ	 	" "nKR7w34befGd0jFMA    8l3LbEfK0	  3MxGB		 ifI 		  5dp	  "
$> diff -U 3 user_output_test14 test14.output | cat -e

Diff OK :D
= Test 15 ==================================================
$> ./6wrfm0978lgkri1b5cqjy9k8  "UsFp1lCtwVHZKdh	Pv2LW87SBp qA5SbnQuH   x6uNrDqe52EcY	 63VvBqKIzHEZ 	wYM FXd5sZj8ANa   Rny4hOrDa6VL	3oLy2qG  zb4iIJUNfgM1	 " "j7g 		 m4oC2Yaf0ch	PMGXcuvbV	 QMTlGmaq vDOmBHAnEsjfK 		 	LQbpqmxv     wdOvs8		" "3HET8wLgSuayIeR				IuUkxwaMbpZi	 	  QRHAN	 yOGvilQJHt43	  5z1BgohnD9rYsKu 	oeKVdltS3Caf   XpL 			 TN4oeBiV C1uUQ6c3pewSL4 	 pE4Azjxn " "PaI	 	  ia3j5 	 	 xTePujzDotOK 			18thkWGfESqug6 CEDQrF5vIOnHj	 	 	4eSJaBmXjN9FHV7	  e3hFKMWE	 		1EBipvGXY			 	" "EcL9GAjQ2vYX7FP Ul6jXR			bHz		D46FtpKfwHl  " "YFo	hIqsd1K	uy2PMVer			ieS0Nbw3hMHCncDB  		WaRQoYe50BAxlO1		78FHGA     6EsmjL 	 " "C6bRjv197xp		 	fYg1lzO8uvoRWJV9	  	mEPKV8jOUJ7e2uHs 3TmVCF	 4M31Bnl6 		ysYwSBg  		JYQoqWO 		" "pc6lUnZCW    	XCRuzleHx50JAwN	 		 IxGfFjOHP0	OoVwRSpd 	 NGtO3z6i54XefM 	mW3D5Gi 		 iK1		CWYQ8Z	 	 "
$> diff -U 3 user_output_test15 test15.output | cat -e

Diff OK :D
= Test 16 ==================================================
$> ./zhvhl5r9jltmu83f7k67f5dq  "jdD GiyHo				 Ydw     63X2fZLFPc	  qTwhg	 	LK2n8gpq 				zNeRJi47oQaID	TmIHl 		60ecNJxltPjLpF3sI	  	" "d0toLrWxHmQ9y5 FswaCiufJ Q5BaWsbPqKvT1c	  	VETSRZBMg7vH08  	qNzbOr				 dDbgBRKZt7h   	XApMHiqdxZ2Ya4 	 		QB8wJDVF			 	zk4nqQ	" "F8ricBZHOyqG			OG3lxmYh	  	DJrvi3FVnZu90	  QGtyHvcUfxLq	zGAoSFLjDHWM0vO	  2JZMLE 	ZNPBohO		 " "RQF03MZYby  		 YzGQf3Ojla6bZ	 			ABd				6wR7ByV1a   " "89J6EdmaGP		 		SryBxLMOznbt  		lsxf92a   		a7zBSkNZ  oWvFpwbsQL 	 	" "WETunPc	   ygsf8Ar   KwCAhmsz4OXpWvBe				" "lxfDqJ8uEUgAYiV		 	qFlJti8vduB36	02odIvTQSU  PHTOM4FxnRhIJ xU3AjuEYVkQ	nkY  " "wfONlFs		ONRLfBWAYGVUkcbC   		Mi7v6qCR0ALb	 	 	UImLcb5	nwM1O6U  " "urGVFQUsmB8	tXI	  O0VevWAxodPjbZMQ8 	RoyKqSTYPtQ6	IP1DXvnJFB60WRakU    l7hkUTQNPRFpcv	 	 IdZKT7bgVeGWtP	  	 liPptUn0KIhG4ubvM  		 qAGJ2nbRF  " "tX7zONyl4	  Iuk		 	 8Pe		KqJSBf			yeKFoX0 LSWn5Gup  	 zIflKLnuE     XbiL 	12IKjM4FrhlBCDSx  	5onTE9    	" "TepdlwbMYGcg1vR	 		CZ1u0Lgxt9o6wSUB  KUH39ZIeSFqmD		 " "IbPWlVKQ7vu	bdhZ	   8KaPJEiZQsVSb2xtR		ABMa30G9Kz		 61D	  	 1YhXduBU28Vzb	  	" "iOXyHFAh2fxYNEuWo 		 oLRtpZvk 		  KDFWtcJo		EqaczjNbdWhlCirfS 		 SAh3DIWeTE2mOUiqK	 " "CBYv	 			CiLqvGcISrHP1	 PsF r6qoDz8pn		j9Pu43gvNE	qaK  Dfj3kxm1QV	  		2vaq DrlQ		xoR1XgPJbG	" "bwRgQ 		4KVPOqQUz UuOT50cB8Z7aliLG 	 	 bRoZJUI0jqkM9 	o0nENVZY9qcA 	 UKZRVij    xVC7dcq5en 	 	mxbI6  			8M3Ig2CtLXuRnK 	gsDHvUpiwz8QZ0			  " "gsbo5LPNmr	 vYaZTbPz6q4Senjs  	 	SLyGrn2sZ7NbhI6	  LMep3A	   dhy	    xKvg 		OAqsCB3e0n	 	  SCDQy9   fw1QEgo3ebs					" "Qtdfgc6v 		CKU 	   xbRnjz		  dcBzK1ehfuPj9yp5			 PEsC    HAGLKXcw1qmIin9S  	 	THie531yqnKAE  A1rwJ3 	  cnNKj	 	UIdRgykG6Qh27	  " "QLfh3cAKtpVw2lZC	 	 MjUDwOPcYv 	 i6PntSX9  2aCcVKzMe		 	" "7kc5PDm1OntjB c8q 	H9FM2kaj	2hOaFC8vNet7o9rG " "LgISFYTwdC5G			XZCyGLq69l1	GjasC2RfeuBDPZ8Qr  G3nRTZDco2ug61UF " "P0eG96RDyiznvjJu8		  rDJ JDCWjH4eN9a	tGJsnI5u0Sp8WobzU		ZYfxaNldhVsb4pK9T		 	 cbAZeQHNmOify8LS    39khdsWlDGHB	gMrUHkWvda0x9TE  		 " "9HeE 		L6c0eGImyP		   U5D8btiEdNg		Y9e2TsAZQmjSGVl	  	 gen0x8fiBM4cIrNq 4cn9jqQUp 		yxSEwB6fuzH  	 	" "HgVT9Pdwb7SOEc  	  NGgb7ztjv3fSQm				a9sRf78uF0y5ptYq	UwB     GeHpJltwQjXFYz3			 	kLS1eGIu36b x4goiwDsLkVf		l7ki9VvS    GrpRmEuaNK	" "WF9ImOlf0	 		dbQJ			 	tkQ0	 	 " "C67H	  kiMEtmR   		NGTKXOMivj4Q	 		 zEfC		 ls5V8ij4DCfY				 mC3c9	 			"
$> diff -U 3 user_output_test16 test16.output | cat -e

Diff OK :D
= Test 17 ==================================================
$> ./iw0mhfd8sejrxeco0l8tz9nd  "0EBhUr3i9	6mg3i2WbDV 	Xsb	mAKNQYCUT7v			7iu8nvk4RrgMFmcO	" "v5AcyQGWhYLe3pM	 9vF2keRS 	 		Ii5evnN  26jlQ5XxM     6JBopibP5qDRj		" "GwDaPi	89mcY3U	 	  2dNwGU 	7X6RhexkLoiyaOKjZ wli			  tVvCZL3bnlw  C0s7q2g5h	VSO8CvLT7fZh 	   Xt6F2beo7 	18QRY3		 		" "SPt9r	 vDFRCZPXAM8iKaY 		haxe2Ju5	   " "feWU9 	 		sZHewxGdzQ	  VsNthOgqKJAQcZdI		qpNUg3eRDn	 " "Pj38bErAy  	 hSy65up 		opLdxq5G	 	2RjXBgci6alOd				 iUu37 " "xEoGH			wEVBHTnMg2h   	SO4Gv8gl3hnVT	 CJBSge2Ylz8o 	 	 FBIbzvyHoA 		mcahDSy	   YwpdMsG			  haP 	 " "RJxVuA9lNzT elbiAL7D   	UT7gAYM   LyQDElI4pBaJC			Evu N05Qv2Tn		UNKu3VQsSfJtD " "wBzt2ulUbIK 		 TF6Hk80jG1IaLyNuP			  V7e8m		 F6EI  2Ir4euZ	 		 Qw83Hbk0sL 8vLOjtdJNe	   	RGvZ	 		 tpGFBQC5fr6PDdjL   	MPpE	" "l3Dn9MbRQUF2A8f dJ460hHqcabY	 	aYNICgthA 	gKlF6qeo 			 SHN	G751dEf4siroakl   	 ke28mPcFjJSUu59i0 " "FjurNw6Zt45Qlv0	 	7Ig	 	 	tLHJYDMqC9F   	pJ8TaQoPs		nHFJxL8g43eZS	  		PeZJHTIrbEqyG	 		Qh4X89JLaAbjx			 e8iL9UkACM		 FIDP4X7GQHA3	   " "QB6vzdUpoEui  	 	hgwsGdbKlV7q6			RuKvQWV6Ldxqa13D		   7PylNSv 	  yJMQXP  	 	vKMc0aeU4qSlO7IbH	 			sZh0an	WydPDb 	 SkfW0LCR9A	 	" "7Epnqwy 			OHbLQUdMt		  njE3hSuz2k5YFeL					poWL 0UZzPcbgoDL3Vuk		 		1dxelHEfDu357	XzInwh	" "zib			sz8H	  QFxhTGBi5YogycCq	je2	b7yVWZ4Ql6ft HAuC		" "OFSt 	6IO 	RoN1p0dea	  " "K5VDP7dgm4UlB3iq		 	zUeZPa 	  1NEMeuOvD2BFjIlt4   	B8DHruVwzbp	EV2mf	 CXcmZsw6gk b7qsYWB4unlemvX	jy1UoWQh	ClQ7		  hYckx5HsDTQ 	 	" "XeyHIdQr 	 bdAqz247NmjQ  UOvujQhlL   	9GjN0QovtSr MlXCWaj	 	YcBhiACP     kHXOIU2BWjG4nZc7K 	 " "Op5TUZ7MnSh4uGgo9 	 	OEcRYG	  	lhJK2YwZPv ertcPxd8ViX4UN			 DxsRPU0lOy9I8Y3  		" "P3N5dzqjsDBJ   		Ioy6VgsdFa1E4Dfm	  		m9KdARvuIrEeD	KzwvZWy				 el8E1Div4y7N6	WsJk8BQxF1NlYjA   	 J2rPg0bq8k		  " "xOc5tlrwEm9NWh	m60n1dKqcw	  k5qI8E   9HcmlYIiodVQ 	   3Q5wxJ 	 " "0SWO6s8jq 	oBVRr2L				yAv 	 vTH7bp3MZs5f6 	ICEYWUgxB39jPrFoG	" "GhSWMfKqzxwi3L5X  	 ywg2SKpsZuBFhJA1  	NtFxejOUrQBwn 	gXeFqRlin7u rtmZfK574VzSRNv	 		 HezbpW1lSB0gJhCs	  	 0LDe8dIQa9oSqA  	 7BkxUv6zRuS	 NEsr2qa 	  " "6wciVCdB5OQ 		aAoPFMqLxXyb2ivm 		 ZrVaLG8kiDOjwBn    	hGi4 	 	" "2BKeFikunCb	9eUjsdbz1DqY3	  TJgN1xZC	O2Kf	9x0lyCshf  kSGdV0W	" "ivb6wYVG0Ce   XDGxbpPVr2Lkde	zxv 	 HeVR3zUM0Gu I1nGvy6hQk3W9 	eHB61WnjNET905Lc			N2QLUYjrEnaAgcCsi 	  unpl3gCd			 	JEBNcWx9tz	"
$> diff -U 3 user_output_test17 test17.output | cat -e

Diff OK :D
= Test 18 ==================================================
$> ./22wb0shqlcvcr3iyxahmv6tf  "Pgl3cCuRqSaUjzM 5LYkz0gpDdovIaihA	bri1dYGeBgyH 			Z2PzjtHAQqlW  	uE2fyjHKaWMc79h OqPEWVf5oL 	 J024InPHwjSV3 v9cUMl21WCena 	  " "7EMpzsfOYa			jUlRJKWuFTItbV  		loMY6nF7Ztx 	  	" "NsiWwMh5zmLHP  LTa 	  WmAEdD				 1Z0TiOJQB    " "WF0Ejr			  FVP5vUhK7Gb3y		   cVFC2Xhb9injB	   DpJi  	taK	 YN1uSlaBOeqDno5		 0c5qGa					" "uaYE	 ZGcNPh1 			 3S92Y7zyOrIW	 	l9Z	 HmfJg5UV4RTIbp oTUwipD8ds9e	 KnQ9Ry3k0Z61J5lHA	LFUmHdIQpDXzfCKWb			  qXjND	" "5xNWAz3VG	wchKt4   kbJxnsTwBNEcLO  	G2Uy96Pqf 	  eNth	 gOip4hs2r		 KDwJnFtVlgf7L8N 	 " "W5Irux23NcL  Dwhg	oSH4CdGg5l     i8Dsh " "E3tbypkihrZ e0FUz	   	zmtfd7LuYy92  sOCxSygK68iQB	CAW0qMX8m4NHkTu			2BrjnzpolD  	  mLIWBHXDbS6zJh   2jzyorKO8Zh5 	 " "PHuD1Ke2fak 	 	IoEJRAdN3Dg79UMe 	   B4isRGjAaTDfcZI		 	uQ1tc 		 K8Uz0uw			 	p6brjk2uGzcOCew	  	 8x1eHLoEwBWc  	" "Js6SPV				gRakMrqA8V6WY				Jf1yQSrPjAkdsb84  	 R6vut7SwYEp2HD		 KCZYrHQFJ  k5f    	EctpniCWId0  	 	" "IU4zmfl5M89CDj oVN3OWJYZM 	 		5riqL					" "Zbd	  hlo6mTH8d	 	gn6EJrot	  qAnFE6G3rxDS    HqYCRX   		LMj	   xv0 FBS0Gvb7p92Y8z	   " "QrhAWSUeH				 qWC02kV    	rNIT3nMF4y1ZBj 		 tU0Co 	 KYnZ3AuMJq		  7zvhLAIFQKw CRPVJZr8O2S1kAdGb	 b0v4Ea7xlyk		   7Nzotsm6Obqf  	  " "Zo6sq7NCQ3wlc FQMz9gnRu				1JenR		Ba46yLO bXCWt		JEvsjoq3NYXW 		 	" "fZ5ECBjURtJ 	0xuQ  iBuwrZmt5IspHN3c 	 	r9N6lDQsqda	60SlpYgIWB1 	vu56q37VJxdhK  		 " "TOxdwWnha 	yXic2khvjwYepng  	 	Ayv0jeWGbLJ  12HlXzV9ZFG76gei    5ksdA		 uShBUXLrzx 	 48Ah0  BVgvlbjCm4SRXHzLd 9HwTnXj 	" "GXTu3aOV7DLSW  	 igtLuNx	 	 LTp3		mCSRIwTsMGHF 		FUk0Lyh2z  	 " "xpC8YV72qAnsQ0dt				 ZArYleOjDT   	bJ2  	  cSFap9wLYbVUmO8hW   jJHgCcT29nUi3		" "ef6o890k2ajv	  zaseJfIR9UwTh4mu	 0vJk3aZDUYst	H0kNlaJidZWjz	 " "yz9pKuw3UhMD 	 	KcrPM12OiXFaN0zu mUdvRGtSjr	 hg3ctpMGdnIK91AW				" "PLH1fbAU5ZwiNTsS	acX2kthDon6	 		 NE34aX	 		68UTOJ3AZGQBu1	 HCkMg 	uZ8i "
$> diff -U 3 user_output_test18 test18.output | cat -e

Diff OK :D
= Test 19 ==================================================
$> ./b2ebu201clx8cetb71dypzrh  "RlKzAuDgr6n5ei 		 SIcxjWMotVib  LAxeSVjEp9m3 	LA3fqg	    ADcH9		  	GfyVXPiUSqx OKBAqo7wasZ		EvMCY 	ZlyqwjxA1	 " "CaBPR	  	1LTlQbH6	 	yuLwlBUx0VQ1DO5 	rKRcDoS6CzNhjFBEf	   vQCzusMjYVkEZL2	 	BhIEtY6Wk9OV nODFrPsJ8WpUlbwe0  	 " "gMvrN3 			Gcy2zpiL34kt  W4Ed    	rWX8MJnYEST GfNhx 	 jTxkGzo326LJRYhp	HxRYBvhL6iea8   		Igvdwi71P0 	lBog	DwLe		" "HCM1 		 	3WnD6  			zLm1xl9phOjJ   DMOxup0	 		6QCFNpeL	 		MXicwb 	  	JyxVXCGHctu	bdgp8TRma25ZVL	" "rYUFi62TBWlyo		ceBKvd9HU 	 	VHjm	   zX8ZNjWv3Q5wxGR	 43gslOKoXUHGNfp    kyU3t o1UXxk73fH			  " "Uuyp8Ese  		VmSoFHUjrL	 	FzxPN4EcvdruXA PHEyGqtWZMrI Ws1Y		 	jXmtehnTf0kCDqL 		CjBTthO9xp   	 GBQJ80mrces7aO		   dcipT 	 	 KYl3IoixeH " "ToPc7jbN   A6cvEHpJ5 	  JVPw3tpn7rea		 		QTG   qGCzwHmdgnrYuT 	94hZv YKScJpZL3q8WmCotu	   " "5lhF		CNHv5FG   	pPiwaN		SPyXIULlRnA	 SQOMRmaJw  	 xXZW6e1MK			 HsXGV6  		 " "OD5g7A LGtZuYMA2Rlq 		 WkA6ulfj	XT5vB   	Wqm7		3v20ljaN7MUAmW  	 " "BoX3PiS42ZKk98Vp  bnqhz16c 	  	gsG29WUQ0Fa8oM KlcM   	eOoQZvqu8nh0Xi		 	 2w08HEIb  		 " "JsmCe   		5qFIuAx1MW23wf 	 GfF3UzpWrqo	 	SfgBzi0OVdl67Nu		 NR3St8i214		eCsbFEr	" "hPJamNwe InH 	  	YtT0WsKa14 UsnT8rPW0		   tdJmaHz0 gO7p0B		 ZV4SY	oW6gr5b9jMky JIXPYmT2hlSi7  2AFst1g   " "XfTY  		4UWM1Ku	pe8QhNIJ 	 		c4ICMSm0g	5fwo8edGtXPVp  		ETeORf9w gDzWuwt2EGaS  		WbCM1i6esHFo 	" "c9ovnQDsdpa81E		 	FylPWUVMpY			 	hksjyXK0uwA	 	 YTh08g	   5c217y	REHsKgc 	 SRcMD8YLu			" "mud	  sHOuflc  	 RvzbnrS4KBpPdfl0 	 IJqkW3Guhp	FHqTz7t 	 oFuNsy5M4W1k	 wzsh 	XHeDs9gkrl7y0RUhw ps3kg8	 "
$> diff -U 3 user_output_test19 test19.output | cat -e

Diff OK :D
= Test 20 ==================================================
$> ./oehxrgbibor3lxy07vrsx2cj  "TSrOdlZa9t UjkZiPu	  bs6rkvpeV	xQSzF1OeMUt 	 		yvWOkPwsb1d 		" "9LRCAWM0FG6v		 Xg6B4rN2o	 	  IEaiys	" "CWKjD0GBc  			bH72KSZFqzj1J 	 	 2kwI7W3AtfuYg1jX	7Kiv9S	   T8Cco6RO	 ri6Lhf1cu 	 " "18D 		oygdncsiY7Thz    	Rmn16MlkaJ9KON	    XdQweWB kngzE	 	 	fhJir6z	  		HWZwc	 		" "PQSB9JAowXxmDft		pKRFWOisIkfd2mtQg   FBg3mY0yu   VYk1Mh  	 HvGwaLxCyV 	 	xTEflJAta0zY	 " "LnsA 		thoCid	   10Jy			L9SQxcOY m8vzCGrJ	  efLt5FJTVHZ		 	 QLqbTkoMI		xh0PG5HC1jpSD9NI	rBWwSdGgTjV6vC9	Nz9pdGEK  " "H5zP2dqDT1 		rWSFIUm4xGdQ eclEHU7auoFIhj3Q		 		HnmRjoxKtFW6TS	2Pcjaq1p 	r5EfgmHXdoC8zOIb " "LsMWtFpZQVSq0bO6H   		AqzJrDs		emQP7k9xFlHb3EY	 		ykbI1miAG2OtY0EV   BPb5o	 		QYMU6bkXE  		WgQOou4BE1vwpGh   		EaOfBFGiL	  y9F   		0LR1uB9Wbs	 " "w8fv	x2fRGaHdO31QyYSwL  	rZTJCP9UF  m3nlikY8sSZ    " "yB6OtHYZ9mrKvs	XjU9LHyf	  cE6ep0aIzv   	 " "xDhuLjy 		 LS9tBzJiy4dqD0	 xQ9s 		 49v6i5TW	8BUe3	PTrv6aLBJ 	pEDKt6vb	 	 BrbEu3RLFP0XHhw		" "AkgIVJn2vN6		eBZ 	   pkLUEfOgK	HohUpXYbEWjy	oXRTPOei	LbIpV15S			 4JWqEP " "VM8JxN6kGsFo1Tj	bv9gzh			 	qNxEj0R2cIrTf  			LelCrD6HoMB2SFfsm  u9nIArE wSLRc5DG7pJCjPH   mzV	  	d3mgCW			  tDOy 	LyePxpFi 		 " "71L	wGMJb				 fJMecFbH  Hk0p1Y7X 		O58RIMwpyG1a3  	 	2ubgBPt7VcIKDwXL 4odSF1ewa	  	JnMvT7k 	 	Nmi6UcflH8B4toVA	 			1FP0OAN9jJBcwU	 	" "kbPGqRoFV	ZigbE8	 4U67		  	5mxuLPRJ		 	DdYV	c1D   cPQ2zTkDMUY90  	 	" "RY5OmKhwGqT	   LRwApOQWh23tM5KeX  		7JrF1ldqEucQWwTg	 zu1p			  YStACV		 	s9exYmiA4 Yl0WHzeEv	  JQnLN8cB YCWtbB 		 	FB2J7zA	 "
$> diff -U 3 user_output_test20 test20.output | cat -e

Diff OK :D
Grade: 1

= Final grade: 1 ===============================================================
