= Host-specific information ====================================================
$> hostname; uname -msr
e1z3r3p4.42.us.org
Darwin 17.7.0 x86_64
$> date
Sun Sep  1 20:24:41 PDT 2019
$> gcc --version
Configured with: --prefix=/Library/Developer/CommandLineTools/usr --with-gxx-include-dir=/usr/include/c++/4.2.1
Apple LLVM version 10.0.0 (clang-1000.10.44.4)
Target: x86_64-apple-darwin17.7.0
Thread model: posix
InstalledDir: /Library/Developer/CommandLineTools/usr/bin
$> clang --version
Apple LLVM version 10.0.0 (clang-1000.10.44.4)
Target: x86_64-apple-darwin17.7.0
Thread model: posix
InstalledDir: /Library/Developer/CommandLineTools/usr/bin

= User files collection ========================================================
Collecting user files from Vogsphere
Repository URL: auto-exam/2019/c-exam-alone-in-the-dark-beginner/practice-exam_20190902/evjohnst4

= Git history ==================================================================
$> git -C /var/folders/h3/h3yfpsxd0_g943ffwprmr4wr0000gp/T/tmpFpP2SF/user log --pretty='%H - %an, %ad : %s'
ff9475faec7494375d0b511075b4c3c0e73b3ac5 - Evan Johnston, Sun Sep 1 20:22:50 2019 -0700 : .
f2aedaba7852b01aa9088f3c2de6340b355cd944 - Evan Johnston, Sun Sep 1 20:18:52 2019 -0700 : .
2340ed6baac45828385a29af6f9d71504c7f90a5 - Evan Johnston, Sun Sep 1 19:38:03 2019 -0700 : .
 
= Collected files ==========================================
$> ls -lAR /var/folders/h3/h3yfpsxd0_g943ffwprmr4wr0000gp/T/tmpFpP2SF/user
total 8
-rw-r--r--  1 deepthought  deepthought  656 Sep  1 20:24 __GIT_HISTORY
drwxr-xr-x  3 deepthought  deepthought  102 Sep  1 20:24 do_op
drwxr-xr-x  3 deepthought  deepthought  102 Sep  1 20:24 fizzbuzz
drwxr-xr-x  3 deepthought  deepthought  102 Sep  1 20:24 hello

/var/folders/h3/h3yfpsxd0_g943ffwprmr4wr0000gp/T/tmpFpP2SF/user/do_op:
total 8
-rw-r--r--  1 deepthought  deepthought  535 Sep  1 20:24 do_op.c

/var/folders/h3/h3yfpsxd0_g943ffwprmr4wr0000gp/T/tmpFpP2SF/user/fizzbuzz:
total 8
-rw-r--r--  1 deepthought  deepthought  421 Sep  1 20:24 fizzbuzz.c

/var/folders/h3/h3yfpsxd0_g943ffwprmr4wr0000gp/T/tmpFpP2SF/user/hello:
total 8
-rw-r--r--  1 deepthought  deepthought  118 Sep  1 20:24 hello.c
 
= do_op ========================================================================
$> gcc -Wextra -Wall -Werror do_op.c -o user_exe 

= Test 1 ===================================================
$> ./w2ntrin3ahm8rrc7cc3od564 
$> diff -U 3 user_output_test1 test1.output | cat -e

Diff OK :D
= Test 2 ===================================================
$> ./p9ss6t760hnbwdg76frb49yp "-5025" "*" "3985"
$> diff -U 3 user_output_test2 test2.output | cat -e

Diff OK :D
= Test 3 ===================================================
$> ./g70r8600ksprhrj9domkmcz3 "6396" "*" "17695"
$> diff -U 3 user_output_test3 test3.output | cat -e

Diff OK :D
= Test 4 ===================================================
$> ./fcvx0woea53imiq8591ei7jx "-13428" "*" "13493"
$> diff -U 3 user_output_test4 test4.output | cat -e

Diff OK :D
= Test 5 ===================================================
$> ./5hd2u6plz7dt5r9zwiqo5mq6 "1394" "*" "-6872"
$> diff -U 3 user_output_test5 test5.output | cat -e

Diff OK :D
= Test 6 ===================================================
$> ./2wt2cwvqtjr0n63tjkplvlv5 "11298" "+" "1213"
$> diff -U 3 user_output_test6 test6.output | cat -e

Diff OK :D
= Test 7 ===================================================
$> ./gkus9xdlilrm2sfkscnyht0t "18642" "+" "-15869"
$> diff -U 3 user_output_test7 test7.output | cat -e

Diff OK :D
= Test 8 ===================================================
$> ./dfjp7t9nxop8tepn5igeykpo "-19686" "+" "-13178"
$> diff -U 3 user_output_test8 test8.output | cat -e

Diff OK :D
= Test 9 ===================================================
$> ./8y3dync9ipzn7uxzmz3esw4z "-3910" "+" "4787"
$> diff -U 3 user_output_test9 test9.output | cat -e

Diff OK :D
= Test 10 ==================================================
$> ./x1xpkwiqn4thhixhu0xdawi9 "-6219" "+" "9017"
$> diff -U 3 user_output_test10 test10.output | cat -e

Diff OK :D
= Test 11 ==================================================
$> ./x3bc6kl63sfpi135koq2w40r "19989" "+" "-848"
$> diff -U 3 user_output_test11 test11.output | cat -e

Diff OK :D
= Test 12 ==================================================
$> ./j7xfnwyw4xqt2pan8tta59hp "13293" "+" "6449"
$> diff -U 3 user_output_test12 test12.output | cat -e

Diff OK :D
= Test 13 ==================================================
$> ./lag2pms82yurws5x2pmvzaqu "-12699" "-" "11700"
$> diff -U 3 user_output_test13 test13.output | cat -e

Diff OK :D
= Test 14 ==================================================
$> ./nonybattjxi05zp1dye3m7fq "-16741" "-" "-4552"
$> diff -U 3 user_output_test14 test14.output | cat -e

Diff OK :D
= Test 15 ==================================================
$> ./ivkquetz8ea9dupihdma7jzy "14865" "-" "9577"
$> diff -U 3 user_output_test15 test15.output | cat -e

Diff OK :D
= Test 16 ==================================================
$> ./5lproojrc03nr9j8ts6zs0kg "7637" "-" "830"
$> diff -U 3 user_output_test16 test16.output | cat -e

Diff OK :D
= Test 17 ==================================================
$> ./bcv5z86d3pi675jn3hoszp7k "3209" "-" "5675"
$> diff -U 3 user_output_test17 test17.output | cat -e

Diff OK :D
= Test 18 ==================================================
$> ./vj87efkkw4vvqeh864dbnafe "-18803" "/" "14823"
$> diff -U 3 user_output_test18 test18.output | cat -e

Diff OK :D
= Test 19 ==================================================
$> ./l0vm1od8gft2q58q5pf4iurf "-1192" "/" "4197"
$> diff -U 3 user_output_test19 test19.output | cat -e

Diff OK :D
= Test 20 ==================================================
$> ./uu2zhw2uuej7bsxlwpal98qr "-7757" "/" "11456"
$> diff -U 3 user_output_test20 test20.output | cat -e

Diff OK :D
= Test 21 ==================================================
$> ./lwp9wtwufgnsk9goijkoakl7 "-10635" "/" "19686"
$> diff -U 3 user_output_test21 test21.output | cat -e

Diff OK :D
= Test 22 ==================================================
$> ./q5xvccvjftyj5axa7fbd56uz "13753" "/" "-8935"
$> diff -U 3 user_output_test22 test22.output | cat -e

Diff OK :D
= Test 23 ==================================================
$> ./ath8yonm17vw64b1esft9r30 "11578" "/" "4379"
$> diff -U 3 user_output_test23 test23.output | cat -e

Diff OK :D
= Test 24 ==================================================
$> ./iwmz85uynxe50zpkhxtkv0sm "246748" "%" "3128"
$> diff -U 3 user_output_test24 test24.output | cat -e

Diff OK :D
= Test 25 ==================================================
$> ./aez9p0kho0lt51i6zn9d7yjp "393088" "%" "351238"
$> diff -U 3 user_output_test25 test25.output | cat -e

Diff OK :D
= Test 26 ==================================================
$> ./o4ki8clbbpw6h18fucttdk6s "213766" "%" "183009"
$> diff -U 3 user_output_test26 test26.output | cat -e

Diff OK :D
= Test 27 ==================================================
$> ./3j1tepzg181b89of04pivzgf "276045" "%" "344592"
$> diff -U 3 user_output_test27 test27.output | cat -e

Diff OK :D
= Test 28 ==================================================
$> ./d7v9lptmvq4yka2ufiyxae4u "12" "*" "1" "12"
$> diff -U 3 user_output_test28 test28.output | cat -e

Diff OK :D
Grade: 1

= Final grade: 1 ===============================================================
