= Host-specific information ====================================================
$> hostname; uname -msr
e1z1r6p35.42.us.org
Darwin 17.5.0 x86_64
$> date
Sun Sep  1 17:33:03 PDT 2019
$> gcc --version
Configured with: --prefix=/Library/Developer/CommandLineTools/usr --with-gxx-include-dir=/usr/include/c++/4.2.1
Apple LLVM version 9.1.0 (clang-902.0.39.1)
Target: x86_64-apple-darwin17.5.0
Thread model: posix
InstalledDir: /Library/Developer/CommandLineTools/usr/bin
$> clang --version
Apple LLVM version 9.1.0 (clang-902.0.39.1)
Target: x86_64-apple-darwin17.5.0
Thread model: posix
InstalledDir: /Library/Developer/CommandLineTools/usr/bin

= User files collection ========================================================
Collecting user files from Vogsphere
Repository URL: auto-exam/2019/c-exam-alone-in-the-dark-beginner/practice-exam_20190901/evjohnst11

= Git history ==================================================================
$> git -C /var/folders/jr/qd0qxrw10zg0grc4mqmv36ww0000gp/T/tmpNlSLLD/user log --pretty='%H - %an, %ad : %s'
7acb923671f0c3f9897e9e3649b70d0a435dfbdd - Evan Johnston, Sun Sep 1 17:31:11 2019 -0700 : .
430a21f570ee1610f8dca8f299d37c13293fbc4f - Evan Johnston, Sun Sep 1 17:29:09 2019 -0700 : .
8519da5d91eb55b656caad27dbf0e95eed7e7f18 - Evan Johnston, Sun Sep 1 17:09:35 2019 -0700 : .
1f7a24b0ae7c3e7a5cb8f889c16074df55d4e04f - Evan Johnston, Sun Sep 1 17:07:34 2019 -0700 : .
d8a7eab105e2cdca5d14e527183a0ecefb3fd1b7 - Evan Johnston, Sun Sep 1 17:07:33 2019 -0700 : .
0c759d17aaee646048c3b3a90688d92c7d11ff43 - Evan Johnston, Sun Sep 1 17:05:31 2019 -0700 : .
11ecde0d03dfdd74f9304d293d047596e6ce2438 - Evan Johnston, Sun Sep 1 16:59:25 2019 -0700 : .
79233f071847472f8306c2e27d1a54ba41447c4b - Evan Johnston, Sun Sep 1 16:49:11 2019 -0700 : .
ae196939559aff2bd6a14e27d91eeac8aab53a3e - Evan Johnston, Sun Sep 1 16:49:09 2019 -0700 : .
9053e95ea4acec8ced8cde0d19ebe519325ecd5f - Evan Johnston, Sun Sep 1 16:47:02 2019 -0700 : .
 
= Collected files ==========================================
$> ls -lAR /var/folders/jr/qd0qxrw10zg0grc4mqmv36ww0000gp/T/tmpNlSLLD/user
total 8
-rw-r--r--  1 deepthought  deepthought  2303 Sep  1 17:33 __GIT_HISTORY
drwxr-xr-x  3 deepthought  deepthought   102 Sep  1 17:33 camel_to_snake
drwxr-xr-x  3 deepthought  deepthought   102 Sep  1 17:33 first_word
drwxr-xr-x  4 deepthought  deepthought   136 Sep  1 17:33 flood_fill
drwxr-xr-x  3 deepthought  deepthought   102 Sep  1 17:33 hello
drwxr-xr-x  3 deepthought  deepthought   102 Sep  1 17:33 hidenp
drwxr-xr-x  3 deepthought  deepthought   102 Sep  1 17:33 print_memory

/var/folders/jr/qd0qxrw10zg0grc4mqmv36ww0000gp/T/tmpNlSLLD/user/camel_to_snake:
total 8
-rw-r--r--  1 deepthought  deepthought  353 Sep  1 17:33 camel_to_snake.c

/var/folders/jr/qd0qxrw10zg0grc4mqmv36ww0000gp/T/tmpNlSLLD/user/first_word:
total 8
-rw-r--r--  1 deepthought  deepthought  329 Sep  1 17:33 first_word.c

/var/folders/jr/qd0qxrw10zg0grc4mqmv36ww0000gp/T/tmpNlSLLD/user/flood_fill:
total 16
-rw-r--r--  1 deepthought  deepthought  713 Sep  1 17:33 flood_fill.c
-rw-r--r--  1 deepthought  deepthought  184 Sep  1 17:33 flood_fill.t_point.h

/var/folders/jr/qd0qxrw10zg0grc4mqmv36ww0000gp/T/tmpNlSLLD/user/hello:
total 8
-rw-r--r--  1 deepthought  deepthought  118 Sep  1 17:33 hello.c

/var/folders/jr/qd0qxrw10zg0grc4mqmv36ww0000gp/T/tmpNlSLLD/user/hidenp:
total 8
-rw-r--r--  1 deepthought  deepthought  406 Sep  1 17:33 hidenp.c

/var/folders/jr/qd0qxrw10zg0grc4mqmv36ww0000gp/T/tmpNlSLLD/user/print_memory:
total 8
-rw-r--r--  1 deepthought  deepthought  2263 Sep  1 17:33 print_memory.c
 
= print_memory =================================================================
$> gcc -Wextra -Wall -Werror print_memory.c main.c -o user_exe 

= Test 1 ===================================================
$> ./hibtvc4sk4ur2l3dja6hn1tp
$> diff -U 3 user_output_test1 test1.output | cat -e

Diff OK :D
Grade: 1

= Final grade: 1 ===============================================================
