= Host-specific information ====================================================
$> hostname; uname -msr
e1z2r9p29.42.us.org
Darwin 17.7.0 x86_64
$> date
Sun Aug  4 13:03:28 PDT 2019
$> gcc --version
Configured with: --prefix=/Library/Developer/CommandLineTools/usr --with-gxx-include-dir=/usr/include/c++/4.2.1
Apple LLVM version 10.0.0 (clang-1000.10.44.4)
Target: x86_64-apple-darwin17.7.0
Thread model: posix
InstalledDir: /Library/Developer/CommandLineTools/usr/bin
$> clang --version
Apple LLVM version 10.0.0 (clang-1000.10.44.4)
Target: x86_64-apple-darwin17.7.0
Thread model: posix
InstalledDir: /Library/Developer/CommandLineTools/usr/bin

= User files collection ========================================================
Collecting user files from Vogsphere
Repository URL: auto-exam/2019/c-exam-alone-in-the-dark-beginner/practice-exam_20190804/evjohnst12

= Git history ==================================================================
$> git -C /var/folders/x3/mfklth7j6jjcf6bm1s0b0qnw0000gp/T/tmpz0tKHv/user log --pretty='%H - %an, %ad : %s'
3f9533384e4ed0ccd6cb9cd96a34e19558424300 - Evan Johnston, Sun Aug 4 13:01:38 2019 -0700 : .
9dc2d13d31940fd2e346ed74abd7b47727f135af - Evan Johnston, Sun Aug 4 13:01:36 2019 -0700 : .
e62193fb11a43acb02c8db760850107c75bddf3a - Evan Johnston, Sun Aug 4 12:59:35 2019 -0700 : .
dc19c865c793de9e17a6c6574040c99e2e822a59 - Evan Johnston, Sun Aug 4 12:59:34 2019 -0700 : .
4e25c38947d6668602ba9366d68b0f165a14e2a9 - Evan Johnston, Sun Aug 4 12:57:33 2019 -0700 : .
47f678683efb20a91109b8971ebd6a15a1a124bd - Evan Johnston, Sun Aug 4 12:57:32 2019 -0700 : .
c3139f45c95a8e58054a361f06593fb420a0a3e9 - Evan Johnston, Sun Aug 4 12:57:20 2019 -0700 : .
 
= Collected files ==========================================
$> ls -lAR /var/folders/x3/mfklth7j6jjcf6bm1s0b0qnw0000gp/T/tmpz0tKHv/user
total 8
-rw-r--r--  1 deepthought  deepthought  1553 Aug  4 13:03 __GIT_HISTORY
drwxr-xr-x  3 deepthought  deepthought   102 Aug  4 13:03 ft_atoi
drwxr-xr-x  3 deepthought  deepthought   102 Aug  4 13:03 ft_rrange
drwxr-xr-x  3 deepthought  deepthought   102 Aug  4 13:03 hello
drwxr-xr-x  3 deepthought  deepthought   102 Aug  4 13:03 rev_print

/var/folders/x3/mfklth7j6jjcf6bm1s0b0qnw0000gp/T/tmpz0tKHv/user/ft_atoi:
total 8
-rw-r--r--  1 deepthought  deepthought  450 Aug  4 13:03 ft_atoi.c

/var/folders/x3/mfklth7j6jjcf6bm1s0b0qnw0000gp/T/tmpz0tKHv/user/ft_rrange:
total 8
-rw-r--r--  1 deepthought  deepthought  790 Aug  4 13:03 ft_rrange.c

/var/folders/x3/mfklth7j6jjcf6bm1s0b0qnw0000gp/T/tmpz0tKHv/user/hello:
total 8
-rw-r--r--  1 deepthought  deepthought  118 Aug  4 13:03 hello.c

/var/folders/x3/mfklth7j6jjcf6bm1s0b0qnw0000gp/T/tmpz0tKHv/user/rev_print:
total 8
-rw-r--r--  1 deepthought  deepthought  296 Aug  4 13:03 rev_print.c
 
= ft_rrange ====================================================================
$> gcc -Wextra -Wall -Werror main.c ft_rrange.c -o user_exe 

= Test 1 ===================================================
$> ./67vnzus0swha2svud42smrkr 
$> diff -U 3 user_output_test1 test1.output | cat -e

Diff OK :D
= Test 2 ===================================================
$> ./acpbadxiveo550491e74jxg2 "21" "2313" "12"
$> diff -U 3 user_output_test2 test2.output | cat -e

Diff OK :D
= Test 3 ===================================================
$> ./csp3p4u6hadgobwx1a6f4o8h "2147483647" "2147483640" "7"
$> diff -U 3 user_output_test3 test3.output | cat -e

Diff OK :D
= Test 4 ===================================================
$> ./ukm0ox21w95ysugvj2vr9hdd "-2147483648" "-2147483600" "48"
$> diff -U 3 user_output_test4 test4.output | cat -e

Diff OK :D
= Test 5 ===================================================
$> ./4lv0ptepe9bskuuv6sipwbjg "0" "0" "1"
$> diff -U 3 user_output_test5 test5.output | cat -e

Diff OK :D
= Test 6 ===================================================
$> ./8v7u4db7ym7215f9cs5xnl3n "1085503287" "1085503269" "19"
$> diff -U 3 user_output_test6 test6.output | cat -e

Diff OK :D
= Test 7 ===================================================
$> ./hk2tqq1jrn0t9qv7nfreub37 "1655709264" "1655709307" "44"
$> diff -U 3 user_output_test7 test7.output | cat -e

Diff OK :D
= Test 8 ===================================================
$> ./02ke9tr2ilscioo2ndhx8lbu "108879500" "108879497" "4"
$> diff -U 3 user_output_test8 test8.output | cat -e

Diff OK :D
= Test 9 ===================================================
$> ./nb9p8fr40nvfko8hgrc0x576 "614738223" "614738190" "34"
$> diff -U 3 user_output_test9 test9.output | cat -e

Diff OK :D
= Test 10 ==================================================
$> ./2vegon9afaatveboz43atj4k "1227686532" "1227686546" "15"
$> diff -U 3 user_output_test10 test10.output | cat -e

Diff OK :D
= Test 11 ==================================================
$> ./2vgu3sd2bw8ph2l1fchjuofe "-70540805" "-70540828" "24"
$> diff -U 3 user_output_test11 test11.output | cat -e

Diff OK :D
= Test 12 ==================================================
$> ./6llkopoq3tezuw1cpa4hd43u "62165735" "62165716" "20"
$> diff -U 3 user_output_test12 test12.output | cat -e

Diff OK :D
= Test 13 ==================================================
$> ./sbxszwxsqx1lfft9hp8p5hfo "-69542962" "-69543011" "50"
$> diff -U 3 user_output_test13 test13.output | cat -e

Diff OK :D
= Test 14 ==================================================
$> ./wf2vgn2i4tj6b2htvk2uy2iu "355431398" "355431380" "19"
$> diff -U 3 user_output_test14 test14.output | cat -e

Diff OK :D
= Test 15 ==================================================
$> ./jb9hu232knff9r039a6y71es "688208709" "688208702" "8"
$> diff -U 3 user_output_test15 test15.output | cat -e

Diff OK :D
= Test 16 ==================================================
$> ./u0exz2lr5kw9v8ykhpr251zk "769241353" "769241375" "23"
$> diff -U 3 user_output_test16 test16.output | cat -e

Diff OK :D
= Test 17 ==================================================
$> ./xwi2lfaoa1yji7taq6ji22gt "294125522" "294125511" "12"
$> diff -U 3 user_output_test17 test17.output | cat -e

Diff OK :D
= Test 18 ==================================================
$> ./kg966m56f659qdbupi3uddcl "243666001" "243665999" "3"
$> diff -U 3 user_output_test18 test18.output | cat -e

Diff OK :D
= Test 19 ==================================================
$> ./laouk9mb89s30wmbvjye0d9h "469617779" "469617767" "13"
$> diff -U 3 user_output_test19 test19.output | cat -e

Diff OK :D
= Test 20 ==================================================
$> ./70cvodjpyc5o1293qhomugfk "75775843" "75775805" "39"
$> diff -U 3 user_output_test20 test20.output | cat -e

Diff OK :D
Grade: 1

= Final grade: 1 ===============================================================
