= Host-specific information ====================================================
$> hostname; uname -msr
e1z2r7p28.42.us.org
Darwin 17.4.0 x86_64
$> date
Sun Sep  1 23:11:09 PDT 2019
$> gcc --version
Configured with: --prefix=/Library/Developer/CommandLineTools/usr --with-gxx-include-dir=/usr/include/c++/4.2.1
Apple LLVM version 9.0.0 (clang-900.0.39.2)
Target: x86_64-apple-darwin17.4.0
Thread model: posix
InstalledDir: /Library/Developer/CommandLineTools/usr/bin
$> clang --version
Apple LLVM version 9.0.0 (clang-900.0.39.2)
Target: x86_64-apple-darwin17.4.0
Thread model: posix
InstalledDir: /Library/Developer/CommandLineTools/usr/bin

= User files collection ========================================================
Collecting user files from Vogsphere
Repository URL: auto-exam/2019/c-exam-alone-in-the-dark-beginner/practice-exam_20190902/evjohnst8

= Git history ==================================================================
$> git -C /var/folders/ww/v6yg8xs15nb5gc8dzryhb14m0000gp/T/tmpM0fcTC/user log --pretty='%H - %an, %ad : %s'
a8a7421aa8631147751026e95c170cc49c24a79e - Evan Johnston, Sun Sep 1 23:11:07 2019 -0700 : .
 
= Collected files ==========================================
$> ls -lAR /var/folders/ww/v6yg8xs15nb5gc8dzryhb14m0000gp/T/tmpM0fcTC/user
total 8
-rw-r--r--  1 deepthought  deepthought  221 Sep  1 23:11 __GIT_HISTORY
drwxr-xr-x  3 deepthought  deepthought  102 Sep  1 23:11 aff_a

/var/folders/ww/v6yg8xs15nb5gc8dzryhb14m0000gp/T/tmpM0fcTC/user/aff_a:
total 8
-rw-r--r--  1 deepthought  deepthought  308 Sep  1 23:11 aff_a.c
 
= aff_a ========================================================================
$> gcc -Wextra -Wall -Werror aff_a.c -o user_exe 

= Test 1 ===================================================
$> ./t23t2xj4ghscy701lilx5d3z 
$> diff -U 3 user_output_test1 test1.output | cat -e

Diff OK :D
= Test 2 ===================================================
$> ./0una1o8pou8aom21fvit9cem "17" "23" "42"
$> diff -U 3 user_output_test2 test2.output | cat -e

Diff OK :D
= Test 3 ===================================================
$> ./z45s5bklu5tniistcx9aigms "AqsB7aQ"
$> diff -U 3 user_output_test3 test3.output | cat -e

Diff OK :D
= Test 4 ===================================================
$> ./7ey3iirmt9o9qseg2b6fmnpj "U0fakR5LIKJvH"
$> diff -U 3 user_output_test4 test4.output | cat -e

Diff OK :D
= Test 5 ===================================================
$> ./i07bi0k21mqixqfep4wvuel7 "zH0pvI3wCsZDoT"
$> diff -U 3 user_output_test5 test5.output | cat -e

Diff OK :D
= Test 6 ===================================================
$> ./6defukpdpx12ml2yjbqsx715 "Qtks4xbK9uvUYEWH"
$> diff -U 3 user_output_test6 test6.output | cat -e

Diff OK :D
Grade: 1

= Final grade: 1 ===============================================================
