= Host-specific information ====================================================
$> hostname; uname -msr
e1z1r7p9.42.us.org
Darwin 17.5.0 x86_64
$> date
Sun Sep  1 20:49:59 PDT 2019
$> gcc --version
Configured with: --prefix=/Library/Developer/CommandLineTools/usr --with-gxx-include-dir=/usr/include/c++/4.2.1
Apple LLVM version 9.1.0 (clang-902.0.39.1)
Target: x86_64-apple-darwin17.5.0
Thread model: posix
InstalledDir: /Library/Developer/CommandLineTools/usr/bin
$> clang --version
Apple LLVM version 9.1.0 (clang-902.0.39.1)
Target: x86_64-apple-darwin17.5.0
Thread model: posix
InstalledDir: /Library/Developer/CommandLineTools/usr/bin

= User files collection ========================================================
Collecting user files from Vogsphere
Repository URL: auto-exam/2019/c-exam-alone-in-the-dark-beginner/practice-exam_20190902/evjohnst4

= Git history ==================================================================
$> git -C /var/folders/1m/zp6ksqjx0p9f94yrrcg9hz7w0000gp/T/tmpHgN2vo/user log --pretty='%H - %an, %ad : %s'
5291c3ca8ea8de060127216670493d4afdfb6203 - Evan Johnston, Sun Sep 1 20:49:57 2019 -0700 : .
fd179befe08cf75a4a19f43210e37104f9a26716 - Evan Johnston, Sun Sep 1 20:36:50 2019 -0700 : .
866ac25287f362dfdd4e4f68c42929d9e4ea74b1 - Evan Johnston, Sun Sep 1 20:36:47 2019 -0700 : .
69aed47c022dae749df76446937c930f0f6a569f - Evan Johnston, Sun Sep 1 20:34:45 2019 -0700 : .
7a8523c41aeb1ddae9c55a137730987955e12ce6 - Evan Johnston, Sun Sep 1 20:24:52 2019 -0700 : .
ff9475faec7494375d0b511075b4c3c0e73b3ac5 - Evan Johnston, Sun Sep 1 20:22:50 2019 -0700 : .
f2aedaba7852b01aa9088f3c2de6340b355cd944 - Evan Johnston, Sun Sep 1 20:18:52 2019 -0700 : .
2340ed6baac45828385a29af6f9d71504c7f90a5 - Evan Johnston, Sun Sep 1 19:38:03 2019 -0700 : .
 
= Collected files ==========================================
$> ls -lAR /var/folders/1m/zp6ksqjx0p9f94yrrcg9hz7w0000gp/T/tmpHgN2vo/user
total 8
-rw-r--r--  1 deepthought  deepthought  1826 Sep  1 20:50 __GIT_HISTORY
drwxr-xr-x  3 deepthought  deepthought   102 Sep  1 20:50 brackets
drwxr-xr-x  3 deepthought  deepthought   102 Sep  1 20:50 do_op
drwxr-xr-x  3 deepthought  deepthought   102 Sep  1 20:50 fizzbuzz
drwxr-xr-x  3 deepthought  deepthought   102 Sep  1 20:50 hello
drwxr-xr-x  3 deepthought  deepthought   102 Sep  1 20:50 print_hex
drwxr-xr-x  3 deepthought  deepthought   102 Sep  1 20:50 sort_int_tab

/var/folders/1m/zp6ksqjx0p9f94yrrcg9hz7w0000gp/T/tmpHgN2vo/user/brackets:
total 8
-rw-r--r--  1 deepthought  deepthought  787 Sep  1 20:50 brackets.c

/var/folders/1m/zp6ksqjx0p9f94yrrcg9hz7w0000gp/T/tmpHgN2vo/user/do_op:
total 8
-rw-r--r--  1 deepthought  deepthought  535 Sep  1 20:50 do_op.c

/var/folders/1m/zp6ksqjx0p9f94yrrcg9hz7w0000gp/T/tmpHgN2vo/user/fizzbuzz:
total 8
-rw-r--r--  1 deepthought  deepthought  421 Sep  1 20:50 fizzbuzz.c

/var/folders/1m/zp6ksqjx0p9f94yrrcg9hz7w0000gp/T/tmpHgN2vo/user/hello:
total 8
-rw-r--r--  1 deepthought  deepthought  118 Sep  1 20:50 hello.c

/var/folders/1m/zp6ksqjx0p9f94yrrcg9hz7w0000gp/T/tmpHgN2vo/user/print_hex:
total 8
-rw-r--r--  1 deepthought  deepthought  425 Sep  1 20:50 print_hex.c

/var/folders/1m/zp6ksqjx0p9f94yrrcg9hz7w0000gp/T/tmpHgN2vo/user/sort_int_tab:
total 8
-rw-r--r--  1 deepthought  deepthought  844 Sep  1 20:50 sort_int_tab.c
 
= brackets =====================================================================
$> gcc -Wextra -Wall -Werror brackets.c -o user_exe 

= Test 1 ===================================================
$> ./nnkmkjud4pugi46t2jwdvoc2 '(toto)'
$> diff -U 3 user_output_test1 test1.output | cat -e

Diff OK :D
= Test 2 ===================================================
$> ./tfyabs5zzwy3i5o0cz23m4b9 '([)]'
$> diff -U 3 user_output_test2 test2.output | cat -e

Diff OK :D
= Test 3 ===================================================
$> ./0uyijtj2og9yg9yeh0s9uvql '' '{[(0 + 0)(1 + 1)](3*(-1)){()}}'
$> diff -U 3 user_output_test3 test3.output | cat -e

Diff OK :D
= Test 4 ===================================================
$> ./ruqt05hn4dyqewqjxblw5ybe 
$> diff -U 3 user_output_test4 test4.output | cat -e

Diff OK :D
= Test 5 ===================================================
$> ./mepax3gkkpmqa5cood1ybpkd '()' '[]' '{}' '' 'toto' '([{}[{(()[])}()]]())(((([])))())'
$> diff -U 3 user_output_test5 test5.output | cat -e

Diff OK :D
= Test 6 ===================================================
$> ./9tijo1ts80h9m95r5l7rq56j '()[]{}' '([{}])[({})]{([])}'
$> diff -U 3 user_output_test6 test6.output | cat -e

Diff OK :D
= Test 7 ===================================================
$> ./spmpi0j6q7zyoc8gciazzg4m '(]' '{)' '[}' ')' '}' ')' '(' '{' '['
$> diff -U 3 user_output_test7 test7.output | cat -e

Diff OK :D
= Test 8 ===================================================
$> ./4n20q1frd3q5prxb5rwpw74p '({)}' '[()]{}]' '])}' '([{' "(cette (trace n'a pas [de but precis]) {a part embeter (tout le monde)})"
$> diff -U 3 user_output_test8 test8.output | cat -e

Diff OK :D
Grade: 1

= Final grade: 1 ===============================================================
