= Host-specific information ====================================================
$> hostname; uname -msr
e1z2r10p10.42.us.org
Darwin 17.7.0 x86_64
$> date
Sun Aug  4 16:40:55 PDT 2019
$> gcc --version
Configured with: --prefix=/Library/Developer/CommandLineTools/usr --with-gxx-include-dir=/usr/include/c++/4.2.1
Apple LLVM version 10.0.0 (clang-1000.10.44.4)
Target: x86_64-apple-darwin17.7.0
Thread model: posix
InstalledDir: /Library/Developer/CommandLineTools/usr/bin
$> clang --version
Apple LLVM version 10.0.0 (clang-1000.10.44.4)
Target: x86_64-apple-darwin17.7.0
Thread model: posix
InstalledDir: /Library/Developer/CommandLineTools/usr/bin

= User files collection ========================================================
Collecting user files from Vogsphere
Repository URL: auto-exam/2019/c-exam-alone-in-the-dark-beginner/practice-exam_20190804/evjohnst20

= Git history ==================================================================
$> git -C /var/folders/vx/hpnhgvy942b6nfj9n2td9_q00000gp/T/tmphT89Ab/user log --pretty='%H - %an, %ad : %s'
a1972a0b866295524748d2583269ed53195475a5 - Evan Johnston, Sun Aug 4 16:39:03 2019 -0700 : .
d6347402014bc6b5369c67e173e47e8960c4c697 - Evan Johnston, Sun Aug 4 16:37:01 2019 -0700 : .
3e5214b801a3f28c38152e884e709bdceab999f2 - Evan Johnston, Sun Aug 4 16:35:01 2019 -0700 : .
faf45e613cf1f0fcd7a8b7369a1569be0c401132 - Evan Johnston, Sun Aug 4 16:35:00 2019 -0700 : .
387c440721c8b52e4f72e4938eab35e79e985cf1 - Evan Johnston, Sun Aug 4 16:33:01 2019 -0700 : .
 
= Collected files ==========================================
$> ls -lAR /var/folders/vx/hpnhgvy942b6nfj9n2td9_q00000gp/T/tmphT89Ab/user
total 8
-rw-r--r--  1 deepthought  deepthought  1178 Aug  4 16:40 __GIT_HISTORY
drwxr-xr-x  3 deepthought  deepthought   102 Aug  4 16:40 add_prime_sum
drwxr-xr-x  3 deepthought  deepthought   102 Aug  4 16:40 ft_atoi
drwxr-xr-x  3 deepthought  deepthought   102 Aug  4 16:40 ft_print_numbers
drwxr-xr-x  3 deepthought  deepthought   102 Aug  4 16:40 ft_strcpy

/var/folders/vx/hpnhgvy942b6nfj9n2td9_q00000gp/T/tmphT89Ab/user/add_prime_sum:
total 8
-rw-r--r--  1 deepthought  deepthought  721 Aug  4 16:40 add_prime_sum.c

/var/folders/vx/hpnhgvy942b6nfj9n2td9_q00000gp/T/tmphT89Ab/user/ft_atoi:
total 8
-rw-r--r--  1 deepthought  deepthought  450 Aug  4 16:40 ft_atoi.c

/var/folders/vx/hpnhgvy942b6nfj9n2td9_q00000gp/T/tmphT89Ab/user/ft_print_numbers:
total 8
-rw-r--r--  1 deepthought  deepthought  231 Aug  4 16:40 ft_print_numbers.c

/var/folders/vx/hpnhgvy942b6nfj9n2td9_q00000gp/T/tmphT89Ab/user/ft_strcpy:
total 8
-rw-r--r--  1 deepthought  deepthought  455 Aug  4 16:40 ft_strcpy.c
 
= add_prime_sum ================================================================
$> gcc -Wextra -Wall -Werror add_prime_sum.c -o user_exe 

= Test 1 ===================================================
$> ./gq2m27ab3i86dyh0fo2jm0qa 
$> diff -U 3 user_output_test1 test1.output | cat -e

Diff OK :D
= Test 2 ===================================================
$> ./38b8w38mgdoc8yz5jky99wtr "17" "23" "42"
$> diff -U 3 user_output_test2 test2.output | cat -e

Diff OK :D
= Test 3 ===================================================
$> ./zu9n99yf51p6millk9t8n0my "-465"
$> diff -U 3 user_output_test3 test3.output | cat -e

Diff OK :D
= Test 4 ===================================================
$> ./vv5eocnj07piyp2gf4p1v3ve "-1121"
$> diff -U 3 user_output_test4 test4.output | cat -e

Diff OK :D
= Test 5 ===================================================
$> ./sjz2mdl48gg8wu1oaofkcii2 "449"
$> diff -U 3 user_output_test5 test5.output | cat -e

Diff OK :D
= Test 6 ===================================================
$> ./hflqwmppq2gg4398mv64n89k "1878"
$> diff -U 3 user_output_test6 test6.output | cat -e

Diff OK :D
= Test 7 ===================================================
$> ./jom80kl92sf9dyb95msn1vpi "574"
$> diff -U 3 user_output_test7 test7.output | cat -e

Diff OK :D
= Test 8 ===================================================
$> ./i85lzjhmu5m7fialk02fbjzg "435"
$> diff -U 3 user_output_test8 test8.output | cat -e

Diff OK :D
= Test 9 ===================================================
$> ./d5v2y6ql4cerkyscjpo75ykp "786"
$> diff -U 3 user_output_test9 test9.output | cat -e

Diff OK :D
= Test 10 ==================================================
$> ./ouki1dpgoi9nw4wrqybmbwh1 "1277"
$> diff -U 3 user_output_test10 test10.output | cat -e

Diff OK :D
= Test 11 ==================================================
$> ./qs1bfij9rrulnl2h792aivs4 "630"
$> diff -U 3 user_output_test11 test11.output | cat -e

Diff OK :D
= Test 12 ==================================================
$> ./ir61wmzxx7qrz6ii53hkc00y "543"
$> diff -U 3 user_output_test12 test12.output | cat -e

Diff OK :D
= Test 13 ==================================================
$> ./cwph1jculzlamkox7pn8hss9 "1622"
$> diff -U 3 user_output_test13 test13.output | cat -e

Diff OK :D
= Test 14 ==================================================
$> ./i3niy547xztfyqzcxzj7w5ba "1012"
$> diff -U 3 user_output_test14 test14.output | cat -e

Diff OK :D
= Test 15 ==================================================
$> ./8znme1vmnwq49vlsrrmrkp4q "939"
$> diff -U 3 user_output_test15 test15.output | cat -e

Diff OK :D
= Test 16 ==================================================
$> ./9fvt35hc0dttri79ufpmo6vc "1275"
$> diff -U 3 user_output_test16 test16.output | cat -e

Diff OK :D
= Test 17 ==================================================
$> ./gyiag2y9vugk99s5qnpdw16h "1299"
$> diff -U 3 user_output_test17 test17.output | cat -e

Diff OK :D
Grade: 1

= Final grade: 1 ===============================================================
