= Host-specific information ====================================================
$> hostname; uname -msr
e1z3r7p7.42.us.org
Darwin 17.4.0 x86_64
$> date
Sun Sep  1 16:07:47 PDT 2019
$> gcc --version
Configured with: --prefix=/Library/Developer/CommandLineTools/usr --with-gxx-include-dir=/usr/include/c++/4.2.1
Apple LLVM version 9.1.0 (clang-902.0.39.1)
Target: x86_64-apple-darwin17.4.0
Thread model: posix
InstalledDir: /Library/Developer/CommandLineTools/usr/bin
$> clang --version
Apple LLVM version 9.1.0 (clang-902.0.39.1)
Target: x86_64-apple-darwin17.4.0
Thread model: posix
InstalledDir: /Library/Developer/CommandLineTools/usr/bin

= User files collection ========================================================
Collecting user files from Vogsphere
Repository URL: auto-exam/2019/c-exam-alone-in-the-dark-beginner/practice-exam_20190901/evjohnst10

= Git history ==================================================================
$> git -C /var/folders/kz/nb1gnzb13wn_10wmwjl_46700000gp/T/tmpSORjYa/user log --pretty='%H - %an, %ad : %s'
d9285b6f6801988a04e89845bd430783259111cc - Evan Johnston, Sun Sep 1 16:05:57 2019 -0700 : .
80cfeb658a2500963495ddc1c243feccf5c34787 - Evan Johnston, Sun Sep 1 16:05:56 2019 -0700 : .
76a8e54f6a2f66d2fc41c2a774a8b434caa47e2f - Evan Johnston, Sun Sep 1 16:03:55 2019 -0700 : .
0fb50def7739ae83788a255ad96ac5063facd7cb - Evan Johnston, Sun Sep 1 16:03:53 2019 -0700 : .
edf70bfc7e7ca96a011f7e73f82f3407fc65ac4d - Evan Johnston, Sun Sep 1 16:01:52 2019 -0700 : .
 
= Collected files ==========================================
$> ls -lAR /var/folders/kz/nb1gnzb13wn_10wmwjl_46700000gp/T/tmpSORjYa/user
total 8
-rw-r--r--  1 deepthought  deepthought  1112 Sep  1 16:07 __GIT_HISTORY
drwxr-xr-x  3 deepthought  deepthought   102 Sep  1 16:07 ft_putstr
drwxr-xr-x  3 deepthought  deepthought   102 Sep  1 16:07 is_power_of_2
drwxr-xr-x  3 deepthought  deepthought   102 Sep  1 16:07 maff_revalpha

/var/folders/kz/nb1gnzb13wn_10wmwjl_46700000gp/T/tmpSORjYa/user/ft_putstr:
total 8
-rw-r--r--  1 deepthought  deepthought  202 Sep  1 16:07 ft_putstr.c

/var/folders/kz/nb1gnzb13wn_10wmwjl_46700000gp/T/tmpSORjYa/user/is_power_of_2:
total 8
-rw-r--r--  1 deepthought  deepthought  329 Sep  1 16:07 is_power_of_2.c

/var/folders/kz/nb1gnzb13wn_10wmwjl_46700000gp/T/tmpSORjYa/user/maff_revalpha:
total 8
-rw-r--r--  1 deepthought  deepthought  132 Sep  1 16:07 maff_revalpha.c
 
= is_power_of_2 ================================================================
$> gcc -Wextra -Wall -Werror is_power_of_2.c main.c -o user_exe 

= Test 1 ===================================================
$> ./jojcssrf9cc454x3f5777nl0 0
$> diff -U 3 user_output_test1 test1.output | cat -e

Diff OK :D
= Test 2 ===================================================
$> ./pkj3022tyl2w24hn0q3sehcv 1
$> diff -U 3 user_output_test2 test2.output | cat -e

Diff OK :D
= Test 3 ===================================================
$> ./3qxa2gg0qwrq98cjzzqxizw0 2
$> diff -U 3 user_output_test3 test3.output | cat -e

Diff OK :D
= Test 4 ===================================================
$> ./7aeetl3gf7laiopvmn1u74rd 3
$> diff -U 3 user_output_test4 test4.output | cat -e

Diff OK :D
= Test 5 ===================================================
$> ./ek25rix8t560qbcow0brdca7 4
$> diff -U 3 user_output_test5 test5.output | cat -e

Diff OK :D
= Test 6 ===================================================
$> ./etpmp3nx90cddr6cj8osgria 1234
$> diff -U 3 user_output_test6 test6.output | cat -e

Diff OK :D
= Test 7 ===================================================
$> ./kkahyufl4fgb660wmi3t64h0 2147483646
$> diff -U 3 user_output_test7 test7.output | cat -e

Diff OK :D
= Test 8 ===================================================
$> ./19fi1l1z1wprnicgaq1mankb 2147483648
$> diff -U 3 user_output_test8 test8.output | cat -e

Diff OK :D
= Test 9 ===================================================
$> ./5ihamet246rhrkzmig8qs11e 4294967295
$> diff -U 3 user_output_test9 test9.output | cat -e

Diff OK :D
Grade: 1

= Final grade: 1 ===============================================================
