= Host-specific information ====================================================
$> hostname; uname -msr
e1z3r7p24.42.us.org
Darwin 17.4.0 x86_64
$> date
Sun Aug  4 16:55:09 PDT 2019
$> gcc --version
Configured with: --prefix=/Library/Developer/CommandLineTools/usr --with-gxx-include-dir=/usr/include/c++/4.2.1
Apple LLVM version 10.0.0 (clang-1000.10.44.4)
Target: x86_64-apple-darwin17.4.0
Thread model: posix
InstalledDir: /Library/Developer/CommandLineTools/usr/bin
$> clang --version
Apple LLVM version 10.0.0 (clang-1000.10.44.4)
Target: x86_64-apple-darwin17.4.0
Thread model: posix
InstalledDir: /Library/Developer/CommandLineTools/usr/bin

= User files collection ========================================================
Collecting user files from Vogsphere
Repository URL: auto-exam/2019/c-exam-alone-in-the-dark-beginner/practice-exam_20190804/evjohnst21

= Git history ==================================================================
$> git -C /var/folders/ld/m5_hf56d4ybds_y0bstqddyw0000gp/T/tmppKQnb9/user log --pretty='%H - %an, %ad : %s'
bed2b64e032818e68e6650aad1915f14fa2b686f - Evan Johnston, Sun Aug 4 16:53:18 2019 -0700 : .
1cf51448b50584511ea4acdb00a68e44a6c94d50 - Evan Johnston, Sun Aug 4 16:53:17 2019 -0700 : .
84de33bc5ce198177e466451052ed1107423a1ba - Evan Johnston, Sun Aug 4 16:51:16 2019 -0700 : .
4b61e9626fdabc012609ffef6fcb92c6d6d4d84b - Evan Johnston, Sun Aug 4 16:49:14 2019 -0700 : .
e30080c2ca4495696f81e23517293a95c7e95eb8 - Evan Johnston, Sun Aug 4 16:49:13 2019 -0700 : .
f670ea78ce0ce9f613288891762e623b9a417380 - Evan Johnston, Sun Aug 4 16:47:11 2019 -0700 : .
af80cfe232ff3bb565fa7e8248e3084b5c5e6f4c - Evan Johnston, Sun Aug 4 16:45:14 2019 -0700 : .
 
= Collected files ==========================================
$> ls -lAR /var/folders/ld/m5_hf56d4ybds_y0bstqddyw0000gp/T/tmppKQnb9/user
total 8
-rw-r--r--  1 deepthought  deepthought  1716 Aug  4 16:55 __GIT_HISTORY
drwxr-xr-x  3 deepthought  deepthought   102 Aug  4 16:55 aff_last_param
drwxr-xr-x  3 deepthought  deepthought   102 Aug  4 16:55 first_word
drwxr-xr-x  4 deepthought  deepthought   136 Aug  4 16:55 ft_list_size
drwxr-xr-x  3 deepthought  deepthought   102 Aug  4 16:55 ft_strdup
drwxr-xr-x  4 deepthought  deepthought   136 Aug  4 16:55 sort_list

/var/folders/ld/m5_hf56d4ybds_y0bstqddyw0000gp/T/tmppKQnb9/user/aff_last_param:
total 8
-rw-r--r--  1 deepthought  deepthought  259 Aug  4 16:55 aff_last_param.c

/var/folders/ld/m5_hf56d4ybds_y0bstqddyw0000gp/T/tmppKQnb9/user/first_word:
total 8
-rw-r--r--  1 deepthought  deepthought  329 Aug  4 16:55 first_word.c

/var/folders/ld/m5_hf56d4ybds_y0bstqddyw0000gp/T/tmppKQnb9/user/ft_list_size:
total 16
-rw-r--r--  1 deepthought  deepthought  102 Aug  4 16:55 ft_list.h
-rw-r--r--  1 deepthought  deepthought  606 Aug  4 16:55 ft_list_size.c

/var/folders/ld/m5_hf56d4ybds_y0bstqddyw0000gp/T/tmppKQnb9/user/ft_strdup:
total 8
-rw-r--r--  1 deepthought  deepthought  346 Aug  4 16:55 ft_strdup.c

/var/folders/ld/m5_hf56d4ybds_y0bstqddyw0000gp/T/tmppKQnb9/user/sort_list:
total 16
-rw-r--r--  1 deepthought  deepthought  1198 Aug  4 16:55 sort_list.c
-rw-r--r--  1 deepthought  deepthought   973 Aug  4 16:55 sort_list.list.h
 
= sort_list ====================================================================
$> gcc -Wextra -Wall -Werror sort_list.c main.c -o user_exe 

= Test 1 ===================================================
$> ./161560qum3urvp5839twgcox
$> diff -U 3 user_output_test1 test1.output | cat -e

Diff OK :D
Grade: 1

= Final grade: 1 ===============================================================
