= Host-specific information ====================================================
$> hostname; uname -msr
e1z2r7p37.42.us.org
Darwin 17.4.0 x86_64
$> date
Thu Aug  1 22:13:32 PDT 2019
$> gcc --version
Configured with: --prefix=/Library/Developer/CommandLineTools/usr --with-gxx-include-dir=/usr/include/c++/4.2.1
Apple LLVM version 9.0.0 (clang-900.0.39.2)
Target: x86_64-apple-darwin17.4.0
Thread model: posix
InstalledDir: /Library/Developer/CommandLineTools/usr/bin
$> clang --version
Apple LLVM version 9.0.0 (clang-900.0.39.2)
Target: x86_64-apple-darwin17.4.0
Thread model: posix
InstalledDir: /Library/Developer/CommandLineTools/usr/bin

= User files collection ========================================================
Collecting user files from Vogsphere
Repository URL: auto-exam/2019/c-exam-alone-in-the-dark-intermediate/practice-exam_20190802/evjohnst7

= Git history ==================================================================
$> git -C /var/folders/63/pscnm73x7x9gq85r8tnnbc_80000gp/T/tmpFn5fFa/user log --pretty='%H - %an, %ad : %s'
2a158a639f95ada4ba380e063717a9e199fb1504 - Evan Johnston, Thu Aug 1 22:11:41 2019 -0700 : .
a1edaebf79b7eb02b9ca6820e270d9ac54b4acef - Evan Johnston, Thu Aug 1 22:03:20 2019 -0700 : .
 
= Collected files ==========================================
$> ls -lAR /var/folders/63/pscnm73x7x9gq85r8tnnbc_80000gp/T/tmpFn5fFa/user
total 8
-rw-r--r--  1 deepthought  deepthought  485 Aug  1 22:13 __GIT_HISTORY
drwxr-xr-x  3 deepthought  deepthought  102 Aug  1 22:13 count_alpha
drwxr-xr-x  3 deepthought  deepthought  102 Aug  1 22:13 count_of_2

/var/folders/63/pscnm73x7x9gq85r8tnnbc_80000gp/T/tmpFn5fFa/user/count_alpha:
total 8
-rw-r--r--  1 deepthought  deepthought  602 Aug  1 22:13 count_alpha.c

/var/folders/63/pscnm73x7x9gq85r8tnnbc_80000gp/T/tmpFn5fFa/user/count_of_2:
total 8
-rw-r--r--  1 deepthought  deepthought  397 Aug  1 22:13 count_of_2.c
 
= count_alpha ==================================================================
$> gcc -Wextra -Wall -Werror count_alpha.c -o user_exe 

= Test 1 ===================================================
$> ./f0q9hltwzexyvi9lfri4h9pa 
$> diff -U 3 user_output_test1 test1.output | cat -e

Diff OK :D
= Test 2 ===================================================
$> ./31uizlzfdef0lw591zyaz9pc "KW5Q" "SLVHFmgJ3stZ" "mEjzTPYLgwS7M" "jpNa" "owJGKhV31BA" "7L29guCeiMo" "8n9" "e5Ov7" "3KLCXSoFqU" "Peq7M"
$> diff -U 3 user_output_test2 test2.output | cat -e

Diff OK :D
= Test 3 ===================================================
$> ./rzjggmnufew3jqh145wykaw9 "cxONyvZpg87RVEH"
$> diff -U 3 user_output_test3 test3.output | cat -e

Diff OK :D
= Test 4 ===================================================
$> ./pcchibfwt0xvpor3vi2qiym7 "YX7cIT9wtgJyG0Ri4"
$> diff -U 3 user_output_test4 test4.output | cat -e

Diff OK :D
= Test 5 ===================================================
$> ./hjqcq2e55o04jyqgn48yrkzg "1GWKsBn"
$> diff -U 3 user_output_test5 test5.output | cat -e

Diff OK :D
= Test 6 ===================================================
$> ./is7sf76xj83g4opivj1s8je5 "567gFZbk"
$> diff -U 3 user_output_test6 test6.output | cat -e

Diff OK :D
= Test 7 ===================================================
$> ./y6fsmc2rn461pcti9s7psm4u "f2a7DeXsSpAOPK"
$> diff -U 3 user_output_test7 test7.output | cat -e

Diff OK :D
= Test 8 ===================================================
$> ./8veh5klgr0il70awg1m20ohe "uzoIJMeKZh7F"
$> diff -U 3 user_output_test8 test8.output | cat -e

Diff OK :D
= Test 9 ===================================================
$> ./osagoltp8963my3b95cmew9c "whL"
$> diff -U 3 user_output_test9 test9.output | cat -e

Diff OK :D
= Test 10 ==================================================
$> ./kgrjsr2shzuuj1z2rb2grmlw "dOq6VzSNv"
$> diff -U 3 user_output_test10 test10.output | cat -e

Diff OK :D
= Test 11 ==================================================
$> ./tpszrz66if9htittwah41gey "s0xzu9T FmGyvB1j4KA WNJrL8R9m03Bg1 OryDtjsSF 7XZFusJrvp3 rGp27lw WnU hvO 0yCqkc"
$> diff -U 3 user_output_test11 test11.output | cat -e

Diff OK :D
= Test 12 ==================================================
$> ./hxpgczetnkfk1ly7udu52u17 "J2aWpnEB8htkuXSom P17bNvgyMALKf F8bPsVMw3tWEZKzT FvaT 1xaTDYNq3 qcYT5C"
$> diff -U 3 user_output_test12 test12.output | cat -e

Diff OK :D
= Test 13 ==================================================
$> ./sqtz6czbl9euad0zsjzxy3id "KLhlqO95y0Xn eV8z37AkWIE lEn4jLv3 6rBUG29H kS4qhZ5P3RBa yVDri5jFz62XpP xufwmKoj edsrJOt3luQmGH2yf wiY hm5FgK 3JLeCo8smpycK1Q Pz49gF wgaid Jp3BXRwtv bVN029vWrM LDSts2uWpMJ Ro7 T7iUdvKRj"
$> diff -U 3 user_output_test13 test13.output | cat -e

Diff OK :D
= Test 14 ==================================================
$> ./cn9cskpowzjniqvz3attqlsp "MinGsT8gF0 Exk8gB 0mqw8bQBD 7hBO6gDZFyzJL5qf dU4m P4YChb 6acT nxs3 1TuYIBGDCd 6NBgWv81ZSXKar pO2 JqmQdN1ARsCGOnxi n0Hr3 mnx8j04VqzIb 8i1Mz9 YvrNt4k"
$> diff -U 3 user_output_test14 test14.output | cat -e

Diff OK :D
= Test 15 ==================================================
$> ./oanqne8m9ieeyqctxxaqabdl "wprRZUjFKMy1EH XPjvGr dyjslFiuwpeQY W6gMw3 nE9PbLMXHVA VtrowSD"
$> diff -U 3 user_output_test15 test15.output | cat -e

Diff OK :D
= Test 16 ==================================================
$> ./amakpoul2d8htb3j52t6kc4a "PiHEL i3CIscfVvw2SoRXl kBQTd0zD RGeZnaW2 Y8bDphOam 40V2 CDSets28Kd VsJgoO3feCQ4v1j VHvy5wORNTjGa A61BLwvn5z03Z9HN 5FTVwnq6CjmP9Kf PsLREqwiW2DFtf Nm8k ZriDWv6CutBUfb BshCiRa UgxzdtZV8SFuqOP FwDAvOCu1"
$> diff -U 3 user_output_test16 test16.output | cat -e

Diff OK :D
= Test 17 ==================================================
$> ./3ziavqo6ul9qc4dm3gms473e "1aieI7K BTcXO IBE 0vHbN2EIlACM56O iIkKY WJPuFNyRUdMcbe8z lCrVkBi9g8Z UXxV7BEftkQHY1ecK QaZ0 LvMFCAzB adjeiJzYq PNT0QD18VmYJAn"
$> diff -U 3 user_output_test17 test17.output | cat -e

Diff OK :D
= Test 18 ==================================================
$> ./i5xgs6luji73rrhnuf9a92l7 "RDN BOZzdS U5l2p NdEpnA8kcw InAOhQ ewvLbgza eYdqEkan PpleEA oa9wqVjMDl1s lASws56pKRg 98vHYpeozP5BKUTM"
$> diff -U 3 user_output_test18 test18.output | cat -e

Diff OK :D
= Test 19 ==================================================
$> ./tviqlsjxs5x8jj52v538g1k5 "2wXrHlp0CW mcR6BO BTh8pXe 18MOB5pSqXbyPga7"
$> diff -U 3 user_output_test19 test19.output | cat -e

Diff OK :D
= Test 20 ==================================================
$> ./dngkrbijpq1i88i1kfb0d3by "61BGtmZO5EPYr9xo 16Qe7t4d dHGKLPZ3 5ZDUFaP dteRXomv8b7FZB3y VmeqO 0Jh6GaVQkrEn7PRy o26NPYIibl F8Nhm3nXu97EP zmtMgR8 YKXHZdp23rcFBINwS 0Pp9LQj xkrwRtd0U3qAaXOfp"
$> diff -U 3 user_output_test20 test20.output | cat -e

Diff OK :D
Grade: 1

= Final grade: 1 ===============================================================
