= Host-specific information ====================================================
$> hostname; uname -msr
e1z2r5p31.42.us.org
Darwin 17.4.0 x86_64
$> date
Sun Sep  1 15:05:46 PDT 2019
$> gcc --version
Configured with: --prefix=/Library/Developer/CommandLineTools/usr --with-gxx-include-dir=/usr/include/c++/4.2.1
Apple LLVM version 9.0.0 (clang-900.0.39.2)
Target: x86_64-apple-darwin17.4.0
Thread model: posix
InstalledDir: /Library/Developer/CommandLineTools/usr/bin
$> clang --version
Apple LLVM version 9.0.0 (clang-900.0.39.2)
Target: x86_64-apple-darwin17.4.0
Thread model: posix
InstalledDir: /Library/Developer/CommandLineTools/usr/bin

= User files collection ========================================================
Collecting user files from Vogsphere
Repository URL: auto-exam/2019/c-exam-alone-in-the-dark-beginner/practice-exam_20190901/evjohnst8

= Git history ==================================================================
$> git -C /var/folders/rl/lw5dd3gs4jx5rvtpx7z6vxkm0000gp/T/tmpT6NUsS/user log --pretty='%H - %an, %ad : %s'
6a47acbe1fa5107c50a7783f42b0201007b73235 - Evan Johnston, Sun Sep 1 15:03:55 2019 -0700 : .
 
= Collected files ==========================================
$> ls -lAR /var/folders/rl/lw5dd3gs4jx5rvtpx7z6vxkm0000gp/T/tmpT6NUsS/user
total 8
-rw-r--r--  1 deepthought  deepthought  211 Sep  1 15:05 __GIT_HISTORY
drwxr-xr-x  3 deepthought  deepthought  102 Sep  1 15:05 maff_alpha

/var/folders/rl/lw5dd3gs4jx5rvtpx7z6vxkm0000gp/T/tmpT6NUsS/user/maff_alpha:
total 8
-rw-r--r--  1 deepthought  deepthought  132 Sep  1 15:05 maff_alpha.c
 
= maff_alpha ===================================================================
$> gcc -Wextra -Wall -Werror maff_alpha.c -o user_exe 

= Test 1 ===================================================
$> ./w85bb25eiy4812brkr4852u6 test1.prm
$> diff -U 3 user_output_test1 test1.output | cat -e

Diff OK :D
Grade: 1

= Final grade: 1 ===============================================================
