= Host-specific information ====================================================
$> hostname; uname -msr
e1z2r7p27.42.us.org
Darwin 17.4.0 x86_64
$> date
Wed Jun 19 20:30:16 PDT 2019
$> gcc --version
Configured with: --prefix=/Library/Developer/CommandLineTools/usr --with-gxx-include-dir=/usr/include/c++/4.2.1
Apple LLVM version 9.0.0 (clang-900.0.39.2)
Target: x86_64-apple-darwin17.4.0
Thread model: posix
InstalledDir: /Library/Developer/CommandLineTools/usr/bin
$> clang --version
Apple LLVM version 9.0.0 (clang-900.0.39.2)
Target: x86_64-apple-darwin17.4.0
Thread model: posix
InstalledDir: /Library/Developer/CommandLineTools/usr/bin

= User files collection ========================================================
Collecting user files from Vogsphere
Repository URL: auto-exam/2019/c-exam-alone-in-the-dark-intermediate/practice-exam_20190620/evjohnst2

= Git history ==================================================================
$> git -C /var/folders/_v/_7m0jqg159j0p55h2lpw933r0000gp/T/tmp_vF1I0/user log --pretty='%H - %an, %ad : %s'
535c6913ca6b9c072b4f5069f311e053df53bf78 - Evan Johnston, Wed Jun 19 20:30:14 2019 -0700 : .
2ce7ed58e6017dff91ece7d503e10a32a63c4501 - Evan Johnston, Wed Jun 19 19:19:32 2019 -0700 : .
76742566a4d76b999d189bb4b7202b1e341bec78 - Evan Johnston, Wed Jun 19 19:14:28 2019 -0700 : .
1d97a4b5831aa01f1b39efcec0fad44b10a99730 - Evan Johnston, Wed Jun 19 18:58:42 2019 -0700 : .
1fc1ee98635770f9bda74cd3abcbc3d383c5eaf3 - Evan Johnston, Wed Jun 19 18:57:56 2019 -0700 : .
4fa0f33d40520632cd24b48f9a0881140a377fbf - Evan Johnston, Wed Jun 19 18:55:30 2019 -0700 : .
 
= Collected files ==========================================
$> ls -lAR /var/folders/_v/_7m0jqg159j0p55h2lpw933r0000gp/T/tmp_vF1I0/user
total 8
-rw-r--r--  1 deepthought  deepthought  1575 Jun 19 20:30 __GIT_HISTORY
drwxr-xr-x  3 deepthought  deepthought   102 Jun 19 20:30 clone_list
drwxr-xr-x  3 deepthought  deepthought   102 Jun 19 20:30 convert_bst
drwxr-xr-x  3 deepthought  deepthought   102 Jun 19 20:30 count_alpha
drwxr-xr-x  3 deepthought  deepthought   102 Jun 19 20:30 g_diam
drwxr-xr-x  3 deepthought  deepthought   102 Jun 19 20:30 print_doublon
drwxr-xr-x  3 deepthought  deepthought   102 Jun 19 20:30 reverse_tree

/var/folders/_v/_7m0jqg159j0p55h2lpw933r0000gp/T/tmp_vF1I0/user/clone_list:
total 8
-rw-r--r--  1 deepthought  deepthought  2241 Jun 19 20:30 clone_list.c

/var/folders/_v/_7m0jqg159j0p55h2lpw933r0000gp/T/tmp_vF1I0/user/convert_bst:
total 8
-rw-r--r--  1 deepthought  deepthought  1659 Jun 19 20:30 convert_bst.c

/var/folders/_v/_7m0jqg159j0p55h2lpw933r0000gp/T/tmp_vF1I0/user/count_alpha:
total 8
-rw-r--r--  1 deepthought  deepthought  602 Jun 19 20:30 count_alpha.c

/var/folders/_v/_7m0jqg159j0p55h2lpw933r0000gp/T/tmp_vF1I0/user/g_diam:
total 8
-rw-r--r--  1 deepthought  deepthought  1884 Jun 19 20:30 g_diam.c

/var/folders/_v/_7m0jqg159j0p55h2lpw933r0000gp/T/tmp_vF1I0/user/print_doublon:
total 8
-rw-r--r--  1 deepthought  deepthought  719 Jun 19 20:30 print_doublon.c

/var/folders/_v/_7m0jqg159j0p55h2lpw933r0000gp/T/tmp_vF1I0/user/reverse_tree:
total 8
-rw-r--r--  1 deepthought  deepthought  1650 Jun 19 20:30 reverse_tree.c
 
= g_diam =======================================================================
$> gcc -Wextra -Wall -Werror g_diam.c -o user_exe 

= Test 1 ===================================================
$> ./f52ujeop4jxkc8xawygu8g32 "9-23 9-2122 2122-23 2122-24 31-2122 31-41 71-31 8-71 42-71"
$> diff -U 3 user_output_test1 test1.output | cat -e

Diff OK :D
= Test 2 ===================================================
$> ./86mmta2jk24l8p1imm7pipvw "5-56 9-56 7-9 49-9 49-36 7-36 21-7 21-17"
$> diff -U 3 user_output_test2 test2.output | cat -e

Diff OK :D
= Test 3 ===================================================
$> ./0g4mfk80deo50xcj1h1k28o6 "0-4 0-3 0-1 0-2 1-2 1-0 1-4 1-5 2-4 3-2 3-4 3-0 3-1 4-0 4-1 4-5 4-2 5-4 5-3 5-1 5-0"
$> diff -U 3 user_output_test3 test3.output | cat -e

Diff OK :D
= Test 4 ===================================================
$> ./kg6kh0zr1azm9u287kna5zc4 "0-2 0-3 0-1 1-3 1-2 2-3 3-1 3-0"
$> diff -U 3 user_output_test4 test4.output | cat -e

Diff OK :D
= Test 5 ===================================================
$> ./pw3xdgxukpvzsgrg8lccbx9j "0-2 0-1 1-3 1-4 1-5 1-2 2-6 2-1 3-2 3-7 3-6 3-1 4-1 4-7 4-6 5-6 5-2 6-5 6-7 6-4 6-3 6-1 6-0 6-2 7-1 7-5 7-3"
$> diff -U 3 user_output_test5 test5.output | cat -e

Diff OK :D
= Test 6 ===================================================
$> ./rnc71wobzuw45bzdo0t6d8sw "0-2 0-1 1-3 1-6 1-0 1-5 2-5 2-6 3-6 3-4 3-5 3-0 3-1 3-2 4-6 5-4 5-2 5-0 5-3 5-6 6-0"
$> diff -U 3 user_output_test6 test6.output | cat -e

Diff OK :D
Grade: 1

= Final grade: 1 ===============================================================
