= Host-specific information ====================================================
$> hostname; uname -msr
e1z3r4p3.42.us.org
Darwin 17.4.0 x86_64
$> date
Sun Sep  1 16:05:45 PDT 2019
$> gcc --version
Configured with: --prefix=/Library/Developer/CommandLineTools/usr --with-gxx-include-dir=/usr/include/c++/4.2.1
Apple LLVM version 10.0.0 (clang-1000.10.44.4)
Target: x86_64-apple-darwin17.4.0
Thread model: posix
InstalledDir: /Library/Developer/CommandLineTools/usr/bin
$> clang --version
Apple LLVM version 10.0.0 (clang-1000.10.44.4)
Target: x86_64-apple-darwin17.4.0
Thread model: posix
InstalledDir: /Library/Developer/CommandLineTools/usr/bin

= User files collection ========================================================
Collecting user files from Vogsphere
Repository URL: auto-exam/2019/c-exam-alone-in-the-dark-beginner/practice-exam_20190901/evjohnst10

= Git history ==================================================================
$> git -C /var/folders/dh/cpnmplt927l61bxfys_m91fw0000gp/T/tmpKLjFag/user log --pretty='%H - %an, %ad : %s'
76a8e54f6a2f66d2fc41c2a774a8b434caa47e2f - Evan Johnston, Sun Sep 1 16:03:55 2019 -0700 : .
0fb50def7739ae83788a255ad96ac5063facd7cb - Evan Johnston, Sun Sep 1 16:03:53 2019 -0700 : .
edf70bfc7e7ca96a011f7e73f82f3407fc65ac4d - Evan Johnston, Sun Sep 1 16:01:52 2019 -0700 : .
 
= Collected files ==========================================
$> ls -lAR /var/folders/dh/cpnmplt927l61bxfys_m91fw0000gp/T/tmpKLjFag/user
total 8
-rw-r--r--  1 deepthought  deepthought  661 Sep  1 16:05 __GIT_HISTORY
drwxr-xr-x  3 deepthought  deepthought  102 Sep  1 16:05 ft_putstr
drwxr-xr-x  3 deepthought  deepthought  102 Sep  1 16:05 maff_revalpha

/var/folders/dh/cpnmplt927l61bxfys_m91fw0000gp/T/tmpKLjFag/user/ft_putstr:
total 8
-rw-r--r--  1 deepthought  deepthought  202 Sep  1 16:05 ft_putstr.c

/var/folders/dh/cpnmplt927l61bxfys_m91fw0000gp/T/tmpKLjFag/user/maff_revalpha:
total 8
-rw-r--r--  1 deepthought  deepthought  132 Sep  1 16:05 maff_revalpha.c
 
= ft_putstr ====================================================================
$> gcc -Wextra -Wall -Werror main.c ft_putstr.c -o user_exe 

= Test 1 ===================================================
$> ./xvlgtmdcvuc501t7p8t53y05 "BN5OYkM"
$> diff -U 3 user_output_test1 test1.output | cat -e

Diff OK :D
= Test 2 ===================================================
$> ./davql2xzk4rdkk1qd3fbz8fw "Lg8CmEvqohb7"
$> diff -U 3 user_output_test2 test2.output | cat -e

Diff OK :D
= Test 3 ===================================================
$> ./2stpz9fiuzfbp6gz4nd8q5ix "zCsWeitqGp4bIcoaD"
$> diff -U 3 user_output_test3 test3.output | cat -e

Diff OK :D
= Test 4 ===================================================
$> ./zfl13bg0fol7bbx77gmf61i5 "KHqDsGeCvT8uO9z E64gpF5swzke XWJpZST jufpyc08Q61r mIZ8uMT2AzJf0 9vIc aQdVcKt4v3yBzDTY ZJFt oNWF9z JCTAM2m4iOPu 8e7ILy ieHE 4yudbXjMOxi HftIBMANCi1Vy UF4E3MgPJNT6QW eoPB61vKg7A DqGSJEem6VjxWMB9 Zq67ov4"
$> diff -U 3 user_output_test4 test4.output | cat -e

Diff OK :D
= Test 5 ===================================================
$> ./gh0nj5giizc76spnzmsepatd "rVtISP4iemJwFoCj ENqrp8JvghTQuFsD 73Bha gxaBzAW3jbO RWi9hsp oGJIaQSfXc4FW KcQ gdXDSmuPLoqpO4 Ov1XKTiN7QMDfCJ rYxl5WpIea6FtJ1 m5oOJ0FhxPH4GQ 7ZKfe8IdG SDc26LIxjAu Tk7g1tS3AHepzC"
$> diff -U 3 user_output_test5 test5.output | cat -e

Diff OK :D
= Test 6 ===================================================
$> ./w8hr1646vdo8ize7a16d98ee "q6GD1C9 84DIJvQ9 Rw1GvQuIp hH9 K0sV4T 2aoR7bply fRxnk89MZ"
$> diff -U 3 user_output_test6 test6.output | cat -e

Diff OK :D
= Test 7 ===================================================
$> ./76n98r93y4mt6jheafhx0op1 "34XVj1Nai5w0OS8vm yAKUJ5LGkVeEaN jlWdDN m6C3zKk2b9PUYH AxBQs9jYWo qraeH VBxIEPgpkuWqjM 4SafmYMKVQvLTx GUXRSJu VTpioltRx empfGZ0FdMkB kbhv OF6DGPfH3ECj bFNXAdIGw"
$> diff -U 3 user_output_test7 test7.output | cat -e

Diff OK :D
= Test 8 ===================================================
$> ./yc1nkhokf9j9j12gi6cmwz7t 
$> diff -U 3 user_output_test8 test8.output | cat -e

Diff OK :D
Grade: 1

= Final grade: 1 ===============================================================
