= Host-specific information ====================================================
$> hostname; uname -msr
e1z2r9p18.42.us.org
Darwin 17.4.0 x86_64
$> date
Tue Jun 18 20:00:42 PDT 2019
$> gcc --version
Configured with: --prefix=/Library/Developer/CommandLineTools/usr --with-gxx-include-dir=/usr/include/c++/4.2.1
Apple LLVM version 9.0.0 (clang-900.0.39.2)
Target: x86_64-apple-darwin17.4.0
Thread model: posix
InstalledDir: /Library/Developer/CommandLineTools/usr/bin
$> clang --version
Apple LLVM version 9.0.0 (clang-900.0.39.2)
Target: x86_64-apple-darwin17.4.0
Thread model: posix
InstalledDir: /Library/Developer/CommandLineTools/usr/bin

= User files collection ========================================================
Collecting user files from Vogsphere
Repository URL: auto-exam/2019/c-exam-alone-in-the-dark-intermediate/practice-exam_20190619/evjohnst4

= Git history ==================================================================
$> git -C /var/folders/2c/mb2qvzn92j14xjh6xv9jb4000000gp/T/tmpEKV6PQ/user log --pretty='%H - %an, %ad : %s'
66713c4858119eee33ca2ffb83d35b34db785f39 - Evan Johnston, Tue Jun 18 20:00:40 2019 -0700 : .
4bd922d02343dbf1b043f82e3dc4db363ab22bed - Evan Johnston, Tue Jun 18 19:58:24 2019 -0700 : .
 
= Collected files ==========================================
$> ls -lAR /var/folders/2c/mb2qvzn92j14xjh6xv9jb4000000gp/T/tmpEKV6PQ/user
total 8
-rw-r--r--  1 deepthought  deepthought  506 Jun 18 20:00 __GIT_HISTORY
drwxr-xr-x  3 deepthought  deepthought  102 Jun 18 20:00 count_of_2
drwxr-xr-x  3 deepthought  deepthought  102 Jun 18 20:00 queue

/var/folders/2c/mb2qvzn92j14xjh6xv9jb4000000gp/T/tmpEKV6PQ/user/count_of_2:
total 8
-rw-r--r--  1 deepthought  deepthought  397 Jun 18 20:00 count_of_2.c

/var/folders/2c/mb2qvzn92j14xjh6xv9jb4000000gp/T/tmpEKV6PQ/user/queue:
total 8
-rw-r--r--  1 deepthought  deepthought  1971 Jun 18 20:00 queue.c
 
= queue ========================================================================
$> gcc -Wextra -Wall -Werror main.c queue.c -o user_exe 

= Test 1 ===================================================
$> ./psx89bntsdhh367qagg697by NULL
$> diff -U 3 user_output_test1 test1.output | cat -e

Diff OK :D
= Test 2 ===================================================
$> ./g2lwb6l8ik1lck11ezko7kqm 1 2 3 4 5
$> diff -U 3 user_output_test2 test2.output | cat -e

Diff OK :D
= Test 3 ===================================================
$> ./5dlat1viqx3aldeuf37xvb1i We wants it, we needs it. Must have the precious. They stole it from us. Sneaky little hobbitses. Wicked, tricksy, false!
$> diff -U 3 user_output_test3 test3.output | cat -e

Diff OK :D
= Test 4 ===================================================
$> ./i9f0hmfy4nkqn8s1lwbdc45r 42
$> diff -U 3 user_output_test4 test4.output | cat -e

Diff OK :D
= Test 5 ===================================================
$> ./1m65lxfdr1rhxtjug629dvd6 I have a bad feeling about this
$> diff -U 3 user_output_test5 test5.output | cat -e

Diff OK :D
Grade: 1

= Final grade: 1 ===============================================================
