= Host-specific information ====================================================
$> hostname; uname -msr
e1z3r1p17.42.us.org
Darwin 17.5.0 x86_64
$> date
Wed Jun 19 16:13:22 PDT 2019
$> gcc --version
Configured with: --prefix=/Library/Developer/CommandLineTools/usr --with-gxx-include-dir=/usr/include/c++/4.2.1
Apple LLVM version 9.1.0 (clang-902.0.39.1)
Target: x86_64-apple-darwin17.5.0
Thread model: posix
InstalledDir: /Library/Developer/CommandLineTools/usr/bin
$> clang --version
Apple LLVM version 9.1.0 (clang-902.0.39.1)
Target: x86_64-apple-darwin17.5.0
Thread model: posix
InstalledDir: /Library/Developer/CommandLineTools/usr/bin

= User files collection ========================================================
Collecting user files from Vogsphere
Repository URL: auto-exam/2019/c-exam-alone-in-the-dark-intermediate/practice-exam_20190619/evjohnst12

= Git history ==================================================================
$> git -C /var/folders/v5/rhcs2qxd7c71d49yg7xycykh0000gp/T/tmp1D4nps/user log --pretty='%H - %an, %ad : %s'
0a2e236ff7df6fc28ad06ec2b367cf7326129eaf - Evan Johnston, Wed Jun 19 16:13:16 2019 -0700 : .
c7a3138daa0e7b8a498700ac8007b5d8aa91b65f - Evan Johnston, Wed Jun 19 16:11:01 2019 -0700 : .
081a287d0f82239cf876d0a4ccc44c8c302a6ae7 - Evan Johnston, Wed Jun 19 16:08:49 2019 -0700 : .
7a239d388398425b1c49688cb631dba2e65a96aa - Evan Johnston, Wed Jun 19 16:05:00 2019 -0700 : .
5dae1592e0fdc0a808848dc701bb53ed979c3ea1 - Evan Johnston, Wed Jun 19 16:00:32 2019 -0700 : .
 
= Collected files ==========================================
$> ls -lAR /var/folders/v5/rhcs2qxd7c71d49yg7xycykh0000gp/T/tmp1D4nps/user
total 8
-rw-r--r--  1 deepthought  deepthought  1295 Jun 19 16:13 __GIT_HISTORY
drwxr-xr-x  3 deepthought  deepthought   102 Jun 19 16:13 gold_gain
drwxr-xr-x  3 deepthought  deepthought   102 Jun 19 16:13 is_looping
drwxr-xr-x  3 deepthought  deepthought   102 Jun 19 16:13 print_doublon
drwxr-xr-x  3 deepthought  deepthought   102 Jun 19 16:13 stack
drwxr-xr-x  3 deepthought  deepthought   102 Jun 19 16:13 volume_histogram

/var/folders/v5/rhcs2qxd7c71d49yg7xycykh0000gp/T/tmp1D4nps/user/gold_gain:
total 8
-rw-r--r--  1 deepthought  deepthought  551 Jun 19 16:13 gold_gain.c

/var/folders/v5/rhcs2qxd7c71d49yg7xycykh0000gp/T/tmp1D4nps/user/is_looping:
total 8
-rw-r--r--  1 deepthought  deepthought  1824 Jun 19 16:13 is_looping.c

/var/folders/v5/rhcs2qxd7c71d49yg7xycykh0000gp/T/tmp1D4nps/user/print_doublon:
total 8
-rw-r--r--  1 deepthought  deepthought  719 Jun 19 16:13 print_doublon.c

/var/folders/v5/rhcs2qxd7c71d49yg7xycykh0000gp/T/tmp1D4nps/user/stack:
total 8
-rw-r--r--  1 deepthought  deepthought  1791 Jun 19 16:13 stack.c

/var/folders/v5/rhcs2qxd7c71d49yg7xycykh0000gp/T/tmp1D4nps/user/volume_histogram:
total 8
-rw-r--r--  1 deepthought  deepthought  1243 Jun 19 16:13 volume_histogram.c
 
= volume_histogram =============================================================
$> gcc -Wextra -Wall -Werror volume_histogram.c main.c -o user_exe 

= Test 1 ===================================================
$> ./u5irt1s9xmk68wtmx41aysl1 0
$> diff -U 3 user_output_test1 test1.output | cat -e

Diff OK :D
= Test 2 ===================================================
$> ./qbaqjhvtqtlvuaj0b3yuxkep 1
$> diff -U 3 user_output_test2 test2.output | cat -e

Diff OK :D
= Test 3 ===================================================
$> ./vjc92glhd9brzggknyarpw32 1 0 1
$> diff -U 3 user_output_test3 test3.output | cat -e

Diff OK :D
= Test 4 ===================================================
$> ./ef9t01uzz0vg38t6nqrh37hl 0 1 0
$> diff -U 3 user_output_test4 test4.output | cat -e

Diff OK :D
= Test 5 ===================================================
$> ./b1gl2pprbyax7j9rzaeznx9n 0 1 0 5 0 0 3 3 3 0 0 1 0 0 2 2 0 1
$> diff -U 3 user_output_test5 test5.output | cat -e

Diff OK :D
= Test 6 ===================================================
$> ./v1o0saf9pxao62gi9600tpk3 0 10 0 0 0 5 0 0 0 6 0 0 8 0 0 0 0 9 0 0 0 2 0 0 0 7 0 0 0 6 0 0 0 9 0 0 0 4 0 0 0 3 0 0 5 0 0 0 4 0 0 7 0 0 2 1 0
$> diff -U 3 user_output_test6 test6.output | cat -e

Diff OK :D
= Test 7 ===================================================
$> ./qvot842gq01pd7ts3ilm5jpi  2 0 0 5 6 6 5 0 0 8 9 0 5 0 0 4 0 7 0 8 0 9 0 3 0 1 0 5 0 5 0 6 0 4 0 6 0 7 0 5 5 6 5 4 7 0 8 0 5 0 0 0
$> diff -U 3 user_output_test7 test7.output | cat -e

Diff OK :D
= Test 8 ===================================================
$> ./ocyh6oqoc40yntz6qwakjixy 0 0 4 0 0 6 0 0 3 0 5 0 1 0 0 0
$> diff -U 3 user_output_test8 test8.output | cat -e

Diff OK :D
= Test 9 ===================================================
$> ./xnrt4or0i964063aqcp4qp03 0 0 4 0 0 6 0 0 3 0 8 0 2 0 5 2 0 3 0 0
$> diff -U 3 user_output_test9 test9.output | cat -e

Diff OK :D
Grade: 1

= Final grade: 1 ===============================================================
