= Host-specific information ====================================================
$> hostname; uname -msr
e1z2r8p12.42.us.org
Darwin 17.2.0 x86_64
$> date
Sun Sep  1 14:18:03 PDT 2019
$> gcc --version
Configured with: --prefix=/Library/Developer/CommandLineTools/usr --with-gxx-include-dir=/usr/include/c++/4.2.1
Apple LLVM version 9.0.0 (clang-900.0.38)
Target: x86_64-apple-darwin17.2.0
Thread model: posix
InstalledDir: /Library/Developer/CommandLineTools/usr/bin
$> clang --version
Apple LLVM version 9.0.0 (clang-900.0.38)
Target: x86_64-apple-darwin17.2.0
Thread model: posix
InstalledDir: /Library/Developer/CommandLineTools/usr/bin

= User files collection ========================================================
Collecting user files from Vogsphere
Repository URL: auto-exam/2019/c-exam-alone-in-the-dark-beginner/practice-exam_20190901/evjohnst5

= Git history ==================================================================
$> git -C /var/folders/m3/4wwzzk7n4_jgcy0zcdxj9zjm0000gp/T/tmpSyCSZj/user log --pretty='%H - %an, %ad : %s'
40b576942a6c3fc16c7c9689aedaa5b1402ee2d4 - Evan Johnston, Sun Sep 1 14:16:13 2019 -0700 : .
97eb96f897aa5d0f47c0cb80ec581647a82baa9f - Evan Johnston, Sun Sep 1 14:16:11 2019 -0700 : .
a8d3105eb3031c5a962036c761b7563c67b46511 - Evan Johnston, Sun Sep 1 14:14:11 2019 -0700 : .
9854a25cdac61fdb62713deadd2900eac16ae593 - Evan Johnston, Sun Sep 1 14:14:09 2019 -0700 : .
af87d31e7970cedf0d4577532aaa6b020dbf3e00 - Evan Johnston, Sun Sep 1 14:12:08 2019 -0700 : .
 
= Collected files ==========================================
$> ls -lAR /var/folders/m3/4wwzzk7n4_jgcy0zcdxj9zjm0000gp/T/tmpSyCSZj/user
total 8
-rw-r--r--  1 deepthought  deepthought  1077 Sep  1 14:18 __GIT_HISTORY
drwxr-xr-x  3 deepthought  deepthought   102 Sep  1 14:18 max
drwxr-xr-x  3 deepthought  deepthought   102 Sep  1 14:18 only_z
drwxr-xr-x  3 deepthought  deepthought   102 Sep  1 14:18 rev_print

/var/folders/m3/4wwzzk7n4_jgcy0zcdxj9zjm0000gp/T/tmpSyCSZj/user/max:
total 8
-rw-r--r--  1 deepthought  deepthought  436 Sep  1 14:18 max.c

/var/folders/m3/4wwzzk7n4_jgcy0zcdxj9zjm0000gp/T/tmpSyCSZj/user/only_z:
total 8
-rw-r--r--  1 deepthought  deepthought  104 Sep  1 14:18 only_z.c

/var/folders/m3/4wwzzk7n4_jgcy0zcdxj9zjm0000gp/T/tmpSyCSZj/user/rev_print:
total 8
-rw-r--r--  1 deepthought  deepthought  296 Sep  1 14:18 rev_print.c
 
= max ==========================================================================
$> gcc -Wextra -Wall -Werror main.c max.c -o user_exe 

= Test 1 ===================================================
$> ./9v95pf80jfgp5j200fd50mm3 
$> diff -U 3 user_output_test1 test1.output | cat -e

Diff OK :D
= Test 2 ===================================================
$> ./0hxs14rcrfccujvruvds6ene "14"
$> diff -U 3 user_output_test2 test2.output | cat -e

Diff OK :D
= Test 3 ===================================================
$> ./d5l3oaa9sjmh9fc9jiu4bvwu "16" "0" "-4" "-4" "-14"
$> diff -U 3 user_output_test3 test3.output | cat -e

Diff OK :D
= Test 4 ===================================================
$> ./14clnrzgk25c35d7w1bwhkzk "-11" "17" "-19" "0" "14" "17" "12" "-11" "12" "-8" "-20" "5" "0" "-6" "1" "-13" "-17" "-15"
$> diff -U 3 user_output_test4 test4.output | cat -e

Diff OK :D
= Test 5 ===================================================
$> ./kgnpmxs4hstz9p89x6v3iik7 "14" "-9" "2" "-7" "20" "-15" "19" "3" "-14" "4" "2" "-12" "-8"
$> diff -U 3 user_output_test5 test5.output | cat -e

Diff OK :D
= Test 6 ===================================================
$> ./7mimui35wqs5uxs102994fei "-3" "-9" "15" "0" "-3" "-18" "-5" "-13"
$> diff -U 3 user_output_test6 test6.output | cat -e

Diff OK :D
= Test 7 ===================================================
$> ./r6j94tkae6ov620gm6brvy6w "-19" "0" "-1" "14" "-13" "16" "19" "-9" "1" "-9" "1"
$> diff -U 3 user_output_test7 test7.output | cat -e

Diff OK :D
= Test 8 ===================================================
$> ./qqpn8bhp3hl8eon3tocsikj8 "-18" "13" "-2" "-8" "-4" "15" "5" "-6" "14" "0" "-20" "-7" "-17" "-4" "5" "-20" "4" "-1" "17" "2" "18" "-16" "-16" "-9"
$> diff -U 3 user_output_test8 test8.output | cat -e

Diff OK :D
= Test 9 ===================================================
$> ./u3gvmagpjtf1gi1h002fnzq0 "-5" "12" "4"
$> diff -U 3 user_output_test9 test9.output | cat -e

Diff OK :D
= Test 10 ==================================================
$> ./jyk23bzmjbc90z3yr2vq8ptl "5727521" "-16134326" "11450167" "1212599" "16309744" "2906742" "934589" "-7622661" "4195558" "7739180" "16811552" "-12639087" "17961536" "19947692" "-1008324" "14217101" "4675913" "-17473614" "16083259" "15835472" "-13389307" "-19009918" "10943151" "-14052610" "-16267479" "-13770827" "5043809" "-19605521" "-4165464" "5761284" "-5600000" "-4034182" "-4315470" "7944534" "6500414" "-1555175" "11779614" "-16335748" "2976151" "1487779" "-11516649" "-7847448" "11255690" "-4475061" "1919930" "-8641789" "-1946321" "-13392818" "-17725178" "7771656" "-8130799" "6970161" "-13394993" "715862" "-15652090" "13844042" "10320712" "7626674"
$> diff -U 3 user_output_test10 test10.output | cat -e

Diff OK :D
= Test 11 ==================================================
$> ./8shye8e9m1baa2yvezrk4ori "2461233" "-679510" "14354713" "5108037" "-3142371" "6051313" "-19784013" "-5799361" "-17048974" "-12768313" "18493192" "5575894" "4855123" "-6625039" "-10333167" "14072094" "-6808595" "-1569590" "-2532504" "15590169" "17430582" "1017970" "-9102441" "-13004810" "-8822368" "-2857862" "-15121695" "4602884" "9049413" "-2501960" "-12600736" "-10736922" "19884788" "-7074389" "14521452" "-18664951" "-18909812" "-5856295" "-18785618" "10214282" "18649037" "-834277" "15732580" "10311677" "2282039" "-15203201" "-15289620" "80089" "17161920" "-7107211" "5271350" "8019886" "6011874" "-3996648"
$> diff -U 3 user_output_test11 test11.output | cat -e

Diff OK :D
= Test 12 ==================================================
$> ./lay5gb6p85qbzo8g3cnsqri8 "-7645567" "-9969659" "1706601" "-2528253" "-14639994" "1477695" "-6524453" "10394910" "-12021192" "4886526" "-1518909" "-10587116" "12437686" "12179770" "-13995348" "-2632208" "-7614079" "-9025549" "987907" "-2976305" "-11640655" "12506300" "10272979" "-16620269" "10919799" "16836611" "9704817" "-2105506" "17787306" "4121407" "-7188395" "-214299" "-16809088" "-15846103" "-12105062" "-14718181" "7765939" "5769772" "-17714938" "11389901" "-11000275" "-14610632" "-13166819" "-15800499" "19720141" "14763345" "-2937778" "-3342537"
$> diff -U 3 user_output_test12 test12.output | cat -e

Diff OK :D
= Test 13 ==================================================
$> ./0a6j99ii5ymz7rovn33u4678 "359934" "-11325657" "-5652232" "-13839883" "14282936" "-13809658" "16988926" "7160319" "-18327552" "13848635" "-7221512" "11994505" "-19073959" "1792771" "-12130537" "7375621" "-18287014" "13388982" "15761528" "4932814" "5702933" "-12835968" "-9106554" "6667197" "-4239416" "-18994037" "-11742922" "762567" "-5266882" "14726409" "-10871030" "-19055041" "7792625" "-5457258" "15560546" "7359997" "13584103" "-7043701" "18785553" "-2425720" "-3388223" "-2197981" "-16109120" "-5536645" "6126634" "14530768" "-13382000" "14401658" "10009553" "-17834955" "-651787" "-9573360" "19521277" "-7707046" "-10640926" "18130264" "-10655315" "8396174" "-9998705" "-3859251" "16894984" "2094661" "-6255012" "12328626" "2747146" "6500259" "16380861" "9000398" "19592642" "-2016996" "-12186234"
$> diff -U 3 user_output_test13 test13.output | cat -e

Diff OK :D
= Test 14 ==================================================
$> ./3vmxvwthn8yfd3hez08llmu1 "-19623576" "17931705" "-16416792" "16852072"
$> diff -U 3 user_output_test14 test14.output | cat -e

Diff OK :D
= Test 15 ==================================================
$> ./opw8dvycx1cd94ucjwtbogmh "-2823548" "-5437570" "-16081329" "562713" "-18234218" "14986255" "-12818822" "-11555566" "3969253" "-5336866" "12473447" "-10256098" "17406289" "-7847880" "-1478209" "-72304" "-15432019" "6910305" "-1263077" "-10331313" "736358" "3917061" "-10428619" "9967598" "19870389" "6987562" "11553104" "-550753" "9957377" "-10574062" "17216097" "999273" "7582890" "17734393" "10704885" "9841012" "14517842" "-12090742" "1970567" "7687697" "16436214" "-248372" "16251735" "13539015" "-18562610" "603360" "-15964796" "-11164030" "-17074484" "16944257" "-608980" "-3332912" "15997400" "3606171" "16606354" "15996562" "10735265" "-2646788" "-8903379" "-15180094" "2494847" "-6411979" "-13369019" "11493671" "1485570" "-18560514" "6850641" "7267497" "-2839079" "-3170670" "102616"
$> diff -U 3 user_output_test15 test15.output | cat -e

Diff OK :D
= Test 16 ==================================================
$> ./wov9fdnyb3s42b5y12zp95vc "-16458793" "17280111" "-17173070" "18135743" "19334368" "-3192499" "12078332" "14807156" "11458828" "-19257666" "4594423" "-8477277" "-4002692" "-7613848" "426744" "10856099" "8492998" "648950" "8453895" "12393551" "-19333650" "-15883529" "-12301226" "-10742066" "3074777" "13325901" "-16238039" "-3688240" "18553542" "-18936186" "16554314" "-9715182" "3413316" "18550050" "-443117" "-16767691"
$> diff -U 3 user_output_test16 test16.output | cat -e

Diff OK :D
= Test 17 ==================================================
$> ./enf712q0xqvgapm5vt3nc097 "-1666861" "8837379" "14082323" "4815015" "16176527" "-755948" "6481060" "12702848" "-8190310" "-5447497" "-6559176" "-12195655" "-846191" "16149122" "-808415" "-327294" "-15857826" "-3626206" "-898116" "5353240" "-16305162" "-1924285" "2485408" "-1248870" "14507143" "-3831916" "1672400" "-13978367" "-4202649" "-13281529" "182504" "18636146" "-2591102" "7208763" "-12242903" "19289183" "4208037" "-10609157" "7875640" "-3075775" "5228245" "16976938" "13404566" "6424828" "9347197" "19443144" "-7859989" "1396139" "7238902" "11272214" "-15881166" "-3006804" "-4555298" "1297017" "6411841" "924093" "-9557002" "-3794280" "-9865061" "674416" "-13123541"
$> diff -U 3 user_output_test17 test17.output | cat -e

Diff OK :D
= Test 18 ==================================================
$> ./a9sj076gfwwb8t4bt1rrtofu "1164334" "-2107453" "-18807033" "9283800" "15422123" "-11691751" "-18149610" "17206684" "5897017" "-5174403" "5936115" "-4284076" "-17338244" "-1731666" "11680842" "-4509004" "-4910909" "12032374" "-1756861" "-6195863" "15918134" "-17245681" "-16539123" "309080" "3535218" "-5705658" "13959366" "3933082" "11037559" "-4534362" "13379451" "9903731" "10626989" "9173304" "14754440" "13649186" "-5698087" "-18835137" "10196273" "19688571" "-9650099" "12178607" "-1402665" "-9098069" "-17573074" "4799210" "8525176" "12091626" "6809671" "19052513" "5828425" "-11208883" "8330231" "18453387" "-15467076" "12104184" "-16580089" "8180587" "-10544999" "1677567"
$> diff -U 3 user_output_test18 test18.output | cat -e

Diff OK :D
= Test 19 ==================================================
$> ./kiyzgq31qf4jidg9vg0viuzj "7354643" "-1742155" "12521965" "11235336" "-18812732" "19959713" "15446046" "9435104" "-16863416" "-19832631" "4083551" "-10029850" "-5045364" "16049899" "-6499165" "13464345" "-13577251" "5044067" "10230049" "16076581" "-16013834" "10602362" "-7069843" "-4383739" "14501952" "18849263" "12689088" "3501426" "10941098" "-9763552" "-2674327" "7603624" "12729384" "-397808" "-313578" "3167414" "19897930" "11802328" "17233296" "-7257036" "-6673427" "11475785" "-16972430" "19312092" "-5676404" "18862309" "-5227150" "-687771" "-3010078" "-2177067" "1930089" "9108264" "18033952" "-5574283" "-6590447" "13536488" "11520296" "19963834" "5182775" "-18027450"
$> diff -U 3 user_output_test19 test19.output | cat -e

Diff OK :D
= Test 20 ==================================================
$> ./ccw01r46dlcerjrvghopf2p1 "-859543" "-27164103" "-40699398" "-33772921" "-14435739" "-16818287" "-13698912" "-3000337" "-7434976" "-37803593" "-4469507" "-17310898" "-38872348" "-12452855" "-9211768" "-32054489" "-21180805" "-27368633" "-31936226" "-18322138" "-9676406" "-41535779" "-26450711" "-19660400" "-9382979" "-40306574" "-23301061" "-9036784" "-30188952" "-1371145" "-36150166" "-7792167" "-40228445" "-16134396" "-6265522" "-41958731" "-38080058" "-34557254" "-21029250" "-11547542" "-41172810" "-11186458" "-23236019" "-20421346" "-795106" "-25323432" "-41396459" "-33033509" "-14167020" "-27676971" "-36499027" "-27385034" "-30997356" "-2794745" "-19685953"
$> diff -U 3 user_output_test20 test20.output | cat -e

Diff OK :D
Grade: 1

= Final grade: 1 ===============================================================
