= Host-specific information ====================================================
$> hostname; uname -msr
e1z1r7p34.42.us.org
Darwin 17.5.0 x86_64
$> date
Thu Aug  1 22:25:46 PDT 2019
$> gcc --version
Configured with: --prefix=/Library/Developer/CommandLineTools/usr --with-gxx-include-dir=/usr/include/c++/4.2.1
Apple LLVM version 9.1.0 (clang-902.0.39.1)
Target: x86_64-apple-darwin17.5.0
Thread model: posix
InstalledDir: /Library/Developer/CommandLineTools/usr/bin
$> clang --version
Apple LLVM version 9.1.0 (clang-902.0.39.1)
Target: x86_64-apple-darwin17.5.0
Thread model: posix
InstalledDir: /Library/Developer/CommandLineTools/usr/bin

= User files collection ========================================================
Collecting user files from Vogsphere
Repository URL: auto-exam/2019/c-exam-alone-in-the-dark-intermediate/practice-exam_20190802/evjohnst7

= Git history ==================================================================
$> git -C /var/folders/zl/2v9kt3sj6y9g4vz5cx0jxy3m0000gp/T/tmpI5ECg2/user log --pretty='%H - %an, %ad : %s'
ca6a480b870bd3a4a3aa04a7a289d96513bcfebd - Evan Johnston, Thu Aug 1 22:23:53 2019 -0700 : .
138ca31a709fea3d69ed7e238f585dbe564ed6b1 - Evan Johnston, Thu Aug 1 22:21:52 2019 -0700 : .
c2b7011c5ff833f3836aa951cc31ff91ed92f41b - Evan Johnston, Thu Aug 1 22:19:49 2019 -0700 : .
4510578560867b7da46a704c9eacb3aca165606b - Evan Johnston, Thu Aug 1 22:13:42 2019 -0700 : .
2a158a639f95ada4ba380e063717a9e199fb1504 - Evan Johnston, Thu Aug 1 22:11:41 2019 -0700 : .
a1edaebf79b7eb02b9ca6820e270d9ac54b4acef - Evan Johnston, Thu Aug 1 22:03:20 2019 -0700 : .
 
= Collected files ==========================================
$> ls -lAR /var/folders/zl/2v9kt3sj6y9g4vz5cx0jxy3m0000gp/T/tmpI5ECg2/user
total 8
-rw-r--r--  1 deepthought  deepthought  1420 Aug  1 22:25 __GIT_HISTORY
drwxr-xr-x  3 deepthought  deepthought   102 Aug  1 22:25 count_alpha
drwxr-xr-x  3 deepthought  deepthought   102 Aug  1 22:25 count_of_2
drwxr-xr-x  3 deepthought  deepthought   102 Aug  1 22:25 gold_gain
drwxr-xr-x  3 deepthought  deepthought   102 Aug  1 22:25 reverse_tree

/var/folders/zl/2v9kt3sj6y9g4vz5cx0jxy3m0000gp/T/tmpI5ECg2/user/count_alpha:
total 8
-rw-r--r--  1 deepthought  deepthought  602 Aug  1 22:25 count_alpha.c

/var/folders/zl/2v9kt3sj6y9g4vz5cx0jxy3m0000gp/T/tmpI5ECg2/user/count_of_2:
total 8
-rw-r--r--  1 deepthought  deepthought  397 Aug  1 22:25 count_of_2.c

/var/folders/zl/2v9kt3sj6y9g4vz5cx0jxy3m0000gp/T/tmpI5ECg2/user/gold_gain:
total 8
-rw-r--r--  1 deepthought  deepthought  551 Aug  1 22:25 gold_gain.c

/var/folders/zl/2v9kt3sj6y9g4vz5cx0jxy3m0000gp/T/tmpI5ECg2/user/reverse_tree:
total 8
-rw-r--r--  1 deepthought  deepthought  1641 Aug  1 22:25 reverse_tree.c
 
= gold_gain ====================================================================
$> gcc -Wextra -Wall -Werror gold_gain.c main.c -o user_exe 

= Test 1 ===================================================
$> ./wjxv0wlp9ovvzf8pcs4vhd9o test_00.txt
$> diff -U 3 user_output_test1 test1.output | cat -e

Diff OK :D
= Test 2 ===================================================
$> ./mjdrui11mepxaum4teczpdwo test_01.txt
$> diff -U 3 user_output_test2 test2.output | cat -e

Diff OK :D
= Test 3 ===================================================
$> ./u2syj2gg7c8mo3gnfgia5015 test_02.txt
$> diff -U 3 user_output_test3 test3.output | cat -e

Diff OK :D
= Test 4 ===================================================
$> ./paitope8q3w33wu1d66wmt86 test_03.txt
$> diff -U 3 user_output_test4 test4.output | cat -e

Diff OK :D
= Test 5 ===================================================
$> ./7r47555ggphg31fki209rzri test_04.txt
$> diff -U 3 user_output_test5 test5.output | cat -e

Diff OK :D
Grade: 1

= Final grade: 1 ===============================================================
