= Host-specific information ====================================================
$> hostname; uname -msr
e1z2r6p1.42.us.org
Darwin 17.4.0 x86_64
$> date
Sun Sep  1 13:51:01 PDT 2019
$> gcc --version
Configured with: --prefix=/Library/Developer/CommandLineTools/usr --with-gxx-include-dir=/usr/include/c++/4.2.1
Apple LLVM version 9.0.0 (clang-900.0.39.2)
Target: x86_64-apple-darwin17.4.0
Thread model: posix
InstalledDir: /Library/Developer/CommandLineTools/usr/bin
$> clang --version
Apple LLVM version 9.0.0 (clang-900.0.39.2)
Target: x86_64-apple-darwin17.4.0
Thread model: posix
InstalledDir: /Library/Developer/CommandLineTools/usr/bin

= User files collection ========================================================
Collecting user files from Vogsphere
Repository URL: auto-exam/2019/c-exam-alone-in-the-dark-beginner/practice-exam_20190901/evjohnst3

= Git history ==================================================================
$> git -C /var/folders/f1/mst2g5m950q9m1t175l3xf2r0000gp/T/tmpG5XI40/user log --pretty='%H - %an, %ad : %s'
49245e4e7a9a65a57ff317b39d376deb096386ff - Evan Johnston, Sun Sep 1 13:49:10 2019 -0700 : .
e06ae6afb561711db6a44cf52df33a99ff337ded - Evan Johnston, Sun Sep 1 13:47:07 2019 -0700 : .
689a606d17265272c31678b8d9a210f0141e0f10 - Evan Johnston, Sun Sep 1 13:46:55 2019 -0700 : .
 
= Collected files ==========================================
$> ls -lAR /var/folders/f1/mst2g5m950q9m1t175l3xf2r0000gp/T/tmpG5XI40/user
total 8
-rw-r--r--  1 deepthought  deepthought  694 Sep  1 13:51 __GIT_HISTORY
drwxr-xr-x  3 deepthought  deepthought  102 Sep  1 13:51 ft_print_numbers
drwxr-xr-x  3 deepthought  deepthought  102 Sep  1 13:51 ft_strcpy

/var/folders/f1/mst2g5m950q9m1t175l3xf2r0000gp/T/tmpG5XI40/user/ft_print_numbers:
total 8
-rw-r--r--  1 deepthought  deepthought  231 Sep  1 13:51 ft_print_numbers.c

/var/folders/f1/mst2g5m950q9m1t175l3xf2r0000gp/T/tmpG5XI40/user/ft_strcpy:
total 8
-rw-r--r--  1 deepthought  deepthought  455 Sep  1 13:51 ft_strcpy.c
 
= ft_strcpy ====================================================================
$> gcc -Wextra -Wall -Werror main.c ft_strcpy.c -o user_exe 

= Test 1 ===================================================
$> ./ggdw2zl17renkex2rvkvdjh0 ""
$> diff -U 3 user_output_test1 test1.output | cat -e

Diff OK :D
= Test 2 ===================================================
$> ./1w06n2ep82yzovto25uvuc2k "7zyQve851"
$> diff -U 3 user_output_test2 test2.output | cat -e

Diff OK :D
= Test 3 ===================================================
$> ./kxxpnsqiu1xmye1buobwjcc9 "HzeEWO04TcUR"
$> diff -U 3 user_output_test3 test3.output | cat -e

Diff OK :D
= Test 4 ===================================================
$> ./8t1i1zq3ior58catllq9av8y "uTUf20dPQ5L8ltek"
$> diff -U 3 user_output_test4 test4.output | cat -e

Diff OK :D
= Test 5 ===================================================
$> ./q5244buojj94d7c1m8t8ivah "abftsdI"
$> diff -U 3 user_output_test5 test5.output | cat -e

Diff OK :D
= Test 6 ===================================================
$> ./2f93zmegyzmlfbi75ov0wgup "Ovsrzb"
$> diff -U 3 user_output_test6 test6.output | cat -e

Diff OK :D
= Test 7 ===================================================
$> ./6xngvtzhccdalul843pq8l7l "VX0rd"
$> diff -U 3 user_output_test7 test7.output | cat -e

Diff OK :D
= Test 8 ===================================================
$> ./0e668z05y61hf4rvkoab0miu "2EHCJ"
$> diff -U 3 user_output_test8 test8.output | cat -e

Diff OK :D
= Test 9 ===================================================
$> ./7rol4z2akqcsz16fj9pgqqio "AYpgRBxoa"
$> diff -U 3 user_output_test9 test9.output | cat -e

Diff OK :D
= Test 10 ==================================================
$> ./0k69bksjcn90xe386c47jacl "NSUckWnem"
$> diff -U 3 user_output_test10 test10.output | cat -e

Diff OK :D
= Test 11 ==================================================
$> ./etfks7q2lawks2n28etqhlmp "XGCZpbmFiE"
$> diff -U 3 user_output_test11 test11.output | cat -e

Diff OK :D
= Test 12 ==================================================
$> ./9qe90cfu1k6m9303pafhm9s6 "d0UR24"
$> diff -U 3 user_output_test12 test12.output | cat -e

Diff OK :D
= Test 13 ==================================================
$> ./psyl0d0uv4x98vys7a5x2ziz "1fYMaEOgxW9iX4emB"
$> diff -U 3 user_output_test13 test13.output | cat -e

Diff OK :D
= Test 14 ==================================================
$> ./jztz5i35h13vkaqwbhidm9bw "nMsBSl7Ghcp3a"
$> diff -U 3 user_output_test14 test14.output | cat -e

Diff OK :D
= Test 15 ==================================================
$> ./w9qhw5wai78lm34ckhqovxym "F8BdfigX5hp"
$> diff -U 3 user_output_test15 test15.output | cat -e

Diff OK :D
Grade: 1

= Final grade: 1 ===============================================================
