= Host-specific information ====================================================
$> hostname; uname -msr
e1z2r9p28.42.us.org
Darwin 17.4.0 x86_64
$> date
Thu Aug  1 16:54:45 PDT 2019
$> gcc --version
Configured with: --prefix=/Library/Developer/CommandLineTools/usr --with-gxx-include-dir=/usr/include/c++/4.2.1
Apple LLVM version 10.0.0 (clang-1000.10.44.4)
Target: x86_64-apple-darwin17.4.0
Thread model: posix
InstalledDir: /Library/Developer/CommandLineTools/usr/bin
$> clang --version
Apple LLVM version 10.0.0 (clang-1000.10.44.4)
Target: x86_64-apple-darwin17.4.0
Thread model: posix
InstalledDir: /Library/Developer/CommandLineTools/usr/bin

= User files collection ========================================================
Collecting user files from Vogsphere
Repository URL: auto-exam/2019/c-exam-alone-in-the-dark-intermediate/practice-exam_20190801/evjohnst

= Git history ==================================================================
$> git -C /var/folders/2t/y2dmv8yn47bb99lp1s31cpk40000gp/T/tmpjZt65j/user log --pretty='%H - %an, %ad : %s'
c32ff4a14fc509149cf111baf866ebd3a39c8aef - Evan Johnston, Thu Aug 1 16:52:57 2019 -0700 : .
98c5af77bc3a37a19df90ac0914f8c0fabacebbb - Evan Johnston, Thu Aug 1 16:52:53 2019 -0700 : .
e8aff485e631f3f8c6e85b398536546d9c673873 - Evan Johnston, Thu Aug 1 16:50:57 2019 -0700 : .
b028e14cda0e1809bb086f5bad983233578f4054 - Evan Johnston, Thu Aug 1 16:50:53 2019 -0700 : .
0e2521d17901f0293ec42200b6221e8f9d411b56 - Evan Johnston, Thu Aug 1 16:48:51 2019 -0700 : .
6ad1f20a72c5fccace21f0c78dc455682de0a5dc - Evan Johnston, Thu Aug 1 16:48:49 2019 -0700 : .
1bff5e6cbc6ffdf0d06d8f227bd3c28515aa4310 - Evan Johnston, Thu Aug 1 16:48:37 2019 -0700 : .
 
= Collected files ==========================================
$> ls -lAR /var/folders/2t/y2dmv8yn47bb99lp1s31cpk40000gp/T/tmpjZt65j/user
total 8
-rw-r--r--  1 deepthought  deepthought  1688 Aug  1 16:54 __GIT_HISTORY
drwxr-xr-x  3 deepthought  deepthought   102 Aug  1 16:54 find_pivot
drwxr-xr-x  3 deepthought  deepthought   102 Aug  1 16:54 height_tree
drwxr-xr-x  3 deepthought  deepthought   102 Aug  1 16:54 longest_sequence
drwxr-xr-x  3 deepthought  deepthought   102 Aug  1 16:54 perimeter

/var/folders/2t/y2dmv8yn47bb99lp1s31cpk40000gp/T/tmpjZt65j/user/find_pivot:
total 8
-rw-r--r--  1 deepthought  deepthought  1582 Aug  1 16:54 find_pivot.c

/var/folders/2t/y2dmv8yn47bb99lp1s31cpk40000gp/T/tmpjZt65j/user/height_tree:
total 8
-rw-r--r--  1 deepthought  deepthought  1851 Aug  1 16:54 height_tree.c

/var/folders/2t/y2dmv8yn47bb99lp1s31cpk40000gp/T/tmpjZt65j/user/longest_sequence:
total 16
-rw-r--r--  1 deepthought  deepthought  6140 Aug  1 16:54 longest_sequence.c

/var/folders/2t/y2dmv8yn47bb99lp1s31cpk40000gp/T/tmpjZt65j/user/perimeter:
total 8
-rw-r--r--  1 deepthought  deepthought  2255 Aug  1 16:54 perimeter.c
 
= perimeter ====================================================================
$> gcc -Wextra -Wall -Werror main.c perimeter.c -o user_exe 

= Test 1 ===================================================
$> ./vrp3yf0b3wlmz978ovlcczar 0
$> diff -U 3 user_output_test1 test1.output | cat -e

Diff OK :D
= Test 2 ===================================================
$> ./t8afd1sq37bsmjw6vshiuc6h 1
$> diff -U 3 user_output_test2 test2.output | cat -e

Diff OK :D
= Test 3 ===================================================
$> ./13uhhj8kduumpowzwg0koux5 2
$> diff -U 3 user_output_test3 test3.output | cat -e

Diff OK :D
= Test 4 ===================================================
$> ./o710sd2lm22zqnn7v7w9vpeq 106
$> diff -U 3 user_output_test4 test4.output | cat -e

Diff OK :D
= Test 5 ===================================================
$> ./sspslql1vw9ddl6mdh3a5m8c 4
$> diff -U 3 user_output_test5 test5.output | cat -e

Diff OK :D
= Test 6 ===================================================
$> ./ss3gk8fnk6ynq0xrcnp78ggg 5
$> diff -U 3 user_output_test6 test6.output | cat -e

Diff OK :D
= Test 7 ===================================================
$> ./pl0rhjottodtk6gwr95cnexz 6
$> diff -U 3 user_output_test7 test7.output | cat -e

Diff OK :D
= Test 8 ===================================================
$> ./53632h8e0zogwu9774r1o9dh 7
$> diff -U 3 user_output_test8 test8.output | cat -e

Diff OK :D
= Test 9 ===================================================
$> ./0mwhyae7jwhn9hsqo7racqzy 107
$> diff -U 3 user_output_test9 test9.output | cat -e

Diff OK :D
= Test 10 ==================================================
$> ./hchaw58uiktkv82dpm0q5i1c 9
$> diff -U 3 user_output_test10 test10.output | cat -e

Diff OK :D
= Test 11 ==================================================
$> ./3c1udaq8zx12wwzqiodml1z5 208
$> diff -U 3 user_output_test11 test11.output | cat -e

Diff OK :D
= Test 12 ==================================================
$> ./1x2gc4rb0dts2d2t7ni57but 421421
$> diff -U 3 user_output_test12 test12.output | cat -e

Diff OK :D
= Test 13 ==================================================
$> ./8z9m01pgouf81rrlkj3bxb12 12
$> diff -U 3 user_output_test13 test13.output | cat -e

Diff OK :D
= Test 14 ==================================================
$> ./v8cif8xr3udn4dvf9h45wwch 13
$> diff -U 3 user_output_test14 test14.output | cat -e

Diff OK :D
= Test 15 ==================================================
$> ./g918lkyrfib2e3pui98hm9q7 14
$> diff -U 3 user_output_test15 test15.output | cat -e

Diff OK :D
= Test 16 ==================================================
$> ./17673gb3i68xkcagepp00x4h 15
$> diff -U 3 user_output_test16 test16.output | cat -e

Diff OK :D
= Test 17 ==================================================
$> ./8ai8wpzfe64ltt58b5qq5qmd 1001
$> diff -U 3 user_output_test17 test17.output | cat -e

Diff OK :D
= Test 18 ==================================================
$> ./j8egyx5slkb5w05c5ef6c12c 17
$> diff -U 3 user_output_test18 test18.output | cat -e

Diff OK :D
= Test 19 ==================================================
$> ./s961475a01pewbp6lnzmx7fm 47
$> diff -U 3 user_output_test19 test19.output | cat -e

Diff OK :D
= Test 20 ==================================================
$> ./xyzx2hr79n7glrhqyt6tmnyb 116
$> diff -U 3 user_output_test20 test20.output | cat -e

Diff OK :D
Grade: 1

= Final grade: 1 ===============================================================
