= Host-specific information ====================================================
$> hostname; uname -msr
e1z3r8p7.42.us.org
Darwin 17.4.0 x86_64
$> date
Wed Jun 19 16:35:34 PDT 2019
$> gcc --version
Configured with: --prefix=/Library/Developer/CommandLineTools/usr --with-gxx-include-dir=/usr/include/c++/4.2.1
Apple LLVM version 9.1.0 (clang-902.0.39.1)
Target: x86_64-apple-darwin17.4.0
Thread model: posix
InstalledDir: /Library/Developer/CommandLineTools/usr/bin
$> clang --version
Apple LLVM version 9.1.0 (clang-902.0.39.1)
Target: x86_64-apple-darwin17.4.0
Thread model: posix
InstalledDir: /Library/Developer/CommandLineTools/usr/bin

= User files collection ========================================================
Collecting user files from Vogsphere
Repository URL: auto-exam/2019/c-exam-alone-in-the-dark-intermediate/practice-exam_20190619/evjohnst13

= Git history ==================================================================
$> git -C /var/folders/1l/sc84_5rn5y7dwbxk308fbbfr0000gp/T/tmpmuzvPx/user log --pretty='%H - %an, %ad : %s'
a05eebb391614e4fa58c2fcdb44603596667a8b2 - Evan Johnston, Wed Jun 19 16:35:33 2019 -0700 : .
c8111bd737b3793c17c92985161d5be99f8c0b5f - Evan Johnston, Wed Jun 19 16:33:19 2019 -0700 : .
0edfe6e81e76a18fc57c1ccbf9c8086ab2d73653 - Evan Johnston, Wed Jun 19 16:30:52 2019 -0700 : .
 
= Collected files ==========================================
$> ls -lAR /var/folders/1l/sc84_5rn5y7dwbxk308fbbfr0000gp/T/tmpmuzvPx/user
total 8
-rw-r--r--  1 deepthought  deepthought  783 Jun 19 16:35 __GIT_HISTORY
drwxr-xr-x  3 deepthought  deepthought  102 Jun 19 16:35 count_alpha
drwxr-xr-x  3 deepthought  deepthought  102 Jun 19 16:35 print_doublon
drwxr-xr-x  3 deepthought  deepthought  102 Jun 19 16:35 str_maxlenoc

/var/folders/1l/sc84_5rn5y7dwbxk308fbbfr0000gp/T/tmpmuzvPx/user/count_alpha:
total 8
-rw-r--r--  1 deepthought  deepthought  602 Jun 19 16:35 count_alpha.c

/var/folders/1l/sc84_5rn5y7dwbxk308fbbfr0000gp/T/tmpmuzvPx/user/print_doublon:
total 8
-rw-r--r--  1 deepthought  deepthought  719 Jun 19 16:35 print_doublon.c

/var/folders/1l/sc84_5rn5y7dwbxk308fbbfr0000gp/T/tmpmuzvPx/user/str_maxlenoc:
total 8
-rw-r--r--  1 deepthought  deepthought  1604 Jun 19 16:35 str_maxlenoc.c
 
= str_maxlenoc =================================================================
$> gcc -Wextra -Wall -Werror str_maxlenoc.c -o user_exe 

= Test 1 ===================================================
$> ./axnu29say96ntn4nvgqkhzpn "Bonjour"
$> diff -U 3 user_output_test1 test1.output | cat -e

Diff OK :D
= Test 2 ===================================================
$> ./oet5ibcjsrbf7ax68lg5vn4n "bonjouran" "bonjouran" "confiseriean" "bonne annee"
$> diff -U 3 user_output_test2 test2.output | cat -e

Diff OK :D
= Test 3 ===================================================
$> ./asm54ln2v6uec9zqwuufseq7 "bonjour an" "bonjour an" "confiserie an" "bonne annee"
$> diff -U 3 user_output_test3 test3.output | cat -e

Diff OK :D
= Test 4 ===================================================
$> ./0s9pct1vqc1q3itmobhtz8q0 "voila" "voila" "ouais ben voila"
$> diff -U 3 user_output_test4 test4.output | cat -e

Diff OK :D
= Test 5 ===================================================
$> ./umyp01zy4dg8el8l0btz0lnu "bosdsdfnjodur" "atehhellosd" "afkuonjosurafg" "headfgllosf" "fghellosag afdfbosnjourafg"
$> diff -U 3 user_output_test5 test5.output | cat -e

Diff OK :D
Grade: 1

= Final grade: 1 ===============================================================
