= Host-specific information ====================================================
$> hostname; uname -msr
e1z3r3p8.42.us.org
Darwin 17.4.0 x86_64
$> date
Sun Aug  4 16:28:43 PDT 2019
$> gcc --version
Configured with: --prefix=/Library/Developer/CommandLineTools/usr --with-gxx-include-dir=/usr/include/c++/4.2.1
Apple LLVM version 9.1.0 (clang-902.0.39.1)
Target: x86_64-apple-darwin17.4.0
Thread model: posix
InstalledDir: /Library/Developer/CommandLineTools/usr/bin
$> clang --version
Apple LLVM version 9.1.0 (clang-902.0.39.1)
Target: x86_64-apple-darwin17.4.0
Thread model: posix
InstalledDir: /Library/Developer/CommandLineTools/usr/bin

= User files collection ========================================================
Collecting user files from Vogsphere
Repository URL: auto-exam/2019/c-exam-alone-in-the-dark-beginner/practice-exam_20190804/evjohnst19

= Git history ==================================================================
$> git -C /var/folders/nc/rl8x3_794pjbskfyfh577n6h0000gp/T/tmppY8aR5/user log --pretty='%H - %an, %ad : %s'
424488be169042d969043a2a377a3f63ad568946 - Evan Johnston, Sun Aug 4 16:26:52 2019 -0700 : .
244bf6a223e1471b4f6d4fd42625cdaf3b5060bb - Evan Johnston, Sun Aug 4 16:26:51 2019 -0700 : .
e64eff5cfc125e9bc217a0265da7d154a41bc303 - Evan Johnston, Sun Aug 4 16:24:50 2019 -0700 : .
2aeaf2605a121d69e7ff336788032b85343896e1 - Evan Johnston, Sun Aug 4 16:24:49 2019 -0700 : .
b7f7e0c8f09537fad6754b01e0cfcee5a716a58d - Evan Johnston, Sun Aug 4 16:22:53 2019 -0700 : .
f2d399b55f8d6171a962d0a5a44b584d7fc64928 - Evan Johnston, Sun Aug 4 16:22:47 2019 -0700 : .
d7f7ecc080af59a3ddd513f6c7e97a8562e43d05 - Evan Johnston, Sun Aug 4 16:20:52 2019 -0700 : .
 
= Collected files ==========================================
$> ls -lAR /var/folders/nc/rl8x3_794pjbskfyfh577n6h0000gp/T/tmppY8aR5/user
total 8
-rw-r--r--  1 deepthought  deepthought  1596 Aug  4 16:28 __GIT_HISTORY
drwxr-xr-x  3 deepthought  deepthought   102 Aug  4 16:28 aff_first_param
drwxr-xr-x  3 deepthought  deepthought   102 Aug  4 16:28 do_op
drwxr-xr-x  3 deepthought  deepthought   102 Aug  4 16:28 pgcd
drwxr-xr-x  3 deepthought  deepthought   102 Aug  4 16:28 search_and_replace

/var/folders/nc/rl8x3_794pjbskfyfh577n6h0000gp/T/tmppY8aR5/user/aff_first_param:
total 8
-rw-r--r--  1 deepthought  deepthought  265 Aug  4 16:28 aff_first_param.c

/var/folders/nc/rl8x3_794pjbskfyfh577n6h0000gp/T/tmppY8aR5/user/do_op:
total 8
-rw-r--r--  1 deepthought  deepthought  535 Aug  4 16:28 do_op.c

/var/folders/nc/rl8x3_794pjbskfyfh577n6h0000gp/T/tmppY8aR5/user/pgcd:
total 8
-rw-r--r--  1 deepthought  deepthought  333 Aug  4 16:28 pgcd.c

/var/folders/nc/rl8x3_794pjbskfyfh577n6h0000gp/T/tmppY8aR5/user/search_and_replace:
total 8
-rw-r--r--  1 deepthought  deepthought  427 Aug  4 16:28 search_and_replace.c
 
= pgcd =========================================================================
$> gcc -Wextra -Wall -Werror pgcd.c -o user_exe 

= Test 1 ===================================================
$> ./wif5lbaegug06rmhjq1olc7i "920556" "1980488"
$> diff -U 3 user_output_test1 test1.output | cat -e

Diff OK :D
= Test 2 ===================================================
$> ./gozpy5oum2sz1njltceh1g3y "110360" "116932"
$> diff -U 3 user_output_test2 test2.output | cat -e

Diff OK :D
= Test 3 ===================================================
$> ./3sqskym9ggpc392aw4ovvolz "9001392" "2568344"
$> diff -U 3 user_output_test3 test3.output | cat -e

Diff OK :D
= Test 4 ===================================================
$> ./dn6giafdvvonxf4buzlqcx95 "4696941" "4664522"
$> diff -U 3 user_output_test4 test4.output | cat -e

Diff OK :D
= Test 5 ===================================================
$> ./06ltpqlm274fapy5orovxnlf "2184164" "5139728"
$> diff -U 3 user_output_test5 test5.output | cat -e

Diff OK :D
= Test 6 ===================================================
$> ./8q5ym2kmuppe29co2ow0grj1 "168857" "103974"
$> diff -U 3 user_output_test6 test6.output | cat -e

Diff OK :D
= Test 7 ===================================================
$> ./tw36gh6gp8q9hv0uh9fmebhr "1741531" "451333"
$> diff -U 3 user_output_test7 test7.output | cat -e

Diff OK :D
= Test 8 ===================================================
$> ./x3l40vw9qcrwb75xqsth5rl2 "1803684" "3539916"
$> diff -U 3 user_output_test8 test8.output | cat -e

Diff OK :D
= Test 9 ===================================================
$> ./31bqdbajzaxbu4esr62c2mec "6459449" "608205"
$> diff -U 3 user_output_test9 test9.output | cat -e

Diff OK :D
= Test 10 ==================================================
$> ./65n7p0yg78nthsvkmp0l5dag "10166382" "148932"
$> diff -U 3 user_output_test10 test10.output | cat -e

Diff OK :D
= Test 11 ==================================================
$> ./plcybh0bo95jn3n0m3ux7169 "13522854" "8166288"
$> diff -U 3 user_output_test11 test11.output | cat -e

Diff OK :D
= Test 12 ==================================================
$> ./e1mbhxjw8hkdm6kyphy8qy1x "15" "18"
$> diff -U 3 user_output_test12 test12.output | cat -e

Diff OK :D
= Test 13 ==================================================
$> ./lm07oiik4e4k9f9c77sij4hd "1" "17"
$> diff -U 3 user_output_test13 test13.output | cat -e

Diff OK :D
= Test 14 ==================================================
$> ./swh7txgbh1urhrfu6eeielcl "17" "33"
$> diff -U 3 user_output_test14 test14.output | cat -e

Diff OK :D
= Test 15 ==================================================
$> ./ycthgrtlji2vp2a3rb3srrh2 "42" "4324232"
$> diff -U 3 user_output_test15 test15.output | cat -e

Diff OK :D
Grade: 1

= Final grade: 1 ===============================================================
