= Host-specific information ====================================================
$> hostname; uname -msr
e1z2r9p27.42.us.org
Darwin 17.4.0 x86_64
$> date
Wed Jun 19 15:49:30 PDT 2019
$> gcc --version
Configured with: --prefix=/Library/Developer/CommandLineTools/usr --with-gxx-include-dir=/usr/include/c++/4.2.1
Apple LLVM version 9.0.0 (clang-900.0.39.2)
Target: x86_64-apple-darwin17.4.0
Thread model: posix
InstalledDir: /Library/Developer/CommandLineTools/usr/bin
$> clang --version
Apple LLVM version 9.0.0 (clang-900.0.39.2)
Target: x86_64-apple-darwin17.4.0
Thread model: posix
InstalledDir: /Library/Developer/CommandLineTools/usr/bin

= User files collection ========================================================
Collecting user files from Vogsphere
Repository URL: auto-exam/2019/c-exam-alone-in-the-dark-intermediate/practice-exam_20190619/evjohnst11

= Git history ==================================================================
$> git -C /var/folders/07/d13ntwdx27lbkksxmkyjb4m00000gp/T/tmpQtWD6N/user log --pretty='%H - %an, %ad : %s'
09b843ae56c1238ceeb808a1e5b8bbe333d39e76 - Evan Johnston, Wed Jun 19 15:49:26 2019 -0700 : .
41de89013f3c202d5733ca13e87c89b8668a2dc9 - Evan Johnston, Wed Jun 19 15:47:13 2019 -0700 : .
a80f0cf2c52f583b516c0937e858710d14de7092 - Evan Johnston, Wed Jun 19 15:39:55 2019 -0700 : .
41a8d0a8dcd414ec849d55f5f7ee0b4284de22a7 - Evan Johnston, Wed Jun 19 15:37:39 2019 -0700 : .
 
= Collected files ==========================================
$> ls -lAR /var/folders/07/d13ntwdx27lbkksxmkyjb4m00000gp/T/tmpQtWD6N/user
total 8
-rw-r--r--  1 deepthought  deepthought  1047 Jun 19 15:49 __GIT_HISTORY
drwxr-xr-x  3 deepthought  deepthought   102 Jun 19 15:49 count_alpha
drwxr-xr-x  3 deepthought  deepthought   102 Jun 19 15:49 longest_sequence
drwxr-xr-x  3 deepthought  deepthought   102 Jun 19 15:49 print_doublon
drwxr-xr-x  3 deepthought  deepthought   102 Jun 19 15:49 width_tree

/var/folders/07/d13ntwdx27lbkksxmkyjb4m00000gp/T/tmpQtWD6N/user/count_alpha:
total 8
-rw-r--r--  1 deepthought  deepthought  602 Jun 19 15:49 count_alpha.c

/var/folders/07/d13ntwdx27lbkksxmkyjb4m00000gp/T/tmpQtWD6N/user/longest_sequence:
total 16
-rw-r--r--  1 deepthought  deepthought  6140 Jun 19 15:49 longest_sequence.c

/var/folders/07/d13ntwdx27lbkksxmkyjb4m00000gp/T/tmpQtWD6N/user/print_doublon:
total 8
-rw-r--r--  1 deepthought  deepthought  719 Jun 19 15:49 print_doublon.c

/var/folders/07/d13ntwdx27lbkksxmkyjb4m00000gp/T/tmpQtWD6N/user/width_tree:
total 8
-rw-r--r--  1 deepthought  deepthought  1483 Jun 19 15:49 width_tree.c
 
= width_tree ===================================================================
$> gcc -Wextra -Wall -Werror width_tree.c main.c -o user_exe 

= Test 1 ===================================================
$> ./2m1lz0lqww9g3875lhm8w8h6 1
$> diff -U 3 user_output_test1 test1.output | cat -e

Diff OK :D
= Test 2 ===================================================
$> ./506ovi3yt1yf6hvhfgfgiglq 2
$> diff -U 3 user_output_test2 test2.output | cat -e

Diff OK :D
= Test 3 ===================================================
$> ./2hpjwceqkvo42v95cxjqmwqs 3
$> diff -U 3 user_output_test3 test3.output | cat -e

Diff OK :D
= Test 4 ===================================================
$> ./16qfxs7p07zmloyv6eela5fo 4
$> diff -U 3 user_output_test4 test4.output | cat -e

Diff OK :D
= Test 5 ===================================================
$> ./g4t8tkc226sm6fngujxnqyxu 0 2 3
$> diff -U 3 user_output_test5 test5.output | cat -e

Diff OK :D
Grade: 1

= Final grade: 1 ===============================================================
