= Host-specific information ====================================================
$> hostname; uname -msr
e1z2r8p1.42.us.org
Darwin 17.4.0 x86_64
$> date
Sun Aug  4 16:34:49 PDT 2019
$> gcc --version
Configured with: --prefix=/Library/Developer/CommandLineTools/usr --with-gxx-include-dir=/usr/include/c++/4.2.1
Apple LLVM version 9.0.0 (clang-900.0.39.2)
Target: x86_64-apple-darwin17.4.0
Thread model: posix
InstalledDir: /Library/Developer/CommandLineTools/usr/bin
$> clang --version
Apple LLVM version 9.0.0 (clang-900.0.39.2)
Target: x86_64-apple-darwin17.4.0
Thread model: posix
InstalledDir: /Library/Developer/CommandLineTools/usr/bin

= User files collection ========================================================
Collecting user files from Vogsphere
Repository URL: auto-exam/2019/c-exam-alone-in-the-dark-beginner/practice-exam_20190804/evjohnst20

= Git history ==================================================================
$> git -C /var/folders/9_/702g44216dlg7802glj3hq680000gp/T/tmpN5D2dF/user log --pretty='%H - %an, %ad : %s'
387c440721c8b52e4f72e4938eab35e79e985cf1 - Evan Johnston, Sun Aug 4 16:33:01 2019 -0700 : .
 
= Collected files ==========================================
$> ls -lAR /var/folders/9_/702g44216dlg7802glj3hq680000gp/T/tmpN5D2dF/user
total 8
-rw-r--r--  1 deepthought  deepthought  231 Aug  4 16:34 __GIT_HISTORY
drwxr-xr-x  3 deepthought  deepthought  102 Aug  4 16:34 ft_print_numbers

/var/folders/9_/702g44216dlg7802glj3hq680000gp/T/tmpN5D2dF/user/ft_print_numbers:
total 8
-rw-r--r--  1 deepthought  deepthought  231 Aug  4 16:34 ft_print_numbers.c
 
= ft_print_numbers =============================================================
$> gcc -Wextra -Wall -Werror main.c ft_print_numbers.c -o user_exe 

= Test 1 ===================================================
$> ./7t337mvsqmw3sfi7waivjrnz
$> diff -U 3 user_output_test1 test1.output | cat -e

Diff OK :D
Grade: 1

= Final grade: 1 ===============================================================
