= Host-specific information ====================================================
$> hostname; uname -msr
e1z3r6p7.42.us.org
Darwin 17.4.0 x86_64
$> date
Sat Aug  3 17:27:06 PDT 2019
$> gcc --version
Configured with: --prefix=/Library/Developer/CommandLineTools/usr --with-gxx-include-dir=/usr/include/c++/4.2.1
Apple LLVM version 9.1.0 (clang-902.0.39.1)
Target: x86_64-apple-darwin17.4.0
Thread model: posix
InstalledDir: /Library/Developer/CommandLineTools/usr/bin
$> clang --version
Apple LLVM version 9.1.0 (clang-902.0.39.1)
Target: x86_64-apple-darwin17.4.0
Thread model: posix
InstalledDir: /Library/Developer/CommandLineTools/usr/bin

= User files collection ========================================================
Collecting user files from Vogsphere
Repository URL: auto-exam/2019/c-exam-alone-in-the-dark-beginner/practice-exam_20190804/evjohnst2

= Git history ==================================================================
$> git -C /var/folders/8h/zjq6v37s4_nfz16y_ysw57pr0000gp/T/tmpP9OBk7/user log --pretty='%H - %an, %ad : %s'
c6eced202a09ba8a53a4ebbf1291fe4668818e9e - Evan Johnston, Sat Aug 3 17:25:41 2019 -0700 : .
3c900aa971a6e33b8b94da98c1cdc2d71108d24b - Evan Johnston, Sat Aug 3 17:19:09 2019 -0700 : .
8b218ae12c10f3e9edc46c0d02594d3ec2c2cb2a - Evan Johnston, Sat Aug 3 17:18:57 2019 -0700 : .
 
= Collected files ==========================================
$> ls -lAR /var/folders/8h/zjq6v37s4_nfz16y_ysw57pr0000gp/T/tmpP9OBk7/user
total 8
-rw-r--r--  1 deepthought  deepthought  647 Aug  3 17:27 __GIT_HISTORY
drwxr-xr-x  3 deepthought  deepthought  102 Aug  3 17:27 aff_z
drwxr-xr-x  3 deepthought  deepthought  102 Aug  3 17:27 reverse_bits
drwxr-xr-x  3 deepthought  deepthought  102 Aug  3 17:27 rot_13

/var/folders/8h/zjq6v37s4_nfz16y_ysw57pr0000gp/T/tmpP9OBk7/user/aff_z:
total 8
-rw-r--r--  1 deepthought  deepthought  107 Aug  3 17:27 aff_z.c

/var/folders/8h/zjq6v37s4_nfz16y_ysw57pr0000gp/T/tmpP9OBk7/user/reverse_bits:
total 8
-rw-r--r--  1 deepthought  deepthought  393 Aug  3 17:27 reverse_bits.c

/var/folders/8h/zjq6v37s4_nfz16y_ysw57pr0000gp/T/tmpP9OBk7/user/rot_13:
total 8
-rw-r--r--  1 deepthought  deepthought  472 Aug  3 17:27 rot_13.c
 
= reverse_bits =================================================================
$> gcc -Wextra -Wall -Werror main.c reverse_bits.c -o user_exe 

= Test 1 ===================================================
$> ./phw99lat1xy2agmekxo0kmvy
$> diff -U 3 user_output_test1 test1.output | cat -e

Diff OK :D
Grade: 1

= Final grade: 1 ===============================================================
