= Host-specific information ====================================================
$> hostname; uname -msr
e1z2r2p12.42.us.org
Darwin 17.4.0 x86_64
$> date
Wed Jun 19 16:08:50 PDT 2019
$> gcc --version
Configured with: --prefix=/Library/Developer/CommandLineTools/usr --with-gxx-include-dir=/usr/include/c++/4.2.1
Apple LLVM version 9.1.0 (clang-902.0.39.1)
Target: x86_64-apple-darwin17.4.0
Thread model: posix
InstalledDir: /Library/Developer/CommandLineTools/usr/bin
$> clang --version
Apple LLVM version 9.1.0 (clang-902.0.39.1)
Target: x86_64-apple-darwin17.4.0
Thread model: posix
InstalledDir: /Library/Developer/CommandLineTools/usr/bin

= User files collection ========================================================
Collecting user files from Vogsphere
Repository URL: auto-exam/2019/c-exam-alone-in-the-dark-intermediate/practice-exam_20190619/evjohnst12

= Git history ==================================================================
$> git -C /var/folders/cd/yv7xlv0102l7147r5h1z1_x80000gp/T/tmpA3ewbp/user log --pretty='%H - %an, %ad : %s'
081a287d0f82239cf876d0a4ccc44c8c302a6ae7 - Evan Johnston, Wed Jun 19 16:08:49 2019 -0700 : .
7a239d388398425b1c49688cb631dba2e65a96aa - Evan Johnston, Wed Jun 19 16:05:00 2019 -0700 : .
5dae1592e0fdc0a808848dc701bb53ed979c3ea1 - Evan Johnston, Wed Jun 19 16:00:32 2019 -0700 : .
 
= Collected files ==========================================
$> ls -lAR /var/folders/cd/yv7xlv0102l7147r5h1z1_x80000gp/T/tmpA3ewbp/user
total 8
-rw-r--r--  1 deepthought  deepthought  786 Jun 19 16:08 __GIT_HISTORY
drwxr-xr-x  3 deepthought  deepthought  102 Jun 19 16:08 is_looping
drwxr-xr-x  3 deepthought  deepthought  102 Jun 19 16:08 print_doublon
drwxr-xr-x  3 deepthought  deepthought  102 Jun 19 16:08 stack

/var/folders/cd/yv7xlv0102l7147r5h1z1_x80000gp/T/tmpA3ewbp/user/is_looping:
total 8
-rw-r--r--  1 deepthought  deepthought  1824 Jun 19 16:08 is_looping.c

/var/folders/cd/yv7xlv0102l7147r5h1z1_x80000gp/T/tmpA3ewbp/user/print_doublon:
total 8
-rw-r--r--  1 deepthought  deepthought  719 Jun 19 16:08 print_doublon.c

/var/folders/cd/yv7xlv0102l7147r5h1z1_x80000gp/T/tmpA3ewbp/user/stack:
total 8
-rw-r--r--  1 deepthought  deepthought  1791 Jun 19 16:08 stack.c
 
= is_looping ===================================================================
$> gcc -Wextra -Wall -Werror main.c is_looping.c -o user_exe 

= Test 1 ===================================================
$> ./d31xbdpyw88e6nl5jgbh1mai 0 100 42
$> diff -U 3 user_output_test1 test1.output | cat -e

Diff OK :D
= Test 2 ===================================================
$> ./us97daei4lgibziicsfs1ctm 1 100 42
$> diff -U 3 user_output_test2 test2.output | cat -e

Diff OK :D
= Test 3 ===================================================
$> ./l0skzep155hzcozjj3tg6l0y 1 100000 5
$> diff -U 3 user_output_test3 test3.output | cat -e

Diff OK :D
= Test 4 ===================================================
$> ./f8qg5daz51lfsc335ijhkyyb 0 100000 5
$> diff -U 3 user_output_test4 test4.output | cat -e

Diff OK :D
= Test 5 ===================================================
$> ./o29m88oy2j4v1731tpxxocj2 1 500000 1
$> diff -U 3 user_output_test5 test5.output | cat -e

Diff OK :D
Grade: 1

= Final grade: 1 ===============================================================
