= Host-specific information ====================================================
$> hostname; uname -msr
e1z3r3p7.42.us.org
Darwin 17.4.0 x86_64
$> date
Sun Sep  1 18:41:46 PDT 2019
$> gcc --version
Configured with: --prefix=/Library/Developer/CommandLineTools/usr --with-gxx-include-dir=/usr/include/c++/4.2.1
Apple LLVM version 9.1.0 (clang-902.0.39.2)
Target: x86_64-apple-darwin17.4.0
Thread model: posix
InstalledDir: /Library/Developer/CommandLineTools/usr/bin
$> clang --version
Apple LLVM version 9.1.0 (clang-902.0.39.2)
Target: x86_64-apple-darwin17.4.0
Thread model: posix
InstalledDir: /Library/Developer/CommandLineTools/usr/bin

= User files collection ========================================================
Collecting user files from Vogsphere
Repository URL: auto-exam/2019/c-exam-alone-in-the-dark-beginner/practice-exam_20190902/evjohnst2

= Git history ==================================================================
$> git -C /var/folders/hm/hz2ybxb5229fnzgs59g851f80000gp/T/tmpZBjUlI/user log --pretty='%H - %an, %ad : %s'
9e551f9d3a713ce7a9468e9b9d0340256fefb289 - Evan Johnston, Sun Sep 1 18:41:45 2019 -0700 : .
 
= Collected files ==========================================
$> ls -lAR /var/folders/hm/hz2ybxb5229fnzgs59g851f80000gp/T/tmpZBjUlI/user
total 8
-rw-r--r--  1 deepthought  deepthought  201 Sep  1 18:41 __GIT_HISTORY
drwxr-xr-x  3 deepthought  deepthought  102 Sep  1 18:41 aff_z

/var/folders/hm/hz2ybxb5229fnzgs59g851f80000gp/T/tmpZBjUlI/user/aff_z:
total 8
-rw-r--r--  1 deepthought  deepthought  107 Sep  1 18:41 aff_z.c
 
= aff_z ========================================================================
$> gcc -Wextra -Wall -Werror aff_z.c -o user_exe 

= Test 1 ===================================================
$> ./izkhxarm881te0odoce092eu 
$> diff -U 3 user_output_test1 test1.output | cat -e

Diff OK :D
= Test 2 ===================================================
$> ./bvhaajyugdw5n1s2o6gjqquc "yK7" "TSuL8XcGHx7qBRYI" "mrzZ" "NEQhUA84t" "SbaRJ3LBpejXZr" "4tyrPp1QU3gzNE" "wvSxFJ"
$> diff -U 3 user_output_test2 test2.output | cat -e

Diff OK :D
= Test 3 ===================================================
$> ./vkm5c4ppk3kcmw3b740mi9rs "q05OhJwjL6SvdRoz"
$> diff -U 3 user_output_test3 test3.output | cat -e

Diff OK :D
= Test 4 ===================================================
$> ./cviz5lteifacyfvyirevnush "zkqBceURI8GCD"
$> diff -U 3 user_output_test4 test4.output | cat -e

Diff OK :D
= Test 5 ===================================================
$> ./1oq3yoyt5qgwn6xy72wi4ljw "6bQtSiBWUGw"
$> diff -U 3 user_output_test5 test5.output | cat -e

Diff OK :D
= Test 6 ===================================================
$> ./7iscuti8y9a07j0kwpatp6s6 "7jVyI5Xk2"
$> diff -U 3 user_output_test6 test6.output | cat -e

Diff OK :D
Grade: 1

= Final grade: 1 ===============================================================
