= Host-specific information ====================================================
$> hostname; uname -msr
e1z1r7p20.42.us.org
Darwin 17.5.0 x86_64
$> date
Thu Aug  1 21:56:27 PDT 2019
$> gcc --version
Configured with: --prefix=/Library/Developer/CommandLineTools/usr --with-gxx-include-dir=/usr/include/c++/4.2.1
Apple LLVM version 9.1.0 (clang-902.0.39.1)
Target: x86_64-apple-darwin17.5.0
Thread model: posix
InstalledDir: /Library/Developer/CommandLineTools/usr/bin
$> clang --version
Apple LLVM version 9.1.0 (clang-902.0.39.1)
Target: x86_64-apple-darwin17.5.0
Thread model: posix
InstalledDir: /Library/Developer/CommandLineTools/usr/bin

= User files collection ========================================================
Collecting user files from Vogsphere
Repository URL: auto-exam/2019/c-exam-alone-in-the-dark-intermediate/practice-exam_20190802/evjohnst6

= Git history ==================================================================
$> git -C /var/folders/cx/14nyg88n3tj2s7zw78q0j2r40000gp/T/tmpPCYCak/user log --pretty='%H - %an, %ad : %s'
bd31bb1363da80ee75d815024638ca5b0a8e99aa - Evan Johnston, Thu Aug 1 21:54:37 2019 -0700 : .
550199bd9a41e8651c8d33ea42f5b6b53fc07ae3 - Evan Johnston, Thu Aug 1 21:54:35 2019 -0700 : .
8a601866b4238af3006820e14fd6ab855cccf3aa - Evan Johnston, Thu Aug 1 21:52:34 2019 -0700 : .
65e1cbe6643e1abd87aea2f7a0f006a41a0f980a - Evan Johnston, Thu Aug 1 21:50:32 2019 -0700 : .
43449617b9956779ef74ba01efdda8426343d234 - Evan Johnston, Thu Aug 1 21:48:30 2019 -0700 : .
0964fcd79d67d1a3fc188b39868dae00e1023a27 - Evan Johnston, Thu Aug 1 21:43:36 2019 -0700 : .
b39752520eef5de5782211ac2feb7f544ec0483c - Evan Johnston, Thu Aug 1 21:43:25 2019 -0700 : .
 
= Collected files ==========================================
$> ls -lAR /var/folders/cx/14nyg88n3tj2s7zw78q0j2r40000gp/T/tmpPCYCak/user
total 8
-rw-r--r--  1 deepthought  deepthought  1639 Aug  1 21:56 __GIT_HISTORY
drwxr-xr-x  3 deepthought  deepthought   102 Aug  1 21:56 convert_bst
drwxr-xr-x  3 deepthought  deepthought   102 Aug  1 21:56 equation
drwxr-xr-x  3 deepthought  deepthought   102 Aug  1 21:56 is_looping
drwxr-xr-x  3 deepthought  deepthought   102 Aug  1 21:56 stack

/var/folders/cx/14nyg88n3tj2s7zw78q0j2r40000gp/T/tmpPCYCak/user/convert_bst:
total 8
-rw-r--r--  1 deepthought  deepthought  1646 Aug  1 21:56 convert_bst.c

/var/folders/cx/14nyg88n3tj2s7zw78q0j2r40000gp/T/tmpPCYCak/user/equation:
total 8
-rw-r--r--  1 deepthought  deepthought  481 Aug  1 21:56 equation.c

/var/folders/cx/14nyg88n3tj2s7zw78q0j2r40000gp/T/tmpPCYCak/user/is_looping:
total 8
-rw-r--r--  1 deepthought  deepthought  1821 Aug  1 21:56 is_looping.c

/var/folders/cx/14nyg88n3tj2s7zw78q0j2r40000gp/T/tmpPCYCak/user/stack:
total 8
-rw-r--r--  1 deepthought  deepthought  1791 Aug  1 21:56 stack.c
 
= convert_bst ==================================================================
$> gcc -Wextra -Wall -Werror convert_bst.c main.c -o user_exe 

= Test 1 ===================================================
$> ./wn473653llvhxwctn1xmphrs 0
$> diff -U 3 user_output_test1 test1.output | cat -e

Diff OK :D
= Test 2 ===================================================
$> ./4cr4a5hnzmrxgjyn82v4c5pb 1
$> diff -U 3 user_output_test2 test2.output | cat -e

Diff OK :D
= Test 3 ===================================================
$> ./l7me028j3fejl5r9cxcojqak 2
$> diff -U 3 user_output_test3 test3.output | cat -e

Diff OK :D
= Test 4 ===================================================
$> ./ln5gcqpsw2ahphcruzjbot12 3
$> diff -U 3 user_output_test4 test4.output | cat -e

Diff OK :D
= Test 5 ===================================================
$> ./wgy15u8kg1w03qx9q4vqww8l 4
$> diff -U 3 user_output_test5 test5.output | cat -e

Diff OK :D
= Test 6 ===================================================
$> ./ypr6t2hj5cr0oqwshqk4zhsv 5
$> diff -U 3 user_output_test6 test6.output | cat -e

Diff OK :D
= Test 7 ===================================================
$> ./gw8lsk3nw9vxqphhpp2bjlvg 6
$> diff -U 3 user_output_test7 test7.output | cat -e

Diff OK :D
= Test 8 ===================================================
$> ./3ujqqiuqcy6v2ksq2b8zpscv 7
$> diff -U 3 user_output_test8 test8.output | cat -e

Diff OK :D
= Test 9 ===================================================
$> ./2pwyvoxpy6pkcipfgsj4tt7m 8
$> diff -U 3 user_output_test9 test9.output | cat -e

Diff OK :D
= Test 10 ==================================================
$> ./pxwhw65ai73kog7ft7xmpgfb 9
$> diff -U 3 user_output_test10 test10.output | cat -e

Diff OK :D
= Test 11 ==================================================
$> ./xliv9w93ebzn35rsy9qz2qrs 10
$> diff -U 3 user_output_test11 test11.output | cat -e

Diff OK :D
= Test 12 ==================================================
$> ./sgl8vspcvtvqiugwgf5mvlh1 11
$> diff -U 3 user_output_test12 test12.output | cat -e

Diff OK :D
= Test 13 ==================================================
$> ./yin0jmmfrmxr30dlpubhkahq 12
$> diff -U 3 user_output_test13 test13.output | cat -e

Diff OK :D
= Test 14 ==================================================
$> ./q8br13l7w3yhhtryv1tiwdll 13
$> diff -U 3 user_output_test14 test14.output | cat -e

Diff OK :D
= Test 15 ==================================================
$> ./pjvaw0yrha8ge8wz29qheo97 14
$> diff -U 3 user_output_test15 test15.output | cat -e

Diff OK :D
= Test 16 ==================================================
$> ./aicn5jp8hiqu5vvfgj9pjpri 15
$> diff -U 3 user_output_test16 test16.output | cat -e

Diff OK :D
= Test 17 ==================================================
$> ./r1dg13gtlzv3mc2oqmusabkb 16
$> diff -U 3 user_output_test17 test17.output | cat -e

Diff OK :D
= Test 18 ==================================================
$> ./4xom4i8zmcfo9ih2cc07v02y 17
$> diff -U 3 user_output_test18 test18.output | cat -e

Diff OK :D
= Test 19 ==================================================
$> ./0pqw2kkh26po5z6g7x2l1ia5 47
$> diff -U 3 user_output_test19 test19.output | cat -e

Diff OK :D
= Test 20 ==================================================
$> ./hpd79nzp0us9zdej4yx288nt 42
$> diff -U 3 user_output_test20 test20.output | cat -e

Diff OK :D
Grade: 1

= Final grade: 1 ===============================================================
