= Host-specific information ====================================================
$> hostname; uname -msr
e1z1r7p8.42.us.org
Darwin 17.5.0 x86_64
$> date
Sun Aug  4 16:09:24 PDT 2019
$> gcc --version
Configured with: --prefix=/Library/Developer/CommandLineTools/usr --with-gxx-include-dir=/usr/include/c++/4.2.1
Apple LLVM version 9.1.0 (clang-902.0.39.1)
Target: x86_64-apple-darwin17.5.0
Thread model: posix
InstalledDir: /Library/Developer/CommandLineTools/usr/bin
$> clang --version
Apple LLVM version 9.1.0 (clang-902.0.39.1)
Target: x86_64-apple-darwin17.5.0
Thread model: posix
InstalledDir: /Library/Developer/CommandLineTools/usr/bin

= User files collection ========================================================
Collecting user files from Vogsphere
Repository URL: auto-exam/2019/c-exam-alone-in-the-dark-beginner/practice-exam_20190804/evjohnst18

= Git history ==================================================================
$> git -C /var/folders/41/x774t73d30l5nx1dxyz_knqc0000gp/T/tmpE28STB/user log --pretty='%H - %an, %ad : %s'
ebfb6db078f988d3f179c88ae875395276e4133e - Evan Johnston, Sun Aug 4 16:07:33 2019 -0700 : .
e6b981a8ed9a2866003e676517193647a63cc0c8 - Evan Johnston, Sun Aug 4 16:07:32 2019 -0700 : .
a023956dd6d3c4d44db91b7c2e91cdba13678c3f - Evan Johnston, Sun Aug 4 16:05:30 2019 -0700 : .
83c2edcebc753cc1fbc7035de40c5b3d2dbfb4cd - Evan Johnston, Sun Aug 4 16:03:32 2019 -0700 : .
 
= Collected files ==========================================
$> ls -lAR /var/folders/41/x774t73d30l5nx1dxyz_knqc0000gp/T/tmpE28STB/user
total 8
-rw-r--r--  1 deepthought  deepthought  878 Aug  4 16:09 __GIT_HISTORY
drwxr-xr-x  3 deepthought  deepthought  102 Aug  4 16:09 ft_strcpy
drwxr-xr-x  3 deepthought  deepthought  102 Aug  4 16:09 only_a
drwxr-xr-x  3 deepthought  deepthought  102 Aug  4 16:09 wdmatch

/var/folders/41/x774t73d30l5nx1dxyz_knqc0000gp/T/tmpE28STB/user/ft_strcpy:
total 8
-rw-r--r--  1 deepthought  deepthought  455 Aug  4 16:09 ft_strcpy.c

/var/folders/41/x774t73d30l5nx1dxyz_knqc0000gp/T/tmpE28STB/user/only_a:
total 8
-rw-r--r--  1 deepthought  deepthought  104 Aug  4 16:09 only_a.c

/var/folders/41/x774t73d30l5nx1dxyz_knqc0000gp/T/tmpE28STB/user/wdmatch:
total 8
-rw-r--r--  1 deepthought  deepthought  392 Aug  4 16:09 wdmatch.c
 
= wdmatch ======================================================================
$> gcc -Wextra -Wall -Werror wdmatch.c -o user_exe 

= Test 1 ===================================================
$> ./47lvyz09vrfydp2y1wss2fjq 
$> diff -U 3 user_output_test1 test1.output | cat -e

Diff OK :D
= Test 2 ===================================================
$> ./tngglrh0dnlqpbyfumorpbcm "salut a tous tout le monde"
$> diff -U 3 user_output_test2 test2.output | cat -e

Diff OK :D
= Test 3 ===================================================
$> ./fk91ahhjeosky5y6demjlt2w "salut" "a" "tous" "tout" "le" "monde"
$> diff -U 3 user_output_test3 test3.output | cat -e

Diff OK :D
= Test 4 ===================================================
$> ./p5u13pj4d84heutld0gcqfxt "llo" "helllo"
$> diff -U 3 user_output_test4 test4.output | cat -e

Diff OK :D
= Test 5 ===================================================
$> ./zw90i3ax89qbo6y787exi8xz "UXP7w" "FrJXipwBx0vMH"
$> diff -U 3 user_output_test5 test5.output | cat -e

Diff OK :D
= Test 6 ===================================================
$> ./7c311c2v5352jculm94rm573 "YcAU1WhoN" "BY9ZcpAU1zkWhFoyN"
$> diff -U 3 user_output_test6 test6.output | cat -e

Diff OK :D
= Test 7 ===================================================
$> ./9y5tq0alrbhxo06xy4z4meio "Ubu35H" "CvUbuMZ3wp5c2HD"
$> diff -U 3 user_output_test7 test7.output | cat -e

Diff OK :D
= Test 8 ===================================================
$> ./7co49347nl45k0b70gl7t89u "u" "KPuB"
$> diff -U 3 user_output_test8 test8.output | cat -e

Diff OK :D
= Test 9 ===================================================
$> ./u3pcdlmf49oflvlpyasw2sb6 "JpHxL" "Jp8H0xRLTt"
$> diff -U 3 user_output_test9 test9.output | cat -e

Diff OK :D
= Test 10 ==================================================
$> ./j6m1lrixigy3krgrh11j7jtz "8ai3R" "IXBcVksTiRK0H"
$> diff -U 3 user_output_test10 test10.output | cat -e

Diff OK :D
= Test 11 ==================================================
$> ./17mkvs2nm990259bgrw7pvjk "P6aX" "FLP246pDa7X"
$> diff -U 3 user_output_test11 test11.output | cat -e

Diff OK :D
= Test 12 ==================================================
$> ./xtc5ohr73plwg6pjbgw2hkpw "FdL1g" "fRXzVAKptQCLrmlEGMgHXf"
$> diff -U 3 user_output_test12 test12.output | cat -e

Diff OK :D
= Test 13 ==================================================
$> ./gwkkiy2ple96o3utbltbp309 "1uRQCj" "P1NMuoRQhCt6j"
$> diff -U 3 user_output_test13 test13.output | cat -e

Diff OK :D
= Test 14 ==================================================
$> ./065rz8yg4jgqq9jahm7pj1nw "IeCs" "AfEJCcT0F1kx3RcCfxg6SdnbI"
$> diff -U 3 user_output_test14 test14.output | cat -e

Diff OK :D
= Test 15 ==================================================
$> ./jo1o4tzncu63ajlyll9i7oej "t57eo" "B7MfQm0oO4f1iUsr"
$> diff -U 3 user_output_test15 test15.output | cat -e

Diff OK :D
= Test 16 ==================================================
$> ./39tdthp4ssq08ipzmtq52hx8 "NYG4" "qyNYbGU34R"
$> diff -U 3 user_output_test16 test16.output | cat -e

Diff OK :D
= Test 17 ==================================================
$> ./qlushnnc5x8hqwm9sapn9lhx "ACzUi" "jWqctkDV3Yz6PIBp0JMSum"
$> diff -U 3 user_output_test17 test17.output | cat -e

Diff OK :D
= Test 18 ==================================================
$> ./250ltjkbw511fjzvgqy009mq "qMk" "vqnQMjSkt"
$> diff -U 3 user_output_test18 test18.output | cat -e

Diff OK :D
= Test 19 ==================================================
$> ./sztn9amr0if4rx1rgy5wltf4 "yopC" "dBbiGrLO7x92EPypsMtG"
$> diff -U 3 user_output_test19 test19.output | cat -e

Diff OK :D
= Test 20 ==================================================
$> ./2kyqr052npxwp98cvmok7mmr "y4F6k" "iMKgoqjsHqpfoTEkBW"
$> diff -U 3 user_output_test20 test20.output | cat -e

Diff OK :D
Grade: 1

= Final grade: 1 ===============================================================
