= Host-specific information ====================================================
$> hostname; uname -msr
e1z3r1p5.42.us.org
Darwin 17.5.0 x86_64
$> date
Sun Aug  4 16:44:59 PDT 2019
$> gcc --version
Configured with: --prefix=/Library/Developer/CommandLineTools/usr --with-gxx-include-dir=/usr/include/c++/4.2.1
Apple LLVM version 10.0.0 (clang-1000.10.44.4)
Target: x86_64-apple-darwin17.5.0
Thread model: posix
InstalledDir: /Library/Developer/CommandLineTools/usr/bin
$> clang --version
Apple LLVM version 10.0.0 (clang-1000.10.44.4)
Target: x86_64-apple-darwin17.5.0
Thread model: posix
InstalledDir: /Library/Developer/CommandLineTools/usr/bin

= User files collection ========================================================
Collecting user files from Vogsphere
Repository URL: auto-exam/2019/c-exam-alone-in-the-dark-beginner/practice-exam_20190804/evjohnst20

= Git history ==================================================================
$> git -C /var/folders/6m/q5k5xczs09d1fxj__4t62fk80000gp/T/tmpUWzoiM/user log --pretty='%H - %an, %ad : %s'
65a812505ba0410ff41fb181c057fd2e2dad9ea8 - Evan Johnston, Sun Aug 4 16:43:07 2019 -0700 : .
a66d24ec3e99ca8fa83bd838f48e67270f5a4233 - Evan Johnston, Sun Aug 4 16:41:06 2019 -0700 : .
4823397ff6058adaeadafd20d40fd02e8e532f57 - Evan Johnston, Sun Aug 4 16:41:05 2019 -0700 : .
a1972a0b866295524748d2583269ed53195475a5 - Evan Johnston, Sun Aug 4 16:39:03 2019 -0700 : .
d6347402014bc6b5369c67e173e47e8960c4c697 - Evan Johnston, Sun Aug 4 16:37:01 2019 -0700 : .
3e5214b801a3f28c38152e884e709bdceab999f2 - Evan Johnston, Sun Aug 4 16:35:01 2019 -0700 : .
faf45e613cf1f0fcd7a8b7369a1569be0c401132 - Evan Johnston, Sun Aug 4 16:35:00 2019 -0700 : .
387c440721c8b52e4f72e4938eab35e79e985cf1 - Evan Johnston, Sun Aug 4 16:33:01 2019 -0700 : .
 
= Collected files ==========================================
$> ls -lAR /var/folders/6m/q5k5xczs09d1fxj__4t62fk80000gp/T/tmpUWzoiM/user
total 8
-rw-r--r--  1 deepthought  deepthought  1957 Aug  4 16:45 __GIT_HISTORY
drwxr-xr-x  3 deepthought  deepthought   102 Aug  4 16:45 add_prime_sum
drwxr-xr-x  3 deepthought  deepthought   102 Aug  4 16:45 ft_atoi
drwxr-xr-x  4 deepthought  deepthought   136 Aug  4 16:45 ft_list_foreach
drwxr-xr-x  3 deepthought  deepthought   102 Aug  4 16:45 ft_print_numbers
drwxr-xr-x  3 deepthought  deepthought   102 Aug  4 16:45 ft_strcpy
drwxr-xr-x  3 deepthought  deepthought   102 Aug  4 16:45 options

/var/folders/6m/q5k5xczs09d1fxj__4t62fk80000gp/T/tmpUWzoiM/user/add_prime_sum:
total 8
-rw-r--r--  1 deepthought  deepthought  721 Aug  4 16:45 add_prime_sum.c

/var/folders/6m/q5k5xczs09d1fxj__4t62fk80000gp/T/tmpUWzoiM/user/ft_atoi:
total 8
-rw-r--r--  1 deepthought  deepthought  450 Aug  4 16:45 ft_atoi.c

/var/folders/6m/q5k5xczs09d1fxj__4t62fk80000gp/T/tmpUWzoiM/user/ft_list_foreach:
total 16
-rw-r--r--  1 deepthought  deepthought   102 Aug  4 16:45 ft_list.h
-rw-r--r--  1 deepthought  deepthought  1126 Aug  4 16:45 ft_list_foreach.c

/var/folders/6m/q5k5xczs09d1fxj__4t62fk80000gp/T/tmpUWzoiM/user/ft_print_numbers:
total 8
-rw-r--r--  1 deepthought  deepthought  231 Aug  4 16:45 ft_print_numbers.c

/var/folders/6m/q5k5xczs09d1fxj__4t62fk80000gp/T/tmpUWzoiM/user/ft_strcpy:
total 8
-rw-r--r--  1 deepthought  deepthought  455 Aug  4 16:45 ft_strcpy.c

/var/folders/6m/q5k5xczs09d1fxj__4t62fk80000gp/T/tmpUWzoiM/user/options:
total 8
-rw-r--r--  1 deepthought  deepthought  889 Aug  4 16:45 options.c
 
= options ======================================================================
$> gcc -Wextra -Wall -Werror options.c -o user_exe 

= Test 1 ===================================================
$> ./x74bi4pf834nx59n9ibtgbft 
$> diff -U 3 user_output_test1 test1.output | cat -e

Diff OK :D
= Test 2 ===================================================
$> ./um32cl7lkz9aexw5qqvubjac -abcz -w -ijfek -lildali -pirmakn -apizobouzaguoca
$> diff -U 3 user_output_test2 test2.output | cat -e

Diff OK :D
= Test 3 ===================================================
$> ./8rxsz2y7cc47skywpyzyacfw -z bonjour -cd -e
$> diff -U 3 user_output_test3 test3.output | cat -e

Diff OK :D
= Test 4 ===================================================
$> ./4drvi3udoa58t6vqsiee5sih -a --a
$> diff -U 3 user_output_test4 test4.output | cat -e

Diff OK :D
= Test 5 ===================================================
$> ./c04rarzc4rzyv3wwzvg4bhux -ab% -zd
$> diff -U 3 user_output_test5 test5.output | cat -e

Diff OK :D
= Test 6 ===================================================
$> ./u750di6v71477awsuv31xsxk -abcdefgijklmnopqrstuvwxyz
$> diff -U 3 user_output_test6 test6.output | cat -e

Diff OK :D
= Test 7 ===================================================
$> ./dw6xapp94wehpld52mrmjjks Bonjour
$> diff -U 3 user_output_test7 test7.output | cat -e

Diff OK :D
= Test 8 ===================================================
$> ./3k6q656xv3e4b82j67ab4o9e -
$> diff -U 3 user_output_test8 test8.output | cat -e

Diff OK :D
Grade: 1

= Final grade: 1 ===============================================================
