= Host-specific information ====================================================
$> hostname; uname -msr
e1z1r8p9.42.us.org
Darwin 17.5.0 x86_64
$> date
Sun Aug  4 16:53:07 PDT 2019
$> gcc --version
Configured with: --prefix=/Library/Developer/CommandLineTools/usr --with-gxx-include-dir=/usr/include/c++/4.2.1
Apple LLVM version 9.1.0 (clang-902.0.39.1)
Target: x86_64-apple-darwin17.5.0
Thread model: posix
InstalledDir: /Library/Developer/CommandLineTools/usr/bin
$> clang --version
Apple LLVM version 9.1.0 (clang-902.0.39.1)
Target: x86_64-apple-darwin17.5.0
Thread model: posix
InstalledDir: /Library/Developer/CommandLineTools/usr/bin

= User files collection ========================================================
Collecting user files from Vogsphere
Repository URL: auto-exam/2019/c-exam-alone-in-the-dark-beginner/practice-exam_20190804/evjohnst21

= Git history ==================================================================
$> git -C /var/folders/zk/89_jvw_s28dc_gwf33rf2sb00000gp/T/tmpOMm4_v/user log --pretty='%H - %an, %ad : %s'
84de33bc5ce198177e466451052ed1107423a1ba - Evan Johnston, Sun Aug 4 16:51:16 2019 -0700 : .
4b61e9626fdabc012609ffef6fcb92c6d6d4d84b - Evan Johnston, Sun Aug 4 16:49:14 2019 -0700 : .
e30080c2ca4495696f81e23517293a95c7e95eb8 - Evan Johnston, Sun Aug 4 16:49:13 2019 -0700 : .
f670ea78ce0ce9f613288891762e623b9a417380 - Evan Johnston, Sun Aug 4 16:47:11 2019 -0700 : .
af80cfe232ff3bb565fa7e8248e3084b5c5e6f4c - Evan Johnston, Sun Aug 4 16:45:14 2019 -0700 : .
 
= Collected files ==========================================
$> ls -lAR /var/folders/zk/89_jvw_s28dc_gwf33rf2sb00000gp/T/tmpOMm4_v/user
total 8
-rw-r--r--  1 deepthought  deepthought  1192 Aug  4 16:53 __GIT_HISTORY
drwxr-xr-x  3 deepthought  deepthought   102 Aug  4 16:53 aff_last_param
drwxr-xr-x  3 deepthought  deepthought   102 Aug  4 16:53 first_word
drwxr-xr-x  4 deepthought  deepthought   136 Aug  4 16:53 ft_list_size
drwxr-xr-x  3 deepthought  deepthought   102 Aug  4 16:53 ft_strdup

/var/folders/zk/89_jvw_s28dc_gwf33rf2sb00000gp/T/tmpOMm4_v/user/aff_last_param:
total 8
-rw-r--r--  1 deepthought  deepthought  259 Aug  4 16:53 aff_last_param.c

/var/folders/zk/89_jvw_s28dc_gwf33rf2sb00000gp/T/tmpOMm4_v/user/first_word:
total 8
-rw-r--r--  1 deepthought  deepthought  329 Aug  4 16:53 first_word.c

/var/folders/zk/89_jvw_s28dc_gwf33rf2sb00000gp/T/tmpOMm4_v/user/ft_list_size:
total 16
-rw-r--r--  1 deepthought  deepthought  102 Aug  4 16:53 ft_list.h
-rw-r--r--  1 deepthought  deepthought  606 Aug  4 16:53 ft_list_size.c

/var/folders/zk/89_jvw_s28dc_gwf33rf2sb00000gp/T/tmpOMm4_v/user/ft_strdup:
total 8
-rw-r--r--  1 deepthought  deepthought  346 Aug  4 16:53 ft_strdup.c
 
= ft_list_size =================================================================
$> gcc -Wextra -Wall -Werror ft_list_size.c main.c -o user_exe 

= Test 1 ===================================================
$> ./j8ghz7x2xm3ohoo49i7mcqp5 
$> diff -U 3 user_output_test1 test1.output | cat -e

Diff OK :D
= Test 2 ===================================================
$> ./2ns05ite4rib9bvbdyo3vw11 "c1haxkJsEqF6O5G"
$> diff -U 3 user_output_test2 test2.output | cat -e

Diff OK :D
= Test 3 ===================================================
$> ./oeh9y6uo0wyshlclnvujoovb "q3pKFmi"
$> diff -U 3 user_output_test3 test3.output | cat -e

Diff OK :D
= Test 4 ===================================================
$> ./3nh2zbyv44zdsdolvd3ei28e "q2TQJVCK3j eIdPJ 7z15OebJMqC qn2Twa7RlbGHo RHc7lPwa zqbPSgU JTVg LUivBnpktD"
$> diff -U 3 user_output_test4 test4.output | cat -e

Diff OK :D
= Test 5 ===================================================
$> ./tqyfwo76bb42k9earkyt1ujk "pvxnOAoqKh Kwz4Lvcg2saTM DXnI S57v gNc T5VZEAgoDyqkGs"
$> diff -U 3 user_output_test5 test5.output | cat -e

Diff OK :D
= Test 6 ===================================================
$> ./sexouoe4zneo4gs0gih5kf5w "IbRyUp2rSJ1eMT" "YxNrm" "swaTcfnR8mKQpbW93" "YnNQ" "LF3xuomnOk8ICA" "f0RiUvnFHkr37E" "G69HImKRv3X" "YJMR" "dxl4nz7va" "GJ2zs0UoZYEH" "7gpujGV4KxJQE" "HMxF" "2befcEKJk"
$> diff -U 3 user_output_test6 test6.output | cat -e

Diff OK :D
= Test 7 ===================================================
$> ./iwel1j4rehaoflxzsf4vl6ad "kG1VjH2m" "BgtYVH" "cHM4KFrlo" "B0pjRsNa" "KBHrbJt3" "QXD9LZW5irUthP" "K2id4Pf" "2yzCIJ3qVFikwY" "Z61tAxbkjpc" "r6oaAmqP"
$> diff -U 3 user_output_test7 test7.output | cat -e

Diff OK :D
= Test 8 ===================================================
$> ./sfgtg079jse209alyciweqkq "UXBCdPs5" "LKf" "aidKFVco9386INAL" "9FpdRNDo7MEQcU" "NrZjqUozFl54kc" "z3lbVae1rYF5ZtP" "90P8g" "p5rCfyS6QlvRB1qj" "k6v4eN351RTbfPF" "KD2hpGYiwLIZO" "MJNtcQ" "Wkc6w" "cdPrHhXvwz8ULlGCF"
$> diff -U 3 user_output_test8 test8.output | cat -e

Diff OK :D
= Test 9 ===================================================
$> ./sjovq1gfqso0uipwdymyp5o9 "FlxuwAQDh UyM 82NA59o nKH2R7zcAm0TdgB JtNOFTvg6UQhG Ex0Dse o4glXTOC 4bU1V BGXm 3Hji8A5zYS lh1Ejg SFtl46UeObrmHBA" "O3CHj2d8vtkLY kBDxWgMZ DcKLY64z5sA 167lm5uFwkItR hWK2AewaoNsxfk9m hiqguFEk uQfyd3hr JYhPR Sg5 GiJYkSsq UCeJl6 P7AzDCnyS05qv" "YFfeCg3Q fCeToJIBaU3ryvH VHpfIO5msi SEmsVQvaU yij FHgm7 ZHh 1WQwkYbK gMc2QJIjW5Y8VknKL 5sEwF3D0GjI uqg s5mqNH6 bLserWNwQyi5f CtgWPwRASlj ZOh v4lNTixFGq LGVCFpTzZ2" "jga0I1yTdEi ur07Xd9s528iIV1c C9lLTDw2Mz1j3fY ojH5yzltQOIME S69m5FxfWvgzo 1CVrkcbmd3 Pxrd3ZX7ihjfU4 A5aJxeyDvL"
$> diff -U 3 user_output_test9 test9.output | cat -e

Diff OK :D
= Test 10 ==================================================
$> ./5i4vnjcvn0qam9z4st3qxeo4 "p7ZhXQf bOfehQqg72B X5xjglqb k5jHswZt7Qqe Cujb25cTk0 g7rk a5L7WFYIulqEpQkg YDzt34VCRMQjkIfZ 9RNMHmx H0w hawSHQu GdyQF053DaP V0281x l3or X2bM5W OnXbo03ZyJrH f20p" "dRsHNvVx8jtEqz0 rVvS2wM8aXpchEL pwRUN kct cVI1ntasPC9mX" "5cy9CAgskpOhIvFxZ cAIP izJIZrHGDC 7DkVrOhFUie8tZ FQKYhi4OygW gxN26aXACZd ioGPw2TH1 AHmCa3lkPwz wpSY1U3 zWOSDjI8e h7RLVEBpUM" "zUy2RZAkEYst LslrYqp4bPoEyB fmL8FaYHKxcD4SNoz nOrfy6QlCYidK4 kiAvSn41BC7 lfd0xn p2Xq78oSk5vCnfA BM0dynU97zjV2L8oS YPhfmTWXkEGzpcZqy 9se4C6x WO53jD 1Gcfu GCD1PhrIFo iwj9uMzRpNQtZx BuzcqfWO2jHnGx 85tRjcXoC2lLP4au myrjnUaALYlJkxI8f tkO3iIGD9Kh" "X74BW IhROGZjzT9uKxU L3nZ157k8ETDNmlv AETY H3dMp abkv8nhIsEHuGqBj qnPVofT7jGa iyW 4S5XK l2pgsSN y69uhT1C gIdT" "PH1byj5RQFSimV4fv A4aiM7WDGn U0fsnlgLGu VrmYbz Tnl0APSIRKx UHRWdV05JZvAq 8i1FsRJob6m7aY 6CmrB5SeQITJcE qiUPwtkHhM5IfJ GbavQPnCRHBi9 jo8 hsu otrMkAUCD Wx0 BiWZDNs86apJ1" "yqDWo hE95nmCo8GYF Cfv8zlS 4Xkyf0NK1QLO53Doj 4RQgnq2mhY5 NlAM2wtJpVGn3 4Z6bW scfEOaDix1JWSm5C Gcpva0q9zFXg 0eE" "2b9Ixty4mTMGXkDRS Y2vN 5Z3yDetsx 9pDoge ylPrSDjgA3LC T26 EUNI0QSyB 5eHymspdRBPhG YZ6g315mQf LiqdAgXGrYyRDfOh WF6f28Aj94tSn qgJtFU3OxTNWb69uB OTAzGca fKn1WmcQ9etYjGl" "IOQ6pel2SRMJ DzkRqj lz2pdI mYrKX4dyBJc x36VnNk WzSlhkDZx3P6 2vcSQNhmZxXlIFC C2ZwbXyYA GqpD 5roKX2a1ycB4zmWG DaE"
$> diff -U 3 user_output_test10 test10.output | cat -e

Diff OK :D
= Test 11 ==================================================
$> ./vlqq1512v4kfelkhpbun9i0s "8Naqtk9Y7mBMIToLh gUB3jPd VQlCzI4dZMUowrhc CoSgwZdh lFCmtY p9zb6uUeoBLadQ G5mCQs" "NOYR JgDVpd38Be 3PF O59yNQ7Hv6K2FBPs LNydhEZr0C D8vajqdQtmcMgX NI6nkij41bhGsy9 4Lf hdH T9W swVei78 qYwd oI5G9bmTnH7zu x0pFQCI Qi3LI aYwnUh9 0Rwksyhq 8tJFP" "3inEMP0WJdwsmxD EDimLv7qwU5FbAQVt Wu8H5poSqNfQ Jtd43ko2mUWsjzQ gcAKs7NEFr6Vp ixpwuQsISm byUd5SO3kCF" "NaxESMOk7YLhZBG NJnaGUQPdp27ED qYfW5zp3KCrVd6m CNfwJantPi4Ar BAaNP5iT jy92wA lmXhPR6AHIu Ule7 94Pnj eGQWnqbmA0rJhR z0e2Zd5bGAJs PH0 BO0T3u QTELvYoNxnsdq9F4 hqoC oEwGz4g2njxu OSTJ"
$> diff -U 3 user_output_test11 test11.output | cat -e

Diff OK :D
Grade: 1

= Final grade: 1 ===============================================================
