= Host-specific information ====================================================
$> hostname; uname -msr
e1z3r3p22.42.us.org
Darwin 17.4.0 x86_64
$> date
Thu Aug  1 21:09:16 PDT 2019
$> gcc --version
Configured with: --prefix=/Library/Developer/CommandLineTools/usr --with-gxx-include-dir=/usr/include/c++/4.2.1
Apple LLVM version 9.1.0 (clang-902.0.39.1)
Target: x86_64-apple-darwin17.4.0
Thread model: posix
InstalledDir: /Library/Developer/CommandLineTools/usr/bin
$> clang --version
Apple LLVM version 9.1.0 (clang-902.0.39.1)
Target: x86_64-apple-darwin17.4.0
Thread model: posix
InstalledDir: /Library/Developer/CommandLineTools/usr/bin

= User files collection ========================================================
Collecting user files from Vogsphere
Repository URL: auto-exam/2019/c-exam-alone-in-the-dark-intermediate/practice-exam_20190802/evjohnst4

= Git history ==================================================================
$> git -C /var/folders/wj/2mbppcl95gv5t7cssvgwrwp00000gp/T/tmp4pG1A6/user log --pretty='%H - %an, %ad : %s'
13b97faf8969e3b794033b39c0340399a4fa2e5a - Evan Johnston, Thu Aug 1 21:07:23 2019 -0700 : .
16dc5529c39cb76414cf7b5a293fc2e72f48f658 - Evan Johnston, Thu Aug 1 21:07:21 2019 -0700 : .
7496f49c03bf22045e23b87dc13c2f687b541d59 - Evan Johnston, Thu Aug 1 21:05:21 2019 -0700 : .
e5601296f75ec5111c4120ccdf3696b5413afddb - Evan Johnston, Thu Aug 1 21:05:19 2019 -0700 : .
e3627948bd8192a3b3847756ada1d5333398c646 - Evan Johnston, Thu Aug 1 21:03:19 2019 -0700 : .
1cdba91b96994561ba0fc89ef218df6010b6801e - Evan Johnston, Thu Aug 1 21:03:05 2019 -0700 : .
 
= Collected files ==========================================
$> ls -lAR /var/folders/wj/2mbppcl95gv5t7cssvgwrwp00000gp/T/tmp4pG1A6/user
total 8
-rw-r--r--  1 deepthought  deepthought  1449 Aug  1 21:09 __GIT_HISTORY
drwxr-xr-x  3 deepthought  deepthought   102 Aug  1 21:09 can_split
drwxr-xr-x  3 deepthought  deepthought   102 Aug  1 21:09 count_alpha
drwxr-xr-x  3 deepthought  deepthought   102 Aug  1 21:09 is_anagram
drwxr-xr-x  3 deepthought  deepthought   102 Aug  1 21:09 reverse_tree

/var/folders/wj/2mbppcl95gv5t7cssvgwrwp00000gp/T/tmp4pG1A6/user/can_split:
total 8
-rw-r--r--  1 deepthought  deepthought  1945 Aug  1 21:09 can_split.c

/var/folders/wj/2mbppcl95gv5t7cssvgwrwp00000gp/T/tmp4pG1A6/user/count_alpha:
total 8
-rw-r--r--  1 deepthought  deepthought  602 Aug  1 21:09 count_alpha.c

/var/folders/wj/2mbppcl95gv5t7cssvgwrwp00000gp/T/tmp4pG1A6/user/is_anagram:
total 8
-rw-r--r--  1 deepthought  deepthought  777 Aug  1 21:09 is_anagram.c

/var/folders/wj/2mbppcl95gv5t7cssvgwrwp00000gp/T/tmp4pG1A6/user/reverse_tree:
total 8
-rw-r--r--  1 deepthought  deepthought  1641 Aug  1 21:09 reverse_tree.c
 
= can_split ====================================================================
$> gcc -Wextra -Wall -Werror can_split.c main.c -o user_exe 

= Test 1 ===================================================
$> ./5vs3ycvmno5r6pglwrr8cww5 NNENNEENN
$> diff -U 3 user_output_test1 test1.output | cat -e

Diff OK :D
= Test 2 ===================================================
$> ./1xlrct2fcxc4d4rjb4t2dx8u NNN
$> diff -U 3 user_output_test2 test2.output | cat -e

Diff OK :D
= Test 3 ===================================================
$> ./to4p600jn4naugyf88ce3ofb NNNNEN
$> diff -U 3 user_output_test3 test3.output | cat -e

Diff OK :D
= Test 4 ===================================================
$> ./zdd8lolh8nf208obpuu70lut NEN
$> diff -U 3 user_output_test4 test4.output | cat -e

Diff OK :D
= Test 5 ===================================================
$> ./sfx97eoj06htzaial0fk0lvh N
$> diff -U 3 user_output_test5 test5.output | cat -e

Diff OK :D
= Test 6 ===================================================
$> ./pjm6etoelrn2mahr1uzsb385 E
$> diff -U 3 user_output_test6 test6.output | cat -e

Diff OK :D
= Test 7 ===================================================
$> ./phil07ud5tz5b64goyiwtp59 NNNEENNEEEENNEN
$> diff -U 3 user_output_test7 test7.output | cat -e

Diff OK :D
= Test 8 ===================================================
$> ./g3ofdhicb2notq9y6o2sgg0e NNNEENNEEEENNENEEEEEEEENN
$> diff -U 3 user_output_test8 test8.output | cat -e

Diff OK :D
= Test 9 ===================================================
$> ./e86cxu78aj40vwlil5almt13 NENEEENEEEEEEEN
$> diff -U 3 user_output_test9 test9.output | cat -e

Diff OK :D
= Test 10 ==================================================
$> ./8tinr34xxiie50ybkrndpebr 13 4
$> diff -U 3 user_output_test10 test10.output | cat -e

Diff OK :D
= Test 11 ==================================================
$> ./ruj1obyi3mzaquyw0g6eblkd 1000 4
$> diff -U 3 user_output_test11 test11.output | cat -e

Diff OK :D
= Test 12 ==================================================
$> ./xbx1mm76vh51olf3v2bf3lxp 250000 90
$> diff -U 3 user_output_test12 test12.output | cat -e

Diff OK :D
= Test 13 ==================================================
$> ./fnhps2gbemkyaios9o0o8lli 10001 29 1
$> diff -U 3 user_output_test13 test13.output | cat -e

Diff OK :D
Grade: 1

= Final grade: 1 ===============================================================
