= Host-specific information ====================================================
$> hostname; uname -msr
e1z2r9p45.42.us.org
Darwin 17.7.0 x86_64
$> date
Mon Sep  2 11:37:05 PDT 2019
$> gcc --version
Configured with: --prefix=/Library/Developer/CommandLineTools/usr --with-gxx-include-dir=/usr/include/c++/4.2.1
Apple LLVM version 10.0.0 (clang-1000.10.44.4)
Target: x86_64-apple-darwin17.7.0
Thread model: posix
InstalledDir: /Library/Developer/CommandLineTools/usr/bin
$> clang --version
Apple LLVM version 10.0.0 (clang-1000.10.44.4)
Target: x86_64-apple-darwin17.7.0
Thread model: posix
InstalledDir: /Library/Developer/CommandLineTools/usr/bin

= User files collection ========================================================
Collecting user files from Vogsphere
Repository URL: auto-exam/2019/c-exam-alone-in-the-dark-beginner/practice-exam_20190902/evjohnst12

= Git history ==================================================================
$> git -C /var/folders/cj/0g3dtcld3l3c9kg_6lprqmdc0000gp/T/tmpW9IMJr/user log --pretty='%H - %an, %ad : %s'
6de9abd7ecb9b1f4ec7a13e98390420f3cf3e9a7 - Evan Johnston, Mon Sep 2 11:35:13 2019 -0700 : .
85021ddf7aa7e28f67797b206c45635039770828 - Evan Johnston, Mon Sep 2 11:35:00 2019 -0700 : .
 
= Collected files ==========================================
$> ls -lAR /var/folders/cj/0g3dtcld3l3c9kg_6lprqmdc0000gp/T/tmpW9IMJr/user
total 8
-rw-r--r--  1 deepthought  deepthought  448 Sep  2 11:37 __GIT_HISTORY
drwxr-xr-x  3 deepthought  deepthought  102 Sep  2 11:37 only_z
drwxr-xr-x  3 deepthought  deepthought  102 Sep  2 11:37 search_and_replace

/var/folders/cj/0g3dtcld3l3c9kg_6lprqmdc0000gp/T/tmpW9IMJr/user/only_z:
total 8
-rw-r--r--  1 deepthought  deepthought  104 Sep  2 11:37 only_z.c

/var/folders/cj/0g3dtcld3l3c9kg_6lprqmdc0000gp/T/tmpW9IMJr/user/search_and_replace:
total 8
-rw-r--r--  1 deepthought  deepthought  427 Sep  2 11:37 search_and_replace.c
 
= search_and_replace ===========================================================
$> gcc -Wextra -Wall -Werror search_and_replace.c -o user_exe 

= Test 1 ===================================================
$> ./xampr9p8zg8dnbozf0ptinai 
$> diff -U 3 user_output_test1 test1.output | cat -e

Diff OK :D
= Test 2 ===================================================
$> ./eopl3b31xb238xwy98s28ai5 
$> diff -U 3 user_output_test2 test2.output | cat -e

Diff OK :D
= Test 3 ===================================================
$> ./04gc0l285x7cmcmvv9k55v7k "oiIwtQqv65Zxrcsf"
$> diff -U 3 user_output_test3 test3.output | cat -e

Diff OK :D
= Test 4 ===================================================
$> ./k7lj2pznh9q1t91arlz9d2z0 " 	0AilV0RGQf9CdSczEB		aDV1Rmy5w7XjFEPth,OxKnfLzFEbpwJ8SM	52m8ROb=bl7 XsDEL 	3iTsW  ;xKYqWvurgENLm		Jrlx 	f4uiOH1WUQn30sN	3P745WsQLtIohDYVpK;" "s" "M"
$> diff -U 3 user_output_test4 test4.output | cat -e

Diff OK :D
= Test 5 ===================================================
$> ./axfoeuzegh58gyuuigd8hly6 ",9Gya0I	6wSqXFYekVl7vjQRbg  ,AihZJtTl1YmSvx5@DyEKLt	0YRBP7cCKp2S0bM   " "h" "y"
$> diff -U 3 user_output_test5 test5.output | cat -e

Diff OK :D
= Test 6 ===================================================
$> ./4kmufa8p61z4sigwg5408ixx "	<LSkThe @hf6J8wOrSmX3MPyKx," "a" "F"
$> diff -U 3 user_output_test6 test6.output | cat -e

Diff OK :D
= Test 7 ===================================================
$> ./05j04drmyb9maknxexnlnn0j " 			YZexCKRUwbFaGJq,1Od-jK0mOLtN	1bO0SVmp4c7j63YDJ*OK5haWcrx1ZdGQ0VKIk6wiX(uNbQ5Wg ;6XYkE5ZOjgid 4d8CBUtGDXYmh0Rqk?BaEH	46CWIuvY9L>YGJvT8Xzd	-Y4cm1WlNRr<Pok	5wPDQuV(bXx1?HQu5S8qDr4HKkVFchW6 kVumv4NOc 	 aJ7  	)" "U" "x"
$> diff -U 3 user_output_test7 test7.output | cat -e

Diff OK :D
= Test 8 ===================================================
$> ./9tdv69kvyj7yvbvt4r4xi4n0 " 1PyhvXD@hSKsYEOC8v 	:xTzDfEkXF0KNQB?AKXMRt.nyhzM98AUvL46Rd7>b467gENuD7OQ8TjlZvWkdy	 		" "q" "i"
$> diff -U 3 user_output_test8 test8.output | cat -e

Diff OK :D
= Test 9 ===================================================
$> ./ucery0ce5rncw7o8h9x5wvxz ")VwnzsW4cXY	6nYtPHI		SL1QubUHqzIiOr	764eMNwyRO198Ffc.Gi2gzTDjqAWZLC+kfcMm<oO5gUkc411tD2RlcZOh0qkn7@zlotg91JN4anGmREM (" "i" "m"
$> diff -U 3 user_output_test9 test9.output | cat -e

Diff OK :D
= Test 10 ==================================================
$> ./0kderaxb5m3z5wm65vf1v6w5 " @bTUJlY<gRN>EPNYnZ3Wb4gIH2LtF.bw5zfXHIQ;CYR	q5hfoFEcNv9xPb @H8K+sHUL6JRur2yF /RkG7UFiKdO Gc7OpkCYmT	=mQtnqXi		CZm1xFi4sAETyIJK*rvwnIO7ZRTX5L(i6xSe	:aN6JKXfl 	0w9T9ytO5DsIG0ilaKU6@5bJSe4LfKFjwq		>yFwk1m9Ch8wO 0" "w" "M"
$> diff -U 3 user_output_test10 test10.output | cat -e

Diff OK :D
= Test 11 ==================================================
$> ./upotuq4nncg4n6ua7gy0iq1i "@rkPj6Tx5afXE	QkTux5aB7bXjz2U?L9b;HOletQT:0dMFC	:Rsl714<S9KUNBftdP4Hsac4OLX9KCNM6oE<CfF2UEG6abO1=C6ftw4mVdN(PGL7+ZejDaUczEA		3d9tU0gFomz 	BTiVY+HmEJ6v0MKF JcDiCaGIB*lrtCPebyBY*0jFYu MJOSuzyT .47Usm0)" "w" "W"
$> diff -U 3 user_output_test11 test11.output | cat -e

Diff OK :D
= Test 12 ==================================================
$> ./qsrtmte5gtc75551mkfge5ff "		 *0qoUwE?a0mhbBxSze6(o7nAIbGgdFEcXLfO00oy4iNTlbB6WKJR	8riBclC 1wXgUsl7HzRvxZVa;WU4vklBi2n9458T		kLlcQo	1fVOJghGpbSUN5QFK/cUxF4ehva86H<KtjF521HXvsZCaloh6OGjIe0lnCr2*pbvcM	*PZeI9T-LY7WtX 		 	kR95IqXYrm,YwCNDGP9SV;HE3g8MD6vdzrbWw<D0K		)" "x" "L"
$> diff -U 3 user_output_test12 test12.output | cat -e

Diff OK :D
= Test 13 ==================================================
$> ./1k3i0zru3n8husajetfa27t2 ".5270O1Hi6MA01qFxe4Wyt768J7Yy6VihUF@rOHwKUuqSs		tWAOQf	3fEoRKLbZMVyI1WA(rENURJIaHv12QRgPyJp0dsKv 		 04E *2Sc76IlLv3os5kR52D76vdC2NIptvgVHYQ ;94BZjrEkCwWgP65p2pz3G:QD2SkqFNLHWGeap,TB2tC)aGcZC6Ul	(IPOvXcEVLldH,1Qz3dfB4-" "K" "S"
$> diff -U 3 user_output_test13 test13.output | cat -e

Diff OK :D
= Test 14 ==================================================
$> ./ztyd6cnvz4sb3tr8mcqpo350 "	8DPET4Qv8AsVRaJ0ch1riGojBsqJ0 " "Y" "z"
$> diff -U 3 user_output_test14 test14.output | cat -e

Diff OK :D
= Test 15 ==================================================
$> ./yecwd4n1d50o5fzj46tbs8eh " )f6gFK0bISnRMAJ :CHXOGVnbSk3-dOn3yja4CesQ	7wW13ZLrNFEM5Sd2Xa	 	" "A" "K"
$> diff -U 3 user_output_test15 test15.output | cat -e

Diff OK :D
= Test 16 ==================================================
$> ./i6niiwgvlb5ituiegae4wu76 " 5zRO	*Fd8ybucYZNKn9U2v	43Rp94s 2kp QZU0GzCpYws-uUP9kmpODVZq 	 5" "o" "K"
$> diff -U 3 user_output_test16 test16.output | cat -e

Diff OK :D
= Test 17 ==================================================
$> ./rpdo8ztinkxfz19rm6rgg4of "8mseLIc+5Fumj @sAoahpENy2vlD7nu	+Kby	8fj45KLeEuwTX9y9DUkB8epV(34D1hpdikazfcQr@N3wt6x0GP7FjU-iQ75d2-zLPB6hnD13uCYbef	>irOg5E4JkRwxLA	:" "D" "O"
$> diff -U 3 user_output_test17 test17.output | cat -e

Diff OK :D
= Test 18 ==================================================
$> ./26x1wj82ax8iabgpj9oduznq " b0KDCQ	d3GcCeOWniPR0A  " "D" "v"
$> diff -U 3 user_output_test18 test18.output | cat -e

Diff OK :D
= Test 19 ==================================================
$> ./zj94mkafzu78vdiw4wk08zra "=5itYORrcK:W6uUV4	6XIpvc7	0kNhQCxV	,NGo8 	@0J8pD529wkmR7WQ ,wTyheDib21EgnYz	62Pit0z5GMql4D3NphqA<Bl4MHGjPknW  	>k4zWbcuawK)LeQ24Uf:yuQKLP2-i9FMm6kxELA6gQ8,7fhsM+" "g" "Y"
$> diff -U 3 user_output_test19 test19.output | cat -e

Diff OK :D
= Test 20 ==================================================
$> ./n98wcttrgakgf399vq5l6h53 "6LPedrx<" "t" "u"
$> diff -U 3 user_output_test20 test20.output | cat -e

Diff OK :D
Grade: 1

= Final grade: 1 ===============================================================
