= Host-specific information ====================================================
$> hostname; uname -msr
e1z2r2p13.42.us.org
Darwin 17.2.0 x86_64
$> date
Sun Sep  1 15:03:25 PDT 2019
$> gcc --version
Configured with: --prefix=/Library/Developer/CommandLineTools/usr --with-gxx-include-dir=/usr/include/c++/4.2.1
Apple LLVM version 9.1.0 (clang-902.0.39.2)
Target: x86_64-apple-darwin17.2.0
Thread model: posix
InstalledDir: /Library/Developer/CommandLineTools/usr/bin
$> clang --version
Apple LLVM version 9.1.0 (clang-902.0.39.2)
Target: x86_64-apple-darwin17.2.0
Thread model: posix
InstalledDir: /Library/Developer/CommandLineTools/usr/bin

= User files collection ========================================================
Collecting user files from Vogsphere
Repository URL: auto-exam/2019/c-exam-alone-in-the-dark-beginner/practice-exam_20190901/evjohnst7

= Git history ==================================================================
$> git -C /var/folders/bk/h1m8wccx5qz6lyxpql3xdz500000gp/T/tmpCpXJiZ/user log --pretty='%H - %an, %ad : %s'
228bf9c72874627d4266b089ee29805fac4a3418 - Evan Johnston, Sun Sep 1 15:01:35 2019 -0700 : .
c1dd65c13e90be6b0f638b098b9a56e0ae343b91 - Evan Johnston, Sun Sep 1 15:01:34 2019 -0700 : .
4c7f532ee5b29c07a2d707825383191ae73aa80a - Evan Johnston, Sun Sep 1 14:59:33 2019 -0700 : .
7fba182b5498488c38bebc45141d39c8882097a1 - Evan Johnston, Sun Sep 1 14:57:29 2019 -0700 : .
69888314fa107480f3ae41edaa353b1c1e497297 - Evan Johnston, Sun Sep 1 14:55:29 2019 -0700 : .
08807666d218ddbf8a474ab0b0c9d9094b9a0d38 - Evan Johnston, Sun Sep 1 14:55:28 2019 -0700 : .
f58adb6daa31ea3ea03e4d9ee7b89d9a55d6a2f8 - Evan Johnston, Sun Sep 1 14:53:26 2019 -0700 : .
8b4a35acb0439848d290c3deaf5ba18abfe2625e - Evan Johnston, Sun Sep 1 14:51:23 2019 -0700 : .
f49accc83b4bfebf6624d88a3ad3a120a9a20ccc - Evan Johnston, Sun Sep 1 14:49:22 2019 -0700 : .
7db76743be1faa196d75d20719d429df4e1b6c57 - Evan Johnston, Sun Sep 1 14:47:19 2019 -0700 : .
c09046c614341106efebc1077863189caf9af1d2 - Evan Johnston, Sun Sep 1 14:45:18 2019 -0700 : .
 
= Collected files ==========================================
$> ls -lAR /var/folders/bk/h1m8wccx5qz6lyxpql3xdz500000gp/T/tmpCpXJiZ/user
total 8
-rw-r--r--  1 deepthought  deepthought  2485 Sep  1 15:03 __GIT_HISTORY
drwxr-xr-x  3 deepthought  deepthought   102 Sep  1 15:03 fprime
drwxr-xr-x  3 deepthought  deepthought   102 Sep  1 15:03 ft_countdown
drwxr-xr-x  3 deepthought  deepthought   102 Sep  1 15:03 ft_itoa_base
drwxr-xr-x  3 deepthought  deepthought   102 Sep  1 15:03 ft_range
drwxr-xr-x  3 deepthought  deepthought   102 Sep  1 15:03 ft_strdup
drwxr-xr-x  3 deepthought  deepthought   102 Sep  1 15:03 ft_swap

/var/folders/bk/h1m8wccx5qz6lyxpql3xdz500000gp/T/tmpCpXJiZ/user/fprime:
total 8
-rw-r--r--  1 deepthought  deepthought  608 Sep  1 15:03 fprime.c

/var/folders/bk/h1m8wccx5qz6lyxpql3xdz500000gp/T/tmpCpXJiZ/user/ft_countdown:
total 8
-rw-r--r--  1 deepthought  deepthought  116 Sep  1 15:03 ft_countdown.c

/var/folders/bk/h1m8wccx5qz6lyxpql3xdz500000gp/T/tmpCpXJiZ/user/ft_itoa_base:
total 8
-rw-r--r--  1 deepthought  deepthought  1678 Sep  1 15:03 ft_itoa_base.c

/var/folders/bk/h1m8wccx5qz6lyxpql3xdz500000gp/T/tmpCpXJiZ/user/ft_range:
total 8
-rw-r--r--  1 deepthought  deepthought  794 Sep  1 15:03 ft_range.c

/var/folders/bk/h1m8wccx5qz6lyxpql3xdz500000gp/T/tmpCpXJiZ/user/ft_strdup:
total 8
-rw-r--r--  1 deepthought  deepthought  346 Sep  1 15:03 ft_strdup.c

/var/folders/bk/h1m8wccx5qz6lyxpql3xdz500000gp/T/tmpCpXJiZ/user/ft_swap:
total 8
-rw-r--r--  1 deepthought  deepthought  103 Sep  1 15:03 ft_swap.c
 
= ft_itoa_base =================================================================
$> gcc -Wextra -Wall -Werror ft_itoa_base.c main.c -o user_exe 

= Test 1 ===================================================
$> ./w23wm56ap3c7awo99w6oa4dq "2147483647" "10"
$> diff -U 3 user_output_test1 test1.output | cat -e

Diff OK :D
= Test 2 ===================================================
$> ./poauto5sycrl15t8wweog1ml "-2147483648" "2"
$> diff -U 3 user_output_test2 test2.output | cat -e

Diff OK :D
= Test 3 ===================================================
$> ./xger1gemivxc8p52b3rth8ch "0" "2"
$> diff -U 3 user_output_test3 test3.output | cat -e

Diff OK :D
= Test 4 ===================================================
$> ./we2b11fdernwj2o04cqkimjq "895130849" "15"
$> diff -U 3 user_output_test4 test4.output | cat -e

Diff OK :D
= Test 5 ===================================================
$> ./lq1mry3wjuj8fhzqpt6ft8dl "60089996" "10"
$> diff -U 3 user_output_test5 test5.output | cat -e

Diff OK :D
= Test 6 ===================================================
$> ./q752cpanv9lswl5ttciehu2z "394165640" "5"
$> diff -U 3 user_output_test6 test6.output | cat -e

Diff OK :D
= Test 7 ===================================================
$> ./ga8tzvpnup9fuoqi6j1ptn60 "569629084" "13"
$> diff -U 3 user_output_test7 test7.output | cat -e

Diff OK :D
= Test 8 ===================================================
$> ./bsdxrdz5wqbgp3x8t1xeqy2j "1273214009" "6"
$> diff -U 3 user_output_test8 test8.output | cat -e

Diff OK :D
= Test 9 ===================================================
$> ./g5yl2ct2s9oqqmdl5pqookdg "706802331" "9"
$> diff -U 3 user_output_test9 test9.output | cat -e

Diff OK :D
= Test 10 ==================================================
$> ./cf0kufudi2th6pn9pbrtoe9g "1446094321" "5"
$> diff -U 3 user_output_test10 test10.output | cat -e

Diff OK :D
= Test 11 ==================================================
$> ./2a4z2mocy757p90m979o77cz "1089535356" "16"
$> diff -U 3 user_output_test11 test11.output | cat -e

Diff OK :D
= Test 12 ==================================================
$> ./6ux7ommmdsec5erbd1lip3ag "766218445" "16"
$> diff -U 3 user_output_test12 test12.output | cat -e

Diff OK :D
= Test 13 ==================================================
$> ./lw5hyz9ql825f0lnpv71xt93 "367332640" "14"
$> diff -U 3 user_output_test13 test13.output | cat -e

Diff OK :D
= Test 14 ==================================================
$> ./s673jozp7z8a7x50oatkbskn "1309075542" "9"
$> diff -U 3 user_output_test14 test14.output | cat -e

Diff OK :D
= Test 15 ==================================================
$> ./u245lxi4xr17vgk46j5m3o4i "531815363" "11"
$> diff -U 3 user_output_test15 test15.output | cat -e

Diff OK :D
= Test 16 ==================================================
$> ./dt716s8nt7owa6h20agrytk3 "1375188724" "6"
$> diff -U 3 user_output_test16 test16.output | cat -e

Diff OK :D
= Test 17 ==================================================
$> ./t0xspv6begr263tkzti1n6ng "-196450386" "11"
$> diff -U 3 user_output_test17 test17.output | cat -e

Diff OK :D
= Test 18 ==================================================
$> ./7i2vupvm71jnsyzaozoud58l "265872944" "8"
$> diff -U 3 user_output_test18 test18.output | cat -e

Diff OK :D
= Test 19 ==================================================
$> ./dicis18ydg4s3tuy9ahu8rbg "941569451" "7"
$> diff -U 3 user_output_test19 test19.output | cat -e

Diff OK :D
= Test 20 ==================================================
$> ./72s4wsallkpdi3mlcc99pygc "1470133581" "10"
$> diff -U 3 user_output_test20 test20.output | cat -e

Diff OK :D
Grade: 1

= Final grade: 1 ===============================================================
