= Host-specific information ====================================================
$> hostname; uname -msr
e1z3r7p18.42.us.org
Darwin 17.4.0 x86_64
$> date
Sun Aug  4 16:16:31 PDT 2019
$> gcc --version
Configured with: --prefix=/Library/Developer/CommandLineTools/usr --with-gxx-include-dir=/usr/include/c++/4.2.1
Apple LLVM version 9.1.0 (clang-902.0.39.1)
Target: x86_64-apple-darwin17.4.0
Thread model: posix
InstalledDir: /Library/Developer/CommandLineTools/usr/bin
$> clang --version
Apple LLVM version 9.1.0 (clang-902.0.39.1)
Target: x86_64-apple-darwin17.4.0
Thread model: posix
InstalledDir: /Library/Developer/CommandLineTools/usr/bin

= User files collection ========================================================
Collecting user files from Vogsphere
Repository URL: auto-exam/2019/c-exam-alone-in-the-dark-beginner/practice-exam_20190804/evjohnst18

= Git history ==================================================================
$> git -C /var/folders/50/tzykcr2n3d3f5skz4kxlcy340000gp/T/tmp8P8eim/user log --pretty='%H - %an, %ad : %s'
e8de9d4533f493a1c3fc76795a7674d65beea1d9 - Evan Johnston, Sun Aug 4 16:09:44 2019 -0700 : .
ebfb6db078f988d3f179c88ae875395276e4133e - Evan Johnston, Sun Aug 4 16:07:33 2019 -0700 : .
e6b981a8ed9a2866003e676517193647a63cc0c8 - Evan Johnston, Sun Aug 4 16:07:32 2019 -0700 : .
a023956dd6d3c4d44db91b7c2e91cdba13678c3f - Evan Johnston, Sun Aug 4 16:05:30 2019 -0700 : .
83c2edcebc753cc1fbc7035de40c5b3d2dbfb4cd - Evan Johnston, Sun Aug 4 16:03:32 2019 -0700 : .
 
= Collected files ==========================================
$> ls -lAR /var/folders/50/tzykcr2n3d3f5skz4kxlcy340000gp/T/tmp8P8eim/user
total 8
-rw-r--r--  1 deepthought  deepthought  1097 Aug  4 16:16 __GIT_HISTORY
drwxr-xr-x  3 deepthought  deepthought   102 Aug  4 16:16 ft_strcpy
drwxr-xr-x  3 deepthought  deepthought   102 Aug  4 16:16 lcm
drwxr-xr-x  3 deepthought  deepthought   102 Aug  4 16:16 only_a
drwxr-xr-x  3 deepthought  deepthought   102 Aug  4 16:16 wdmatch

/var/folders/50/tzykcr2n3d3f5skz4kxlcy340000gp/T/tmp8P8eim/user/ft_strcpy:
total 8
-rw-r--r--  1 deepthought  deepthought  455 Aug  4 16:16 ft_strcpy.c

/var/folders/50/tzykcr2n3d3f5skz4kxlcy340000gp/T/tmp8P8eim/user/lcm:
total 8
-rw-r--r--  1 deepthought  deepthought  396 Aug  4 16:16 lcm.c

/var/folders/50/tzykcr2n3d3f5skz4kxlcy340000gp/T/tmp8P8eim/user/only_a:
total 8
-rw-r--r--  1 deepthought  deepthought  104 Aug  4 16:16 only_a.c

/var/folders/50/tzykcr2n3d3f5skz4kxlcy340000gp/T/tmp8P8eim/user/wdmatch:
total 8
-rw-r--r--  1 deepthought  deepthought  392 Aug  4 16:16 wdmatch.c
 
= lcm ==========================================================================
$> gcc -Wextra -Wall -Werror main.c lcm.c -o user_exe 

= Test 1 ===================================================
$> ./occ8q6y2h6mu7j73ak6ooqer 132 72
$> diff -U 3 user_output_test1 test1.output | cat -e

Diff OK :D
= Test 2 ===================================================
$> ./j5sk6ng0izlwfmeck5o2z9au 54 45
$> diff -U 3 user_output_test2 test2.output | cat -e

Diff OK :D
= Test 3 ===================================================
$> ./zs2j1vmuklm1f8lwxam8lzqx 13 2
$> diff -U 3 user_output_test3 test3.output | cat -e

Diff OK :D
= Test 4 ===================================================
$> ./96wsg6nz21ltxs02cktyu6jj 41 4
$> diff -U 3 user_output_test4 test4.output | cat -e

Diff OK :D
= Test 5 ===================================================
$> ./f4mbudr3swgo9trqeo2xs2gd 0 1
$> diff -U 3 user_output_test5 test5.output | cat -e

Diff OK :D
= Test 6 ===================================================
$> ./e2mt5vxcamcnpmbcosw0appu 1 0
$> diff -U 3 user_output_test6 test6.output | cat -e

Diff OK :D
= Test 7 ===================================================
$> ./h3d2d7an1ts43gngdgk8godg 67 15
$> diff -U 3 user_output_test7 test7.output | cat -e

Diff OK :D
= Test 8 ===================================================
$> ./38djl2jf6u3viozixfozc3sz 89 74
$> diff -U 3 user_output_test8 test8.output | cat -e

Diff OK :D
Grade: 1

= Final grade: 1 ===============================================================
